<?xml version="1.0" encoding="utf-8"?><testsuites name="pytest tests"><testsuite name="pytest" errors="0" failures="0" skipped="0" tests="6" time="2.453" timestamp="2026-08-21T11:33:17.762570+00:00" hostname="agent-env-cb57c2dc-66e0-464d-897d-463c5d334528"><testcase classname="tests.test_aliko_portal_flow" name="test_register_success_and_customer_persisted" time="0.471" /><testcase classname="tests.test_aliko_portal_flow" name="test_orders_endpoint_returns_three_orders_with_correct_flags" time="0.114" /><testcase classname="tests.test_aliko_portal_flow" name="test_write_review_on_delivered_order" time="0.401" /><testcase classname="tests.test_aliko_portal_flow" name="test_second_review_on_same_order_returns_409" time="0.258" /><testcase classname="tests.test_aliko_portal_flow" name="test_review_on_pending_order_rejected" time="0.218" /><testcase classname="tests.test_aliko_portal_flow" name="test_login_after_register_returns_valid_token" time="0.489" /></testsuite></testsuites>