<?xml version="1.0" encoding="utf-8"?><testsuites name="pytest tests"><testsuite name="pytest" errors="0" failures="0" skipped="0" tests="3" time="0.409" timestamp="2026-08-23T11:31:52.892381+00:00" hostname="agent-env-cb57c2dc-66e0-464d-897d-463c5d334528"><testcase classname="tests.test_bulk_restore" name="test_bulk_restore_empty" time="0.004" /><testcase classname="tests.test_bulk_restore" name="test_bulk_restore_moves_to_active" time="0.034" /><testcase classname="tests.test_bulk_restore" name="test_bulk_delete_permanent" time="0.024" /></testsuite></testsuites>