<?xml version="1.0" encoding="utf-8"?><testsuites name="pytest tests"><testsuite name="pytest" errors="0" failures="0" skipped="0" tests="6" time="1.874" timestamp="2026-08-24T05:56:27.712350+00:00" hostname="agent-env-cb57c2dc-66e0-464d-897d-463c5d334528"><testcase classname="tests.test_days_in_status" name="test_paid_order_has_current_status_on_creation" time="0.484" /><testcase classname="tests.test_days_in_status" name="test_status_change_moves_current_flag" time="0.139" /><testcase classname="tests.test_days_in_status" name="test_terminal_status_removes_all_chips" time="0.175" /><testcase classname="tests.test_days_in_status" name="test_cancelled_and_refunded_are_terminal" time="0.306" /><testcase classname="tests.test_days_in_status" name="test_multiple_open_orders_each_tagged" time="0.187" /><testcase classname="tests.test_days_in_status" name="test_older_order_created_untagged_after_status_change" time="0.182" /></testsuite></testsuites>