<?xml version="1.0" encoding="utf-8"?><testsuites name="pytest tests"><testsuite name="pytest" errors="0" failures="0" skipped="0" tests="6" time="2.684" timestamp="2026-08-21T14:04:22.155365+00:00" hostname="agent-env-cb57c2dc-66e0-464d-897d-463c5d334528"><testcase classname="tests.test_detail_pages_backend.TestOrderDetail" name="test_get_seeded_order" time="0.451" /><testcase classname="tests.test_detail_pages_backend.TestProductDetail" name="test_get_seeded_product_full_payload" time="0.377" /><testcase classname="tests.test_detail_pages_backend.TestProductDetail" name="test_patch_title_and_verify" time="0.633" /><testcase classname="tests.test_detail_pages_backend.TestOrderDetail" name="test_patch_order_status_cycle" time="1.737" /><testcase classname="tests.test_detail_pages_backend.TestProductDetail" name="test_patch_category_and_verify" time="0.925" /><testcase classname="tests.test_detail_pages_backend.TestProductDetail" name="test_delete_product" time="0.440" /></testsuite></testsuites>