<?xml version="1.0" encoding="utf-8"?><testsuites name="pytest tests"><testsuite name="pytest" errors="0" failures="0" skipped="0" tests="84" time="62.892" timestamp="2026-08-21T14:34:24.329246+00:00" hostname="agent-env-cb57c2dc-66e0-464d-897d-463c5d334528"><testcase classname="tests.test_product_code.TestProductCodeFormat" name="test_keyboard_friday_21_aug_2026" time="0.000" /><testcase classname="tests.test_scheduler_history_and_retry.TestSchedulerHistoryAndRetry" name="test_manual_success_appends_history" time="0.007" /><testcase classname="tests.test_product_code.TestProductCodeFormat" name="test_first_non_alpha_stripped" time="0.000" /><testcase classname="tests.test_product_code.TestProductCodeFormat" name="test_empty_title_uses_x" time="0.000" /><testcase classname="tests.test_product_code.TestProductCodeFormat" name="test_first_letter_uppercased" time="0.000" /><testcase classname="tests.test_product_code.TestProductCodeFormat" name="test_day_letter_matches_weekday" time="0.000" /><testcase classname="tests.test_product_code.TestProductCodeFormat" name="test_month_year_pattern" time="0.000" /><testcase classname="tests.test_product_code.TestProductCodeFormat" name="test_two_digit_day_and_month" time="0.000" /><testcase classname="tests.test_scheduler_history_and_retry.TestSchedulerHistoryAndRetry" name="test_history_capped_at_20" time="0.042" /><testcase classname="tests.test_scheduler_history_and_retry.TestSchedulerHistoryAndRetry" name="test_newest_first" time="0.004" /><testcase classname="tests.test_scheduler_history_and_retry.TestSchedulerHistoryAndRetry" name="test_scheduled_failure_queues_retry" time="0.003" /><testcase classname="tests.test_scheduler_history_and_retry.TestSchedulerHistoryAndRetry" name="test_exception_also_queues_retry" time="0.004" /><testcase classname="tests.test_scheduler_history_and_retry.TestSchedulerHistoryAndRetry" name="test_retry_success_clears_pending" time="0.004" /><testcase classname="tests.test_scheduler_history_and_retry.TestSchedulerHistoryAndRetry" name="test_retry_failure_marks_dead" time="0.004" /><testcase classname="tests.test_scheduler_history_and_retry.TestSchedulerHistoryAndRetry" name="test_manual_failure_does_not_queue_retry" time="0.003" /><testcase classname="tests.test_scheduler_history_and_retry.TestSchedulerHistoryAndRetry" name="test_clear_history_wipes_entries" time="0.004" /><testcase classname="tests.test_suppliers_and_items.TestSuppliers" name="test_list_suppliers_shape" time="0.523" /><testcase classname="tests.test_suppliers_and_items.TestSuppliers" name="test_suppliers_search_q" time="0.168" /><testcase classname="tests.test_aliko_portal_flow" name="test_register_success_and_customer_persisted" time="0.604" /><testcase classname="tests.test_aliko_portal_flow" name="test_orders_endpoint_returns_three_orders_with_correct_flags" time="0.149" /><testcase classname="tests.test_aliko_portal_flow" name="test_write_review_on_delivered_order" time="0.478" /><testcase classname="tests.test_suppliers_and_items.TestSuppliers" name="test_suppliers_status_filter" time="0.449" /><testcase classname="tests.test_suppliers_and_items.TestSuppliers" name="test_suppliers_sort" time="1.282" /><testcase classname="tests.test_aliko_portal_flow" name="test_second_review_on_same_order_returns_409" time="0.262" /><testcase classname="tests.test_aliko_portal_flow" name="test_review_on_pending_order_rejected" time="0.322" /><testcase classname="tests.test_aliko_portal_flow" name="test_login_after_register_returns_valid_token" time="0.546" /><testcase classname="tests.test_stock_status_and_archive.TestArchiveLifecycle" name="test_new_product_defaults" time="0.285" /><testcase classname="tests.test_suppliers_and_items.TestSuppliers" name="test_suppliers_summary" time="0.144" /><testcase classname="tests.test_suppliers_and_items.TestSuppliers" name="test_old_b2b_endpoints_removed" time="0.579" /><testcase classname="tests.test_stock_status_and_archive.TestArchiveLifecycle" name="test_archive_hides_from_default_list" time="1.098" /><testcase classname="tests.test_customer_portal.TestPortalReviewFlow" name="test_orders_include_review_flags" time="1.075" /><testcase classname="tests.test_stock_status_and_archive.TestArchiveLifecycle" name="test_restore_from_archive" time="0.745" /><testcase classname="tests.test_customer_portal.TestPortalReviewFlow" name="test_review_unpurchased_product_rejected" time="0.828" /><testcase classname="tests.test_stock_status_and_archive.TestArchiveLifecycle" name="test_restore_does_not_reactivate_sold_product" time="0.992" /><testcase classname="tests.test_customer_portal.TestPortalReviewFlow" name="test_rating_range_enforced" time="0.885" /><testcase classname="tests.test_stock_status_and_archive.TestArchiveLifecycle" name="test_archive_404_on_missing" time="0.338" /><testcase classname="tests.test_detail_pages_backend.TestProductDetail" name="test_get_seeded_product_full_payload" time="0.346" /><testcase classname="tests.test_customer_portal.TestPortalReviewFlow" name="test_public_reviews_endpoint_returns_aggregate" time="0.303" /><testcase classname="tests.test_detail_pages_backend.TestProductDetail" name="test_patch_title_and_verify" time="0.611" /><testcase classname="tests.test_stock_status_and_archive.TestScraperStockStatusClassification" name="test_html_ended" time="0.009" /><testcase classname="tests.test_stock_status_and_archive.TestScraperStockStatusClassification" name="test_html_sold" time="0.001" /><testcase classname="tests.test_stock_status_and_archive.TestScraperStockStatusClassification" name="test_html_out_of_stock" time="0.001" /><testcase classname="tests.test_stock_status_and_archive.TestScraperStockStatusClassification" name="test_html_live" time="0.001" /><testcase classname="tests.test_suppliers_and_items.TestScraperEndpoints" name="test_refresh_status" time="0.120" /><testcase classname="tests.test_suppliers_and_items.TestScraperEndpoints" name="test_sold_events" time="0.132" /><testcase classname="tests.test_suppliers_and_items.TestScraperEndpoints" name="test_scrape_validation" time="0.135" /><testcase classname="tests.test_suppliers_and_items.TestScraperEndpoints" name="test_refresh_all_endpoint_exists" time="0.088" /><testcase classname="tests.test_detail_pages_backend.TestProductDetail" name="test_patch_category_and_verify" time="0.726" /><testcase classname="tests.test_customer_portal.TestPortalRegister" name="test_register_requires_prior_order" time="0.182" /><testcase classname="tests.test_customer_portal.TestPortalRegister" name="test_register_rejects_short_password" time="0.150" /><testcase classname="tests.test_customer_portal.TestPortalRegister" name="test_register_returns_token" time="0.282" /><testcase classname="tests.test_customer_portal.TestReviewVoting" name="test_vote_requires_auth" time="0.174" /><testcase classname="tests.test_detail_pages_backend.TestProductDetail" name="test_delete_product" time="0.475" /><testcase classname="tests.test_customer_portal.TestReviewVoting" name="test_vote_missing_review_404" time="0.862" /><testcase classname="tests.test_customer_portal.TestPortalLogin" name="test_login_bad_credentials" time="0.344" /><testcase classname="tests.test_customer_portal.TestPortalLogin" name="test_login_success" time="0.637" /><testcase classname="tests.test_customer_portal.TestReviewVoting" name="test_vote_bad_value_400" time="1.362" /><testcase classname="tests.test_customer_portal.TestPortalLogin" name="test_me_requires_auth" time="0.163" /><testcase classname="tests.test_product_code_orders_api.TestOrdersReferenceAndSingleFetch" name="test_create_order_populates_reference" time="0.924" /><testcase classname="tests.test_product_code_orders_api.TestProductsHaveCode" name="test_create_product_returns_code" time="0.131" /><testcase classname="tests.test_product_code_orders_api.TestProductsHaveCode" name="test_list_products_includes_code" time="0.171" /><testcase classname="tests.test_product_code_orders_api.TestOrdersReferenceAndSingleFetch" name="test_list_orders_has_reference" time="2.199" /><testcase classname="tests.test_product_code_orders_api.TestProductsHaveCode" name="test_get_product_by_id_has_code" time="2.383" /><testcase classname="tests.test_product_code_orders_api.TestOrdersReferenceAndSingleFetch" name="test_status_counts_still_works" time="0.311" /><testcase classname="tests.test_product_refresh_endpoint.TestRefreshEndpoint" name="test_refresh_without_source_url_returns_400" time="0.496" /><testcase classname="tests.test_variants_and_search.TestGlobalSearch" name="test_search_by_product_code_prefix" time="0.235" /><testcase classname="tests.test_variants_and_search.TestGlobalSearch" name="test_search_by_order_reference" time="0.318" /><testcase classname="tests.test_product_refresh_endpoint.TestRefreshEndpoint" name="test_refresh_404_on_missing" time="0.159" /><testcase classname="tests.test_variants_and_search.TestGlobalSearch" name="test_search_empty_query_rejected" time="0.170" /><testcase classname="tests.test_product_refresh_endpoint.TestRefreshEndpoint" name="test_refresh_rejects_non_ebay_source_url" time="0.494" /><testcase classname="tests.test_detail_pages_backend.TestOrderDetail" name="test_get_seeded_order" time="0.285" /><testcase classname="tests.test_detail_pages_backend.TestOrderDetail" name="test_patch_order_status_cycle" time="16.814" /><testcase classname="tests.test_product_code.TestProductCodeUniqueness" name="test_dedup_suffix" time="0.004" /><testcase classname="tests.test_product_code.TestProductCodeUniqueness" name="test_new_product_creation_receives_code" time="0.309" /><testcase classname="tests.test_variants_and_search.TestVariantScraping" name="test_json_ld_variants" time="0.002" /><testcase classname="tests.test_variants_and_search.TestVariantScraping" name="test_no_variants_returns_empty" time="0.001" /><testcase classname="tests.test_variants_and_search.TestReviewAggregateOnProducts" name="test_products_list_includes_aggregate" time="15.129" /><testcase classname="tests.test_variants_and_search.TestReviewAggregateOnProducts" name="test_single_product_endpoint_includes_aggregate" time="0.313" /><testcase classname="tests.test_variants_and_search.TestBulkArchive" name="test_bulk_archive_and_bulk_delete" time="0.982" /><testcase classname="tests.test_suppliers_and_items.TestItems" name="test_items_status_filter" time="0.485" /><testcase classname="tests.test_variants_and_search.TestBulkArchive" name="test_bulk_archive_empty" time="0.132" /><testcase classname="tests.test_product_refresh_endpoint.TestGetProduct" name="test_returns_review_aggregate" time="0.456" /><testcase classname="tests.test_suppliers_and_items.TestItems" name="test_items_sort" time="31.065" /><testcase classname="tests.test_variants_and_search.TestRestockDetection" name="test_restock_notification_shape" time="0.000" /></testsuite></testsuites>