<?xml version="1.0" encoding="utf-8"?><testsuites name="pytest tests"><testsuite name="pytest" errors="0" failures="7" skipped="0" tests="14" time="1.740" timestamp="2026-08-21T14:36:00.297200+00:00" hostname="agent-env-cb57c2dc-66e0-464d-897d-463c5d334528"><testcase classname="tests.test_refactor_smoke.TestNotificationsAndPush" name="test_notifications_list" time="0.266"><failure message="AssertionError: assert False&#10; +  where False = isinstance({'notifications': [{'id': '46b6cfc1-dcb3-4ac6-946b-2e78b9d28e5d', 'type': 'order_status', 'title': 'Order status updated', 'body': '#67cac012 · delivered → pending', ...}, {'id': '1bc2a753-a312-4db1-8d68-8af0c6dc3e5c', 'type': 'order_status', 'title': 'Order status updated', 'body': '#67cac012 · shipped → delivered', ...}, {'id': '9e5ff835-d1f2-4f6b-a19e-3b7fdba78ce3', 'type': 'order_status', 'title': 'Order status updated', 'body': '#67cac012 · processing → shipped', ...}, {'id': '3220e123-ec7b-4619-9703-a8d0175cc12c', 'type': 'order_status', 'title': 'Order status updated', 'body': '#67cac012 · pending → processing', ...}, {'id': 'dc1fb31f-f2b8-40c4-b49b-162e00771aee', 'type': 'new_order', 'title': 'New order received', 'body': 'TEST_Buyer · $25.00 · TEST_Keyboard-7463d2', ...}, {'id': 'f66b88e7-e631-4c68-bbc5-9e1cfe2c5b82', 'type': 'order_status', 'title': 'Order status updated', 'body': '#67cac012 · delivered → pending', ...}, ...], 'unread_count': 34, 'total': 54}, list)&#10; +    where {'notifications': [{'id': '46b6cfc1-dcb3-4ac6-946b-2e78b9d28e5d', 'type': 'order_status', 'title': 'Order status updated', 'body': '#67cac012 · delivered → pending', ...}, {'id': '1bc2a753-a312-4db1-8d68-8af0c6dc3e5c', 'type': 'order_status', 'title': 'Order status updated', 'body': '#67cac012 · shipped → delivered', ...}, {'id': '9e5ff835-d1f2-4f6b-a19e-3b7fdba78ce3', 'type': 'order_status', 'title': 'Order status updated', 'body': '#67cac012 · processing → shipped', ...}, {'id': '3220e123-ec7b-4619-9703-a8d0175cc12c', 'type': 'order_status', 'title': 'Order status updated', 'body': '#67cac012 · pending → processing', ...}, {'id': 'dc1fb31f-f2b8-40c4-b49b-162e00771aee', 'type': 'new_order', 'title': 'New order received', 'body': 'TEST_Buyer · $25.00 · TEST_Keyboard-7463d2', ...}, {'id': 'f66b88e7-e631-4c68-bbc5-9e1cfe2c5b82', 'type': 'order_status', 'title': 'Order status updated', 'body': '#67cac012 · delivered → pending', ...}, ...], 'unread_count': 34, 'total': 54} = json()&#10; +      where json = &lt;Response [200]&gt;.json">backend/tests/test_refactor_smoke.py:156: in test_notifications_list
    assert isinstance(r.json(), list)
E   AssertionError: assert False
E    +  where False = isinstance({'notifications': [{'id': '46b6cfc1-dcb3-4ac6-946b-2e78b9d28e5d', 'type': 'order_status', 'title': 'Order status updated', 'body': '#67cac012 · delivered → pending', ...}, {'id': '1bc2a753-a312-4db1-8d68-8af0c6dc3e5c', 'type': 'order_status', 'title': 'Order status updated', 'body': '#67cac012 · shipped → delivered', ...}, {'id': '9e5ff835-d1f2-4f6b-a19e-3b7fdba78ce3', 'type': 'order_status', 'title': 'Order status updated', 'body': '#67cac012 · processing → shipped', ...}, {'id': '3220e123-ec7b-4619-9703-a8d0175cc12c', 'type': 'order_status', 'title': 'Order status updated', 'body': '#67cac012 · pending → processing', ...}, {'id': 'dc1fb31f-f2b8-40c4-b49b-162e00771aee', 'type': 'new_order', 'title': 'New order received', 'body': 'TEST_Buyer · $25.00 · TEST_Keyboard-7463d2', ...}, {'id': 'f66b88e7-e631-4c68-bbc5-9e1cfe2c5b82', 'type': 'order_status', 'title': 'Order status updated', 'body': '#67cac012 · delivered → pending', ...}, ...], 'unread_count': 34, 'total': 54}, list)
E    +    where {'notifications': [{'id': '46b6cfc1-dcb3-4ac6-946b-2e78b9d28e5d', 'type': 'order_status', 'title': 'Order status updated', 'body': '#67cac012 · delivered → pending', ...}, {'id': '1bc2a753-a312-4db1-8d68-8af0c6dc3e5c', 'type': 'order_status', 'title': 'Order status updated', 'body': '#67cac012 · shipped → delivered', ...}, {'id': '9e5ff835-d1f2-4f6b-a19e-3b7fdba78ce3', 'type': 'order_status', 'title': 'Order status updated', 'body': '#67cac012 · processing → shipped', ...}, {'id': '3220e123-ec7b-4619-9703-a8d0175cc12c', 'type': 'order_status', 'title': 'Order status updated', 'body': '#67cac012 · pending → processing', ...}, {'id': 'dc1fb31f-f2b8-40c4-b49b-162e00771aee', 'type': 'new_order', 'title': 'New order received', 'body': 'TEST_Buyer · $25.00 · TEST_Keyboard-7463d2', ...}, {'id': 'f66b88e7-e631-4c68-bbc5-9e1cfe2c5b82', 'type': 'order_status', 'title': 'Order status updated', 'body': '#67cac012 · delivered → pending', ...}, ...], 'unread_count': 34, 'total': 54} = json()
E    +      where json = &lt;Response [200]&gt;.json</failure></testcase><testcase classname="tests.test_refactor_smoke.TestProducts" name="test_list_products" time="0.296"><failure message="assert False&#10; +  where False = isinstance({'products': [{'title': 'Apple Watch Series 4 44mm Space Gray - Cell + GPS Refurbed (Like New) - In Box', 'price': 299.0, 'cost': 260.0, 'stock': 9, ...}, {'title': 'Scanpan Classic Steel 8 Piece Eclipse Knife Block Set 18382', 'price': 375.2, 'cost': 296.0, 'stock': 9, ...}, {'title': 'Artusi 75cm Maximus Series Electric Built-In Oven-Stainless Steel AO750X', 'price': 2303.6, 'cost': 1903.0, 'stock': 9, ...}, {'title': 'Carrera TopCar 1 Black Gold Brown Gradient (TopCar 1 2M2) Sunglasses', 'price': 192.74, 'cost': 143.95, 'stock': 10, ...}, {'title': 'Samsung 55&quot; Odyssey Ark 2nd Gen Curved UHD Gaming Monitor (55&quot;, Black)', 'price': 3378.8, 'cost': 2799.0, 'stock': 10, ...}, {'title': 'Samsung 57&quot; Odyssey Neo G95NC Curved QLED DUHD Gaming Monitor (57&quot;, White)', 'price': 3018.8, 'cost': 2499.0, 'stock': 10, ...}, ...], 'total': 25}, list)">backend/tests/test_refactor_smoke.py:46: in test_list_products
    assert isinstance(data, list)
E   assert False
E    +  where False = isinstance({'products': [{'title': 'Apple Watch Series 4 44mm Space Gray - Cell + GPS Refurbed (Like New) - In Box', 'price': 299.0, 'cost': 260.0, 'stock': 9, ...}, {'title': 'Scanpan Classic Steel 8 Piece Eclipse Knife Block Set 18382', 'price': 375.2, 'cost': 296.0, 'stock': 9, ...}, {'title': 'Artusi 75cm Maximus Series Electric Built-In Oven-Stainless Steel AO750X', 'price': 2303.6, 'cost': 1903.0, 'stock': 9, ...}, {'title': 'Carrera TopCar 1 Black Gold Brown Gradient (TopCar 1 2M2) Sunglasses', 'price': 192.74, 'cost': 143.95, 'stock': 10, ...}, {'title': 'Samsung 55" Odyssey Ark 2nd Gen Curved UHD Gaming Monitor (55", Black)', 'price': 3378.8, 'cost': 2799.0, 'stock': 10, ...}, {'title': 'Samsung 57" Odyssey Neo G95NC Curved QLED DUHD Gaming Monitor (57", White)', 'price': 3018.8, 'cost': 2499.0, 'stock': 10, ...}, ...], 'total': 25}, list)</failure></testcase><testcase classname="tests.test_refactor_smoke.TestNotificationsAndPush" name="test_push_settings_get" time="0.123" /><testcase classname="tests.test_refactor_smoke.TestProducts" name="test_list_products_archived_filter" time="0.074"><failure message="AssertionError: assert False&#10; +  where False = isinstance({'products': [{'title': 'adidas Performance AU Men Galaxy 7 Running Sneakers', 'price': 80.0, 'cost': 50.0, 'stock': 10, ...}, {'title': 'Lifespan RC-81 Recumbent Bike', 'price': 523.75, 'cost': 419.0, 'stock': 10, ...}, {'title': 'AUSTRALIAN SHEPHERD® UGG Slippers Women Removable Slingback Platform Waffle', 'price': 98.75, 'cost': 79.0, 'stock': 10, ...}, {'title': 'Adidog Hoodie Coat Cozy Soft Sweatshirt Jacket Clothes for Large Small Pet Dog', 'price': 12.36, 'cost': 9.89, 'stock': 10, ...}, {'title': 'Lego Star Wars GWP 40771 TIE Fighter-Imperi al Hangar Rack New/Sealed/Ret ired/H2F', 'price': 288.74, 'cost': 230.99, 'stock': 10, ...}, {'title': 'EUROBIKE 26 700C Road Bike M 21-Speed Mechanical Disc Drop Bar Alloy', 'price': 290.8, 'cost': 232.64, 'stock': 10, ...}], 'total': 6}, list)">backend/tests/test_refactor_smoke.py:57: in test_list_products_archived_filter
    assert isinstance(data, list)
E   AssertionError: assert False
E    +  where False = isinstance({'products': [{'title': 'adidas Performance AU Men Galaxy 7 Running Sneakers', 'price': 80.0, 'cost': 50.0, 'stock': 10, ...}, {'title': 'Lifespan RC-81 Recumbent Bike', 'price': 523.75, 'cost': 419.0, 'stock': 10, ...}, {'title': 'AUSTRALIAN SHEPHERD® UGG Slippers Women Removable Slingback Platform Waffle', 'price': 98.75, 'cost': 79.0, 'stock': 10, ...}, {'title': 'Adidog Hoodie Coat Cozy Soft Sweatshirt Jacket Clothes for Large Small Pet Dog', 'price': 12.36, 'cost': 9.89, 'stock': 10, ...}, {'title': 'Lego Star Wars GWP 40771 TIE Fighter-Imperi al Hangar Rack New/Sealed/Ret ired/H2F', 'price': 288.74, 'cost': 230.99, 'stock': 10, ...}, {'title': 'EUROBIKE 26 700C Road Bike M 21-Speed Mechanical Disc Drop Bar Alloy', 'price': 290.8, 'cost': 232.64, 'stock': 10, ...}], 'total': 6}, list)</failure></testcase><testcase classname="tests.test_refactor_smoke.TestProducts" name="test_list_products_search" time="0.097"><failure message="assert False&#10; +  where False = isinstance({'products': [{'title': 'Apple Watch Series 4 44mm Space Gray - Cell + GPS Refurbed (Like New) - In Box', 'price': 299.0, 'cost': 260.0, 'stock': 9, ...}, {'title': 'Scanpan Classic Steel 8 Piece Eclipse Knife Block Set 18382', 'price': 375.2, 'cost': 296.0, 'stock': 9, ...}, {'title': 'Artusi 75cm Maximus Series Electric Built-In Oven-Stainless Steel AO750X', 'price': 2303.6, 'cost': 1903.0, 'stock': 9, ...}, {'title': 'Carrera TopCar 1 Black Gold Brown Gradient (TopCar 1 2M2) Sunglasses', 'price': 192.74, 'cost': 143.95, 'stock': 10, ...}, {'title': 'Samsung 55&quot; Odyssey Ark 2nd Gen Curved UHD Gaming Monitor (55&quot;, Black)', 'price': 3378.8, 'cost': 2799.0, 'stock': 10, ...}, {'title': 'Samsung 57&quot; Odyssey Neo G95NC Curved QLED DUHD Gaming Monitor (57&quot;, White)', 'price': 3018.8, 'cost': 2499.0, 'stock': 10, ...}, ...], 'total': 25}, list)">backend/tests/test_refactor_smoke.py:65: in test_list_products_search
    assert isinstance(data, list)
E   assert False
E    +  where False = isinstance({'products': [{'title': 'Apple Watch Series 4 44mm Space Gray - Cell + GPS Refurbed (Like New) - In Box', 'price': 299.0, 'cost': 260.0, 'stock': 9, ...}, {'title': 'Scanpan Classic Steel 8 Piece Eclipse Knife Block Set 18382', 'price': 375.2, 'cost': 296.0, 'stock': 9, ...}, {'title': 'Artusi 75cm Maximus Series Electric Built-In Oven-Stainless Steel AO750X', 'price': 2303.6, 'cost': 1903.0, 'stock': 9, ...}, {'title': 'Carrera TopCar 1 Black Gold Brown Gradient (TopCar 1 2M2) Sunglasses', 'price': 192.74, 'cost': 143.95, 'stock': 10, ...}, {'title': 'Samsung 55" Odyssey Ark 2nd Gen Curved UHD Gaming Monitor (55", Black)', 'price': 3378.8, 'cost': 2799.0, 'stock': 10, ...}, {'title': 'Samsung 57" Odyssey Neo G95NC Curved QLED DUHD Gaming Monitor (57", White)', 'price': 3018.8, 'cost': 2499.0, 'stock': 10, ...}, ...], 'total': 25}, list)</failure></testcase><testcase classname="tests.test_refactor_smoke.TestNotificationsAndPush" name="test_push_test_endpoint" time="0.367" /><testcase classname="tests.test_refactor_smoke.TestOrders" name="test_orders_list" time="0.096"><failure message="AssertionError: assert False&#10; +  where False = isinstance({'orders': [{'id': 'c13270f3-df14-4686-9626-74d1ffebf71f', 'reference': 'TF21-PC0826', 'product_id': 'bbb5fd48-a139-4e5f-a5e2-75981270ba45', 'product_title': 'TEST_Keyboard-7463d2', ...}, {'id': '9d7d84d4-3e29-4c19-ad5b-1bc9b2858893', 'reference': 'TF21-PC0826', 'product_id': '9f4da3f2-93b4-43bb-8a8f-62476aaea02b', 'product_title': 'TEST_Keyboard-8397da', ...}, {'id': '3e6f53ba-9e23-40f8-b0bb-ae6107a434a0', 'reference': 'TF21-PC0826', 'product_id': '4e8a463a-716f-4a12-8094-9ccfb5557897', 'product_title': 'TEST_Keyboard-b2dac1', ...}, {'id': 'dadeb173-28a3-4b43-a555-b7ac1fb3900f', 'reference': 'TF21-PC0826', 'product_id': '6f4e81d1-1b86-483b-9f12-6ed542e17e29', 'product_title': 'TEST_Keyboard-6c9f9d', ...}, {'id': '8076bf90-9f76-40ab-b199-e70684268a46', 'reference': 'TF21-PC0826', 'product_id': '7abc9cb3-c1cc-4388-a753-6863b2d968ec', 'product_title': 'TEST_Keyboard-aaf3d1', ...}, {'id': '67cac012-79bf-438f-99ae-785fdbfb73e2', 'reference': 'TF21-PC0826-2', 'product_id': '961789f1-5c36-48b0-9fe6-b9798bdb0732', 'product_title': 'TEST_Keyboard-dad98a', ...}, ...], 'total': 1601}, list)&#10; +    where {'orders': [{'id': 'c13270f3-df14-4686-9626-74d1ffebf71f', 'reference': 'TF21-PC0826', 'product_id': 'bbb5fd48-a139-4e5f-a5e2-75981270ba45', 'product_title': 'TEST_Keyboard-7463d2', ...}, {'id': '9d7d84d4-3e29-4c19-ad5b-1bc9b2858893', 'reference': 'TF21-PC0826', 'product_id': '9f4da3f2-93b4-43bb-8a8f-62476aaea02b', 'product_title': 'TEST_Keyboard-8397da', ...}, {'id': '3e6f53ba-9e23-40f8-b0bb-ae6107a434a0', 'reference': 'TF21-PC0826', 'product_id': '4e8a463a-716f-4a12-8094-9ccfb5557897', 'product_title': 'TEST_Keyboard-b2dac1', ...}, {'id': 'dadeb173-28a3-4b43-a555-b7ac1fb3900f', 'reference': 'TF21-PC0826', 'product_id': '6f4e81d1-1b86-483b-9f12-6ed542e17e29', 'product_title': 'TEST_Keyboard-6c9f9d', ...}, {'id': '8076bf90-9f76-40ab-b199-e70684268a46', 'reference': 'TF21-PC0826', 'product_id': '7abc9cb3-c1cc-4388-a753-6863b2d968ec', 'product_title': 'TEST_Keyboard-aaf3d1', ...}, {'id': '67cac012-79bf-438f-99ae-785fdbfb73e2', 'reference': 'TF21-PC0826-2', 'product_id': '961789f1-5c36-48b0-9fe6-b9798bdb0732', 'product_title': 'TEST_Keyboard-dad98a', ...}, ...], 'total': 1601} = json()&#10; +      where json = &lt;Response [200]&gt;.json">backend/tests/test_refactor_smoke.py:120: in test_orders_list
    assert isinstance(r.json(), list)
E   AssertionError: assert False
E    +  where False = isinstance({'orders': [{'id': 'c13270f3-df14-4686-9626-74d1ffebf71f', 'reference': 'TF21-PC0826', 'product_id': 'bbb5fd48-a139-4e5f-a5e2-75981270ba45', 'product_title': 'TEST_Keyboard-7463d2', ...}, {'id': '9d7d84d4-3e29-4c19-ad5b-1bc9b2858893', 'reference': 'TF21-PC0826', 'product_id': '9f4da3f2-93b4-43bb-8a8f-62476aaea02b', 'product_title': 'TEST_Keyboard-8397da', ...}, {'id': '3e6f53ba-9e23-40f8-b0bb-ae6107a434a0', 'reference': 'TF21-PC0826', 'product_id': '4e8a463a-716f-4a12-8094-9ccfb5557897', 'product_title': 'TEST_Keyboard-b2dac1', ...}, {'id': 'dadeb173-28a3-4b43-a555-b7ac1fb3900f', 'reference': 'TF21-PC0826', 'product_id': '6f4e81d1-1b86-483b-9f12-6ed542e17e29', 'product_title': 'TEST_Keyboard-6c9f9d', ...}, {'id': '8076bf90-9f76-40ab-b199-e70684268a46', 'reference': 'TF21-PC0826', 'product_id': '7abc9cb3-c1cc-4388-a753-6863b2d968ec', 'product_title': 'TEST_Keyboard-aaf3d1', ...}, {'id': '67cac012-79bf-438f-99ae-785fdbfb73e2', 'reference': 'TF21-PC0826-2', 'product_id': '961789f1-5c36-48b0-9fe6-b9798bdb0732', 'product_title': 'TEST_Keyboard-dad98a', ...}, ...], 'total': 1601}, list)
E    +    where {'orders': [{'id': 'c13270f3-df14-4686-9626-74d1ffebf71f', 'reference': 'TF21-PC0826', 'product_id': 'bbb5fd48-a139-4e5f-a5e2-75981270ba45', 'product_title': 'TEST_Keyboard-7463d2', ...}, {'id': '9d7d84d4-3e29-4c19-ad5b-1bc9b2858893', 'reference': 'TF21-PC0826', 'product_id': '9f4da3f2-93b4-43bb-8a8f-62476aaea02b', 'product_title': 'TEST_Keyboard-8397da', ...}, {'id': '3e6f53ba-9e23-40f8-b0bb-ae6107a434a0', 'reference': 'TF21-PC0826', 'product_id': '4e8a463a-716f-4a12-8094-9ccfb5557897', 'product_title': 'TEST_Keyboard-b2dac1', ...}, {'id': 'dadeb173-28a3-4b43-a555-b7ac1fb3900f', 'reference': 'TF21-PC0826', 'product_id': '6f4e81d1-1b86-483b-9f12-6ed542e17e29', 'product_title': 'TEST_Keyboard-6c9f9d', ...}, {'id': '8076bf90-9f76-40ab-b199-e70684268a46', 'reference': 'TF21-PC0826', 'product_id': '7abc9cb3-c1cc-4388-a753-6863b2d968ec', 'product_title': 'TEST_Keyboard-aaf3d1', ...}, {'id': '67cac012-79bf-438f-99ae-785fdbfb73e2', 'reference': 'TF21-PC0826-2', 'product_id': '961789f1-5c36-48b0-9fe6-b9798bdb0732', 'product_title': 'TEST_Keyboard-dad98a', ...}, ...], 'total': 1601} = json()
E    +      where json = &lt;Response [200]&gt;.json</failure></testcase><testcase classname="tests.test_refactor_smoke.TestOrders" name="test_status_cycle" time="0.073"><failure message="KeyError: 0">backend/tests/test_refactor_smoke.py:128: in test_status_cycle
    pid = prods[0]["id"]
          ^^^^^^^^
E   KeyError: 0</failure></testcase><testcase classname="tests.test_refactor_smoke.TestAnalytics" name="test_overview" time="0.152" /><testcase classname="tests.test_refactor_smoke.TestAnalytics" name="test_report" time="0.331" /><testcase classname="tests.test_refactor_smoke.TestPortal" name="test_me" time="0.452" /><testcase classname="tests.test_refactor_smoke.TestScraperSchedule" name="test_get_schedule_shape" time="0.104" /><testcase classname="tests.test_refactor_smoke.TestPortal" name="test_orders_returns_three" time="0.098"><failure message="AssertionError: assert False&#10; +  where False = isinstance({'orders': [{'id': '15d001bd-7ee8-4d78-9849-9b6d118c5e0d', 'product_id': '5fd10d44-af8a-407c-8ca2-ee0d24fdec7c', 'product_title': 'Artusi 75cm Maximus Series Electric Built-In Oven-Stainless Steel AO750X', 'quantity': 1, ...}, {'id': 'aeb44004-240b-4e30-ac3e-664759e1ceb0', 'product_id': '2614d887-6e06-43eb-a173-b402fab3d907', 'product_title': 'Scanpan Classic Steel 8 Piece Eclipse Knife Block Set 18382', 'quantity': 1, ...}, {'id': 'b171abf2-daad-461b-8b49-351564f1fcda', 'product_id': '9b4d4c82-b75b-461a-bd22-99fcf69930c5', 'product_title': 'Apple Watch Series 4 44mm Space Gray - Cell + GPS Refurbed (Like New) - In Box', 'quantity': 1, ...}], 'total': 3}, list)">backend/tests/test_refactor_smoke.py:107: in test_orders_returns_three
    assert isinstance(orders, list)
E   AssertionError: assert False
E    +  where False = isinstance({'orders': [{'id': '15d001bd-7ee8-4d78-9849-9b6d118c5e0d', 'product_id': '5fd10d44-af8a-407c-8ca2-ee0d24fdec7c', 'product_title': 'Artusi 75cm Maximus Series Electric Built-In Oven-Stainless Steel AO750X', 'quantity': 1, ...}, {'id': 'aeb44004-240b-4e30-ac3e-664759e1ceb0', 'product_id': '2614d887-6e06-43eb-a173-b402fab3d907', 'product_title': 'Scanpan Classic Steel 8 Piece Eclipse Knife Block Set 18382', 'quantity': 1, ...}, {'id': 'b171abf2-daad-461b-8b49-351564f1fcda', 'product_id': '9b4d4c82-b75b-461a-bd22-99fcf69930c5', 'product_title': 'Apple Watch Series 4 44mm Space Gray - Cell + GPS Refurbed (Like New) - In Box', 'quantity': 1, ...}], 'total': 3}, list)</failure></testcase><testcase classname="tests.test_refactor_smoke.TestGlobalSearch" name="test_search_returns_products_and_orders" time="0.103" /></testsuite></testsuites>