<?xml version="1.0" encoding="utf-8"?><testsuites name="pytest tests"><testsuite name="pytest" errors="0" failures="0" skipped="0" tests="6" time="1.975" timestamp="2026-08-21T13:28:09.730587+00:00" hostname="agent-env-cb57c2dc-66e0-464d-897d-463c5d334528"><testcase classname="tests.test_product_code_orders_api.TestProductsHaveCode" name="test_create_product_returns_code" time="0.341" /><testcase classname="tests.test_product_code_orders_api.TestProductsHaveCode" name="test_list_products_includes_code" time="0.237" /><testcase classname="tests.test_product_code_orders_api.TestOrdersReferenceAndSingleFetch" name="test_create_order_populates_reference" time="1.168" /><testcase classname="tests.test_product_code_orders_api.TestProductsHaveCode" name="test_get_product_by_id_has_code" time="0.336" /><testcase classname="tests.test_product_code_orders_api.TestOrdersReferenceAndSingleFetch" name="test_list_orders_has_reference" time="0.145" /><testcase classname="tests.test_product_code_orders_api.TestOrdersReferenceAndSingleFetch" name="test_status_counts_still_works" time="0.344" /></testsuite></testsuites>