<?xml version="1.0" encoding="utf-8"?><testsuites name="pytest tests"><testsuite name="pytest" errors="0" failures="0" skipped="0" tests="49" time="46.573" timestamp="2026-09-25T13:14:32.293708+00:00" hostname="agent-env-cb57c2dc-66e0-464d-897d-463c5d334528"><testcase classname="tests.test_countdown_sale" name="test_new_product_defaults_have_no_countdown" time="1.658" /><testcase classname="tests.test_seo_tags" name="test_suggest_tags_basic_title" time="0.000" /><testcase classname="tests.test_seo_tags" name="test_suggest_tags_prepends_category_tokens" time="0.000" /><testcase classname="tests.test_seo_tags" name="test_suggest_tags_dedupes_and_lowercases" time="0.000" /><testcase classname="tests.test_seo_tags" name="test_suggest_tags_skips_category_other" time="0.000" /><testcase classname="tests.test_seo_tags" name="test_suggest_tags_caps_at_limit" time="0.000" /><testcase classname="tests.test_seo_tags" name="test_suggest_tags_drops_stopwords" time="0.000" /><testcase classname="tests.test_seo_tags" name="test_suggest_tags_handles_empty_input" time="0.000" /><testcase classname="tests.test_seo_tags" name="test_default_seo_includes_tags" time="0.000" /><testcase classname="tests.test_seo_tags" name="test_create_product_seeds_tags_from_title_and_category" time="1.928" /><testcase classname="tests.test_countdown_sale" name="test_start_countdown_sets_all_fields_and_end_date" time="2.226" /><testcase classname="tests.test_seo_tags" name="test_patch_tags_normalises_and_persists" time="5.244" /><testcase classname="tests.test_countdown_sale" name="test_start_countdown_rejects_bad_input" time="2.375" /><testcase classname="tests.test_countdown_sale" name="test_stop_countdown_clears_fields_but_keeps_active" time="3.941" /><testcase classname="tests.test_seo_tags" name="test_patch_tags_does_not_touch_other_seo_fields" time="4.405" /><testcase classname="tests.test_countdown_sale" name="test_start_on_expired_product_reactivates_it" time="4.110" /><testcase classname="tests.test_delivery_settings.TestDeliverySettings" name="test_defaults_are_seeded" time="0.364" /><testcase classname="tests.test_delivery_settings.TestDeliverySettings" name="test_patch_valid_window" time="1.433" /><testcase classname="tests.test_delivery_settings.TestDeliverySettings" name="test_patch_rejects_max_less_than_min" time="0.308" /><testcase classname="tests.test_delivery_settings.TestDeliverySettings" name="test_patch_rejects_negative" time="0.322" /><testcase classname="tests.test_delivery_settings.TestDeliverySettings" name="test_patch_rejects_over_upper_bound" time="0.303" /><testcase classname="tests.test_countdown_sale" name="test_restore_clears_countdown_and_reactivates" time="2.523" /><testcase classname="tests.test_delivery_settings.TestSameDayCutoff" name="test_defaults_include_cutoff" time="0.311" /><testcase classname="tests.test_delivery_settings.TestSameDayCutoff" name="test_patch_cutoff_persists" time="1.401" /><testcase classname="tests.test_delivery_settings.TestSameDayCutoff" name="test_patch_disables_cutoff" time="1.477" /><testcase classname="tests.test_countdown_sale" name="test_expire_sweep_flags_products_past_end_time" time="3.435" /><testcase classname="tests.test_delivery_settings.TestSameDayCutoff" name="test_patch_rejects_malformed_time" time="1.716" /><testcase classname="tests.test_delivery_settings.TestSameDayCutoff" name="test_patch_accepts_edge_times" time="3.565" /><testcase classname="tests.test_countdown_sale" name="test_countdown_status_filter_active_lists_only_running" time="3.501" /><testcase classname="tests.test_postage_presets.TestPostagePresetValidation" name="test_free_with_amount_rejected" time="0.178" /><testcase classname="tests.test_postage_presets.TestPostagePresetValidation" name="test_insurance_only_on_large_item" time="0.125" /><testcase classname="tests.test_postage_presets.TestPostagePresetValidation" name="test_unknown_kind_rejected" time="0.121" /><testcase classname="tests.test_postage_presets.TestPostagePresetValidation" name="test_negative_amount_rejected" time="0.112" /><testcase classname="tests.test_postage_presets.TestPostagePresetSeeding" name="test_default_presets_exist" time="0.321" /><testcase classname="tests.test_postage_presets.TestPostagePresetSeeding" name="test_free_preset_has_zero_amounts" time="0.311" /><testcase classname="tests.test_countdown_sale" name="test_countdown_status_filter_expired_hides_active" time="5.413" /><testcase classname="tests.test_postage_presets.TestPostagePresetSeeding" name="test_large_item_preset_has_insurance" time="0.308" /><testcase classname="tests.test_delivery_settings.TestProductDeliveryWindow" name="test_saves_and_reads" time="3.396" /><testcase classname="tests.test_delivery_settings.TestProductDeliveryWindow" name="test_rejects_max_less_than_min" time="1.863" /><testcase classname="tests.test_countdown_sale" name="test_default_list_hides_expired_products" time="3.572" /><testcase classname="tests.test_delivery_settings.TestProductDeliveryWindow" name="test_toggle_off_persists" time="4.017" /><testcase classname="tests.test_countdown_sale" name="test_expire_sweep_emits_countdown_expired_notification" time="2.529" /><testcase classname="tests.test_postage_presets.TestPostagePresetPatch" name="test_switch_to_free_zeros_amounts" time="1.533" /><testcase classname="tests.test_postage_presets.TestPostagePresetPatch" name="test_switch_away_from_large_item_clears_insurance" time="1.523" /><testcase classname="tests.test_countdown_sale" name="test_expire_sweep_notification_marked_critical" time="0.000" /><testcase classname="tests.test_countdown_sale" name="test_expire_sweep_does_not_duplicate_notifications" time="2.772" /><testcase classname="tests.test_postage_presets.TestProductPostageWiring" name="test_product_saves_and_reads_preset" time="3.544" /><testcase classname="tests.test_delivery_settings.TestPostcodeDeliveryEstimateRemoved" name="test_retired_postcode_routes_are_unavailable" time="0.410" /><testcase classname="tests.test_postage_presets.TestProductPostageWiring" name="test_delete_preset_clears_product_reference" time="4.385" /></testsuite></testsuites>