<?xml version="1.0" encoding="utf-8"?><testsuites name="pytest tests"><testsuite name="pytest" errors="0" failures="1" skipped="0" tests="4" time="0.794" timestamp="2026-08-22T08:28:45.441150+00:00" hostname="agent-env-cb57c2dc-66e0-464d-897d-463c5d334528"><testcase classname="tests.test_breadcrumb_integration.TestExtractBreadcrumbsFiltersNoise" name="test_strips_see_more_from_jsonld" time="0.005" /><testcase classname="tests.test_breadcrumb_integration.TestExtractBreadcrumbsFiltersNoise" name="test_strips_multiple_noise_tokens" time="0.001" /><testcase classname="tests.test_breadcrumb_integration.TestParseAndEnrichCleansBreadcrumbs" name="test_ebay_category_path_has_no_noise" time="0.005" /><testcase classname="tests.test_breadcrumb_integration.TestFromItemUsesLeafCategory" name="test_creates_category_from_leaf_and_products_filter_by_slug" time="0.286"><failure message="AssertionError: ISSUE: 'eBay Motors' store prefix leaks into Category.description because helpers._BREADCRUMB_NOISE_EXACT only lists single-word 'ebay'/'home'. Extend the set or add a regex to catch 'eBay *'.&#10;assert 'eBay Motors' not in 'eBay Motors...n-Dash Units'&#10;  &#10;  'eBay Motors' is contained here:&#10;    eBay Motors &gt; Vehicle Parts &amp; Accessories &gt; Vehicle Electronics &amp; GPS &gt; TEST BC e42869ef Car Audio &gt; TEST BC e42869ef Car Audio In-Dash Units&#10;  ? +++++++++++">tests/test_breadcrumb_integration.py:207: in test_creates_category_from_leaf_and_products_filter_by_slug
    assert "eBay Motors" not in cat["description"], (
E   AssertionError: ISSUE: 'eBay Motors' store prefix leaks into Category.description because helpers._BREADCRUMB_NOISE_EXACT only lists single-word 'ebay'/'home'. Extend the set or add a regex to catch 'eBay *'.
E   assert 'eBay Motors' not in 'eBay Motors...n-Dash Units'
E     
E     'eBay Motors' is contained here:
E       eBay Motors &gt; Vehicle Parts &amp; Accessories &gt; Vehicle Electronics &amp; GPS &gt; TEST BC e42869ef Car Audio &gt; TEST BC e42869ef Car Audio In-Dash Units
E     ? +++++++++++</failure></testcase></testsuite></testsuites>