<?xml version="1.0" encoding="utf-8"?><testsuites name="pytest tests"><testsuite name="pytest" errors="0" failures="0" skipped="0" tests="5" time="2.295" timestamp="2026-08-23T10:12:29.425052+00:00" hostname="agent-env-cb57c2dc-66e0-464d-897d-463c5d334528"><testcase classname="tests.test_product_images" name="test_patch_with_small_data_url" time="0.407" /><testcase classname="tests.test_product_images" name="test_patch_with_url_string" time="0.140" /><testcase classname="tests.test_product_images" name="test_patch_with_large_data_url_list" time="0.692" /><testcase classname="tests.test_product_images" name="test_image_proxy_only_used_for_http" time="0.492" /><testcase classname="tests.test_product_images" name="test_get_after_patch_persists" time="0.220" /></testsuite></testsuites>