<?xml version="1.0" encoding="utf-8"?><testsuites name="pytest tests"><testsuite name="pytest" errors="0" failures="3" skipped="0" tests="12" time="38.172" timestamp="2026-09-25T12:20:11.394964+00:00" hostname="agent-env-cb57c2dc-66e0-464d-897d-463c5d334528"><testcase classname="tests.test_site_menus_support.TestSiteMenusSupport" name="test_patch_persists_unique_faq_items_physically_and_in_order" time="7.203" /><testcase classname="tests.test_site_menus_footer_cleanup.TestSiteMenusFooterCleanup" name="test_get_site_menus_exposes_footer_enabled_links_custom_text" time="4.439" /><testcase classname="tests.test_site_menus_footer_cleanup.TestSiteMenusFooterCleanup" name="test_get_migrates_missing_footer_without_losing_faq_or_contact" time="4.812" /><testcase classname="tests.test_site_menus_support.TestSiteMenusSupport" name="test_get_returns_exact_saved_faq_items_not_hardcoded_defaults" time="3.161" /><testcase classname="tests.test_site_menus_footer_cleanup.TestSiteMenusFooterCleanup" name="test_patch_footer_persists_and_keeps_other_sections_unchanged" time="5.065" /><testcase classname="tests.test_site_menus_support.TestSiteMenusSupport" name="test_patch_faq_add_edit_reorder_delete_without_touching_other_fields" time="4.566"><failure message="AssertionError: assert {'enabled': T...tom_text': ''} == {'enabled': F...ter contract'}&#10;  &#10;  Differing items:&#10;  {'custom_text': ''} != {'custom_text': '© QA footer contract'}&#10;  {'enabled': True} != {'enabled': False}&#10;  {'links': []} != {'links': [{'id': 'footer-page-returns', 'label': 'Returns', 'link_type': 'page', 'url': '', ...}, {'id': 'footer-url-orders', 'label': 'Track order', 'link_type': 'url', 'url': 'https://example.com/orders', ...}]}&#10;  &#10;  Full diff:...&#10;  &#10;  ...Full output truncated (26 lines hidden), use '-vv' to show">backend/tests/test_site_menus_support.py:126: in test_patch_faq_add_edit_reorder_delete_without_touching_other_fields
    assert deleted_data["footer"] == baseline["footer"]
E   AssertionError: assert {'enabled': T...tom_text': ''} == {'enabled': F...ter contract'}
E     
E     Differing items:
E     {'custom_text': ''} != {'custom_text': '© QA footer contract'}
E     {'enabled': True} != {'enabled': False}
E     {'links': []} != {'links': [{'id': 'footer-page-returns', 'label': 'Returns', 'link_type': 'page', 'url': '', ...}, {'id': 'footer-url-orders', 'label': 'Track order', 'link_type': 'url', 'url': 'https://example.com/orders', ...}]}
E     
E     Full diff:...
E     
E     ...Full output truncated (26 lines hidden), use '-vv' to show</failure></testcase><testcase classname="tests.test_site_menus_footer_cleanup.TestSiteMenusFooterCleanup" name="test_patch_footer_rejects_invalid_payloads" time="3.369" /><testcase classname="tests.test_site_menus_support.TestSiteMenusSupport" name="test_footer_persists_enabled_links_and_custom_text" time="4.877"><failure message="AssertionError: assert {'enabled': F...ter contract'} == {'enabled': F... 345 678 901'}&#10;  &#10;  Omitting 1 identical items, use -vv to show&#10;  Differing items:&#10;  {'custom_text': '© QA footer contract'} != {'custom_text': '© QA Footer · ABN 12 345 678 901'}&#10;  {'links': [{'id': 'footer-page-returns', 'label': 'Returns', 'link_type': 'page', 'url': '', ...}, {'id': 'footer-url-orders', 'label': 'Track order', 'link_type': 'url', 'url': 'https://example.com/orders', ...}]} != {'links': [{'id': 'qa-footer-returns', 'label': 'Returns', 'link_type': 'page', 'page': 'returns-policy', ...}, {'id': 'qa-footer-status', 'label': 'Order status', 'link_type': 'url', 'url': 'https://example.com/orders', ...}]}&#10;  &#10;  Full diff:...&#10;  &#10;  ...Full output truncated (31 lines hidden), use '-vv' to show">backend/tests/test_site_menus_support.py:144: in test_footer_persists_enabled_links_and_custom_text
    assert persisted["footer"] == footer
E   AssertionError: assert {'enabled': F...ter contract'} == {'enabled': F... 345 678 901'}
E     
E     Omitting 1 identical items, use -vv to show
E     Differing items:
E     {'custom_text': '© QA footer contract'} != {'custom_text': '© QA Footer · ABN 12 345 678 901'}
E     {'links': [{'id': 'footer-page-returns', 'label': 'Returns', 'link_type': 'page', 'url': '', ...}, {'id': 'footer-url-orders', 'label': 'Track order', 'link_type': 'url', 'url': 'https://example.com/orders', ...}]} != {'links': [{'id': 'qa-footer-returns', 'label': 'Returns', 'link_type': 'page', 'page': 'returns-policy', ...}, {'id': 'qa-footer-status', 'label': 'Order status', 'link_type': 'url', 'url': 'https://example.com/orders', ...}]}
E     
E     Full diff:...
E     
E     ...Full output truncated (31 lines hidden), use '-vv' to show</failure></testcase><testcase classname="tests.test_site_menus_support.TestSiteMenusSupport" name="test_footer_rejects_unknown_page_or_missing_external_url" time="2.853" /><testcase classname="tests.test_site_menus_support.TestSiteMenusSupport" name="test_legacy_singleton_migration_rehydrates_faq_items_on_get" time="4.962" /><testcase classname="tests.test_site_menus_support.TestSiteMenusSupport" name="test_legacy_singleton_migration_adds_footer_on_get" time="4.863" /><testcase classname="tests.test_site_menus_support.TestSiteMenusSupport" name="test_contact_route_is_explicit_when_disabled_or_key_missing" time="4.711"><failure message="assert 403 == 503&#10; +  where 403 = &lt;Response [403]&gt;.status_code">backend/tests/test_site_menus_support.py:208: in test_contact_route_is_explicit_when_disabled_or_key_missing
    assert response.status_code == 503
E   assert 403 == 503
E    +  where 403 = &lt;Response [403]&gt;.status_code</failure></testcase></testsuite></testsuites>