<?xml version="1.0" encoding="utf-8"?><testsuites name="pytest tests"><testsuite name="pytest" errors="0" failures="0" skipped="0" tests="9" time="2.862" timestamp="2026-08-21T11:49:15.950661+00:00" hostname="agent-env-cb57c2dc-66e0-464d-897d-463c5d334528"><testcase classname="tests.test_stock_status_and_archive.TestScraperStockStatusClassification" name="test_html_ended" time="0.089" /><testcase classname="tests.test_stock_status_and_archive.TestArchiveLifecycle" name="test_new_product_defaults" time="0.427" /><testcase classname="tests.test_stock_status_and_archive.TestScraperStockStatusClassification" name="test_html_sold" time="0.001" /><testcase classname="tests.test_stock_status_and_archive.TestScraperStockStatusClassification" name="test_html_out_of_stock" time="0.001" /><testcase classname="tests.test_stock_status_and_archive.TestScraperStockStatusClassification" name="test_html_live" time="0.001" /><testcase classname="tests.test_stock_status_and_archive.TestArchiveLifecycle" name="test_archive_hides_from_default_list" time="0.838" /><testcase classname="tests.test_stock_status_and_archive.TestArchiveLifecycle" name="test_restore_from_archive" time="0.504" /><testcase classname="tests.test_stock_status_and_archive.TestArchiveLifecycle" name="test_restore_does_not_reactivate_sold_product" time="0.667" /><testcase classname="tests.test_stock_status_and_archive.TestArchiveLifecycle" name="test_archive_404_on_missing" time="0.105" /></testsuite></testsuites>