<?xml version="1.0" encoding="utf-8"?><testsuites name="pytest tests"><testsuite name="pytest" errors="0" failures="0" skipped="1" tests="10" time="21.391" timestamp="2026-08-22T07:11:10.929125+00:00" hostname="agent-env-cb57c2dc-66e0-464d-897d-463c5d334528"><testcase classname="tests.test_notifications_scope.TestRemovalOrderStatusSilent" name="test_patch_order_status_does_not_emit_notification" time="0.627" /><testcase classname="tests.test_notifications_scope.TestKeepNewOrderAndLowStock" name="test_post_order_emits_new_order_and_low_stock" time="0.526" /><testcase classname="tests.test_notifications_scope.TestKeepNewCustomer" name="test_post_customer_emits_new_customer" time="0.316" /><testcase classname="tests.test_notifications_scope.TestNewPayment" name="test_successful_charge_emits_new_payment" time="0.435" /><testcase classname="tests.test_notifications_scope.TestNewPayment" name="test_refund_does_not_emit_new_payment" time="0.351" /><testcase classname="tests.test_notifications_scope.TestNewPayment" name="test_failed_charge_does_not_emit_new_payment" time="0.320" /><testcase classname="tests.test_notifications_scope.TestCancellationRequest" name="test_post_return_emits_cancellation_request" time="0.433" /><testcase classname="tests.test_notifications_scope.TestScrapeFailed" name="test_bogus_ebay_url_emits_scrape_failed" time="17.871" /><testcase classname="tests.test_notifications_scope.TestSchedulerRunNow" name="test_manual_scheduler_run_returns_ok" time="0.000"><skipped type="pytest.skip" message="POST /api/scraper/schedule/run-now blocks backend for many minutes iterating real eBay URLs which hit anti-bot. Covered by scheduler-history tests already.">/app/backend/tests/test_notifications_scope.py:213: POST /api/scraper/schedule/run-now blocks backend for many minutes iterating real eBay URLs which hit anti-bot. Covered by scheduler-history tests already.</skipped></testcase><testcase classname="tests.test_notifications_scope.TestFormatNotificationHTML" name="test_format_new_types" time="0.432" /></testsuite></testsuites>