<?xml version="1.0" encoding="utf-8"?><testsuites name="pytest tests"><testsuite name="pytest" errors="0" failures="1" skipped="0" tests="12" time="101.250" timestamp="2026-09-25T12:20:54.625220+00:00" hostname="agent-env-cb57c2dc-66e0-464d-897d-463c5d334528"><testcase classname="tests.test_site_menus_support.TestSiteMenusSupport" name="test_patch_persists_unique_faq_items_physically_and_in_order" time="4.900" /><testcase classname="tests.test_site_menus_support.TestSiteMenusSupport" name="test_get_returns_exact_saved_faq_items_not_hardcoded_defaults" time="3.154" /><testcase classname="tests.test_site_menus_support.TestSiteMenusSupport" name="test_patch_faq_add_edit_reorder_delete_without_touching_other_fields" time="5.681" /><testcase classname="tests.test_site_menus_support.TestSiteMenusSupport" name="test_footer_persists_enabled_links_and_custom_text" time="4.960" /><testcase classname="tests.test_site_menus_support.TestSiteMenusSupport" name="test_footer_rejects_unknown_page_or_missing_external_url" time="2.764" /><testcase classname="tests.test_site_menus_support.TestSiteMenusSupport" name="test_legacy_singleton_migration_rehydrates_faq_items_on_get" time="4.993" /><testcase classname="tests.test_site_menus_support.TestSiteMenusSupport" name="test_legacy_singleton_migration_adds_footer_on_get" time="4.894" /><testcase classname="tests.test_site_menus_support.TestSiteMenusSupport" name="test_contact_route_is_explicit_when_disabled_or_key_missing" time="50.815"><failure message="assert 403 == 503&#10; +  where 403 = &lt;Response [403]&gt;.status_code">backend/tests/test_site_menus_support.py:208: in test_contact_route_is_explicit_when_disabled_or_key_missing
    assert response.status_code == 503
E   assert 403 == 503
E    +  where 403 = &lt;Response [403]&gt;.status_code</failure></testcase><testcase classname="tests.test_site_menus_footer_cleanup.TestSiteMenusFooterCleanup" name="test_get_site_menus_exposes_footer_enabled_links_custom_text" time="2.609" /><testcase classname="tests.test_site_menus_footer_cleanup.TestSiteMenusFooterCleanup" name="test_get_migrates_missing_footer_without_losing_faq_or_contact" time="7.213" /><testcase classname="tests.test_site_menus_footer_cleanup.TestSiteMenusFooterCleanup" name="test_patch_footer_persists_and_keeps_other_sections_unchanged" time="5.063" /><testcase classname="tests.test_site_menus_footer_cleanup.TestSiteMenusFooterCleanup" name="test_patch_footer_rejects_invalid_payloads" time="3.291" /></testsuite></testsuites>