<?xml version="1.0" encoding="utf-8"?><testsuites name="pytest tests"><testsuite name="pytest" errors="0" failures="0" skipped="0" tests="6" time="17.199" timestamp="2026-09-24T12:53:30.727368+00:00" hostname="agent-env-cb57c2dc-66e0-464d-897d-463c5d334528"><testcase classname="tests.test_payment_gateway_settings.TestPaymentGatewaySettings" name="test_saves_provider_settings_and_masks_secrets" time="4.451" /><testcase classname="tests.test_payment_gateway_settings.TestPaymentGatewaySettings" name="test_get_has_safe_default_shape" time="0.324" /><testcase classname="tests.test_payment_gateway_settings.TestPaymentGatewaySettings" name="test_pcstore_endpoints_mask_public_data_and_require_shared_secret" time="4.514" /><testcase classname="tests.test_payment_gateway_settings.TestPaymentGatewaySettings" name="test_patch_rejects_invalid_stripe_prefixes" time="0.391" /><testcase classname="tests.test_payment_gateway_settings.TestPaymentGatewaySettings" name="test_payment_gateway_public_endpoint_is_exempt_from_country_lock" time="2.863" /><testcase classname="tests.test_payment_gateway_settings.TestPaymentGatewaySettings" name="test_paypal_blank_secret_is_ignored_and_keeps_other_provider_state" time="3.904" /></testsuite></testsuites>