<?xml version="1.0" encoding="utf-8"?><testsuites name="pytest tests"><testsuite name="pytest" errors="0" failures="0" skipped="0" tests="3" time="8.716" timestamp="2026-09-24T12:35:37.127583+00:00" hostname="agent-env-cb57c2dc-66e0-464d-897d-463c5d334528"><testcase classname="tests.test_payment_gateway_settings.TestPaymentGatewaySettings" name="test_saves_provider_settings_and_masks_secrets" time="3.738" /><testcase classname="tests.test_payment_gateway_settings.TestPaymentGatewaySettings" name="test_get_has_safe_default_shape" time="0.314" /><testcase classname="tests.test_payment_gateway_settings.TestPaymentGatewaySettings" name="test_paypal_blank_secret_is_ignored_and_keeps_other_provider_state" time="3.852" /></testsuite></testsuites>