<?xml version="1.0" encoding="utf-8"?><testsuites name="pytest tests"><testsuite name="pytest" errors="0" failures="0" skipped="0" tests="2" time="4.694" timestamp="2026-09-24T12:33:51.465421+00:00" hostname="agent-env-cb57c2dc-66e0-464d-897d-463c5d334528"><testcase classname="tests.test_payment_gateway_settings.TestPaymentGatewaySettings" name="test_saves_provider_settings_and_masks_secrets" time="3.783" /><testcase classname="tests.test_payment_gateway_settings.TestPaymentGatewaySettings" name="test_get_has_safe_default_shape" time="0.338" /></testsuite></testsuites>