<?xml version="1.0" encoding="utf-8"?><testsuites name="pytest tests"><testsuite name="pytest" errors="0" failures="0" skipped="0" tests="3" time="12.226" timestamp="2026-09-23T11:46:05.944369+00:00" hostname="agent-env-cb57c2dc-66e0-464d-897d-463c5d334528"><testcase classname="tests.test_site_menus_support.TestSiteMenusSupport" name="test_get_exposes_dynamic_faq_and_contact_form" time="5.571" /><testcase classname="tests.test_site_menus_support.TestSiteMenusSupport" name="test_faqs_can_be_added_edited_reordered_and_deleted" time="2.507" /><testcase classname="tests.test_site_menus_support.TestSiteMenusSupport" name="test_contact_route_is_explicit_when_disabled_or_key_missing" time="3.814" /></testsuite></testsuites>