<?xml version="1.0" encoding="utf-8"?><testsuites name="pytest tests"><testsuite name="pytest" errors="16" failures="6" skipped="2" tests="175" time="66.051" timestamp="2026-08-22T08:25:43.110348+00:00" hostname="agent-env-cb57c2dc-66e0-464d-897d-463c5d334528"><testcase classname="tests.test_aliko_portal_flow" name="test_register_success_and_customer_persisted" time="0.394" /><testcase classname="tests.test_aliko_portal_flow" name="test_orders_endpoint_returns_three_orders_with_correct_flags" time="0.101" /><testcase classname="tests.test_aliko_portal_flow" name="test_write_review_on_delivered_order" time="0.318" /><testcase classname="tests.test_aliko_portal_flow" name="test_second_review_on_same_order_returns_409" time="0.208" /><testcase classname="tests.test_aliko_portal_flow" name="test_review_on_pending_order_rejected" time="0.202" /><testcase classname="tests.test_aliko_portal_flow" name="test_login_after_register_returns_valid_token" time="0.448" /><testcase classname="tests.test_breadcrumb_filter.TestCleanBreadcrumbTrail" name="test_strips_ebay_prefix" time="0.003" /><testcase classname="tests.test_breadcrumb_filter.TestCleanBreadcrumbTrail" name="test_strips_see_more" time="0.001" /><testcase classname="tests.test_breadcrumb_filter.TestCleanBreadcrumbTrail" name="test_strips_see_all_view_all_show_more" time="0.001" /><testcase classname="tests.test_breadcrumb_filter.TestCleanBreadcrumbTrail" name="test_strips_ellipsis_and_home" time="0.001" /><testcase classname="tests.test_breadcrumb_filter.TestCleanBreadcrumbTrail" name="test_collapses_consecutive_duplicates" time="0.001" /><testcase classname="tests.test_breadcrumb_filter.TestCleanBreadcrumbTrail" name="test_case_insensitive_duplicate_collapse" time="0.001" /><testcase classname="tests.test_breadcrumb_filter.TestCleanBreadcrumbTrail" name="test_ignores_empty_and_whitespace" time="0.001" /><testcase classname="tests.test_breadcrumb_filter.TestCleanBreadcrumbTrail" name="test_strips_trailing_arrows_and_punctuation" time="0.001" /><testcase classname="tests.test_breadcrumb_filter.TestPickMeaningfulLeaf" name="test_returns_none_for_empty" time="0.001" /><testcase classname="tests.test_breadcrumb_filter.TestPickMeaningfulLeaf" name="test_returns_only_element" time="0.001" /><testcase classname="tests.test_breadcrumb_filter.TestPickMeaningfulLeaf" name="test_returns_leaf_by_default" time="0.000" /><testcase classname="tests.test_breadcrumb_filter.TestPickMeaningfulLeaf" name="test_falls_back_when_leaf_too_long" time="0.000" /><testcase classname="tests.test_breadcrumb_filter.TestPickMeaningfulLeaf" name="test_falls_back_when_leaf_has_parenthesised_qualifier" time="0.001" /><testcase classname="tests.test_breadcrumb_filter.TestPickMeaningfulLeaf" name="test_falls_back_when_leaf_is_chained_slash_and" time="0.000" /><testcase classname="tests.test_breadcrumb_filter.TestPickMeaningfulLeaf" name="test_falls_back_when_leaf_equals_parent_case_insensitive" time="0.000" /><testcase classname="tests.test_breadcrumb_filter.TestPickMeaningfulLeaf" name="test_falls_back_when_leaf_is_sku_style" time="0.000" /><testcase classname="tests.test_breadcrumb_filter.TestPickMeaningfulLeaf" name="test_keeps_leaf_with_single_ampersand" time="0.001" /><testcase classname="tests.test_breadcrumb_filter.TestPickMeaningfulLeaf" name="test_leaf_with_no_parent_returns_leaf_even_if_specific" time="0.000" /><testcase classname="tests.test_breadcrumb_filter.TestEnsureEbayCategoryUsesFilter" name="test_car_audio_example_from_user" time="0.002" /><testcase classname="tests.test_breadcrumb_filter.TestEnsureEbayCategoryUsesFilter" name="test_see_more_row_is_ignored" time="0.002" /><testcase classname="tests.test_breadcrumb_filter.TestEnsureEbayCategoryUsesFilter" name="test_falls_back_when_leaf_is_over_specific" time="0.002" /><testcase classname="tests.test_breadcrumb_integration.TestExtractBreadcrumbsFiltersNoise" name="test_strips_see_more_from_jsonld" time="0.005" /><testcase classname="tests.test_breadcrumb_integration.TestExtractBreadcrumbsFiltersNoise" name="test_strips_multiple_noise_tokens" time="0.001" /><testcase classname="tests.test_breadcrumb_integration.TestParseAndEnrichCleansBreadcrumbs" name="test_ebay_category_path_has_no_noise" time="0.004" /><testcase classname="tests.test_breadcrumb_integration.TestFromItemUsesLeafCategory" name="test_creates_category_from_leaf_and_products_filter_by_slug" time="0.173"><failure message="AssertionError: ISSUE: 'eBay Motors' store prefix leaks into Category.description because _BREADCRUMB_NOISE_EXACT only lists 'ebay' (single word). Consider adding an 'ebay *' pattern or extending the exact set.&#10;assert 'eBay Motors' not in 'eBay Motors...n-Dash Units'&#10;  &#10;  'eBay Motors' is contained here:&#10;    eBay Motors &gt; Vehicle Parts &amp; Accessories &gt; Vehicle Electronics &amp; GPS &gt; TEST BC ca6542e6 Car Audio &gt; TEST BC ca6542e6 Car Audio In-Dash Units&#10;  ? +++++++++++">E   AssertionError: ISSUE: 'eBay Motors' store prefix leaks into Category.description because _BREADCRUMB_NOISE_EXACT only lists 'ebay' (single word). Consider adding an 'ebay *' pattern or extending the exact set.
    assert 'eBay Motors' not in 'eBay Motors...n-Dash Units'
      
      'eBay Motors' is contained here:
        eBay Motors &gt; Vehicle Parts &amp; Accessories &gt; Vehicle Electronics &amp; GPS &gt; TEST BC ca6542e6 Car Audio &gt; TEST BC ca6542e6 Car Audio In-Dash Units
      ? +++++++++++</failure></testcase><testcase classname="tests.test_customer_email_notifications.TestPushSettingsShape" name="test_get_settings_has_customer_fields" time="0.140" /><testcase classname="tests.test_customer_email_notifications.TestPushSettingsShape" name="test_defaults_are_true_when_all_on" time="0.129" /><testcase classname="tests.test_customer_email_notifications.TestPushSettingsPatch" name="test_patch_two_toggles_off_persists" time="0.138" /><testcase classname="tests.test_customer_email_notifications.TestPushSettingsPatch" name="test_patch_round_trip_all_true" time="0.218" /><testcase classname="tests.test_customer_email_notifications.TestPushSettingsPatch" name="test_patch_master_off_only" time="0.175" /><testcase classname="tests.test_customer_email_notifications.TestSendCustomerEmailHelper" name="test_returns_skipped_no_recipient_when_no_email" time="0.045" /><testcase classname="tests.test_customer_email_notifications.TestSendCustomerEmailHelper" name="test_master_off_returns_skipped_master_off" time="0.088"><failure message="RuntimeError: Task &lt;Task pending name='Task-33' coro=&lt;send_customer_email() running at /app/backend/helpers.py:845&gt; cb=[_run_until_complete_cb() at /usr/local/lib/python3.11/asyncio/base_events.py:181]&gt; got Future &lt;Future pending cb=[_chain_future.&lt;locals&gt;._call_check_cancel() at /usr/local/lib/python3.11/asyncio/futures.py:387]&gt; attached to a different loop">E   RuntimeError: Task &lt;Task pending name='Task-33' coro=&lt;send_customer_email() running at /app/backend/helpers.py:845&gt; cb=[_run_until_complete_cb() at /usr/local/lib/python3.11/asyncio/base_events.py:181]&gt; got Future &lt;Future pending cb=[_chain_future.&lt;locals&gt;._call_check_cancel() at /usr/local/lib/python3.11/asyncio/futures.py:387]&gt; attached to a different loop</failure></testcase><testcase classname="tests.test_customer_email_notifications.TestSendCustomerEmailHelper" name="test_specific_toggle_off_returns_skipped_disabled" time="0.091"><failure message="RuntimeError: Task &lt;Task pending name='Task-34' coro=&lt;send_customer_email() running at /app/backend/helpers.py:845&gt; cb=[_run_until_complete_cb() at /usr/local/lib/python3.11/asyncio/base_events.py:181]&gt; got Future &lt;Future pending cb=[_chain_future.&lt;locals&gt;._call_check_cancel() at /usr/local/lib/python3.11/asyncio/futures.py:387]&gt; attached to a different loop">E   RuntimeError: Task &lt;Task pending name='Task-34' coro=&lt;send_customer_email() running at /app/backend/helpers.py:845&gt; cb=[_run_until_complete_cb() at /usr/local/lib/python3.11/asyncio/base_events.py:181]&gt; got Future &lt;Future pending cb=[_chain_future.&lt;locals&gt;._call_check_cancel() at /usr/local/lib/python3.11/asyncio/futures.py:387]&gt; attached to a different loop</failure></testcase><testcase classname="tests.test_customer_email_notifications.TestSendCustomerEmailHelper" name="test_no_key_returns_skipped_no_key" time="0.093"><failure message="RuntimeError: Task &lt;Task pending name='Task-35' coro=&lt;send_customer_email() running at /app/backend/helpers.py:845&gt; cb=[_run_until_complete_cb() at /usr/local/lib/python3.11/asyncio/base_events.py:181]&gt; got Future &lt;Future pending cb=[_chain_future.&lt;locals&gt;._call_check_cancel() at /usr/local/lib/python3.11/asyncio/futures.py:387]&gt; attached to a different loop">E   RuntimeError: Task &lt;Task pending name='Task-35' coro=&lt;send_customer_email() running at /app/backend/helpers.py:845&gt; cb=[_run_until_complete_cb() at /usr/local/lib/python3.11/asyncio/base_events.py:181]&gt; got Future &lt;Future pending cb=[_chain_future.&lt;locals&gt;._call_check_cancel() at /usr/local/lib/python3.11/asyncio/futures.py:387]&gt; attached to a different loop</failure></testcase><testcase classname="tests.test_customer_email_notifications.TestSendCustomerEmailHelper" name="test_unknown_kind_returns_skipped_disabled" time="0.045" /><testcase classname="tests.test_customer_email_notifications.TestOrderEndpointsCustomerEmailIntegration" name="test_create_order_200_with_confirmation_off" time="0.134" /><testcase classname="tests.test_customer_email_notifications.TestOrderEndpointsCustomerEmailIntegration" name="test_create_order_200_with_all_toggles_on" time="0.092" /><testcase classname="tests.test_customer_email_notifications.TestOrderEndpointsCustomerEmailIntegration" name="test_patch_order_status_returns_200[processing]" time="0.181" /><testcase classname="tests.test_customer_email_notifications.TestOrderEndpointsCustomerEmailIntegration" name="test_patch_order_status_returns_200[shipped]" time="0.142" /><testcase classname="tests.test_customer_email_notifications.TestOrderEndpointsCustomerEmailIntegration" name="test_patch_order_status_returns_200[delivered]" time="0.138" /><testcase classname="tests.test_customer_email_notifications.TestOrderEndpointsCustomerEmailIntegration" name="test_patch_order_status_returns_200[cancelled]" time="0.173" /><testcase classname="tests.test_customer_email_notifications.TestOrderEndpointsCustomerEmailIntegration" name="test_patch_order_status_returns_200[paid]" time="0.176" /><testcase classname="tests.test_customer_email_notifications.TestOrderEndpointsCustomerEmailIntegration" name="test_patch_order_status_returns_200[ready_to_ship]" time="0.178" /><testcase classname="tests.test_customer_email_notifications.TestOrderEndpointsCustomerEmailIntegration" name="test_patch_order_status_returns_200[refunded]" time="0.143" /><testcase classname="tests.test_customer_email_notifications.TestOrderEndpointsCustomerEmailIntegration" name="test_patch_order_status_returns_200[on_hold]" time="0.139" /><testcase classname="tests.test_customer_email_notifications.TestPortalRegisterWelcomeEmail" name="test_portal_register_calls_welcome_email_helper" time="0.333" /><testcase classname="tests.test_customer_email_notifications.TestResendKeyReuse" name="test_no_separate_customer_resend_key" time="0.130" /><testcase classname="tests.test_customer_portal.TestPortalRegister" name="test_register_requires_prior_order" time="0.165" /><testcase classname="tests.test_customer_portal.TestPortalRegister" name="test_register_rejects_short_password" time="0.094" /><testcase classname="tests.test_customer_portal.TestPortalRegister" name="test_register_returns_token" time="0.249" /><testcase classname="tests.test_customer_portal.TestPortalLogin" name="test_login_bad_credentials" time="0.103" /><testcase classname="tests.test_customer_portal.TestPortalLogin" name="test_login_success" time="0.555" /><testcase classname="tests.test_customer_portal.TestPortalLogin" name="test_me_requires_auth" time="0.086" /><testcase classname="tests.test_customer_portal.TestPortalReviewFlow" name="test_orders_include_review_flags" time="0.663" /><testcase classname="tests.test_customer_portal.TestPortalReviewFlow" name="test_review_unpurchased_product_rejected" time="0.651" /><testcase classname="tests.test_customer_portal.TestPortalReviewFlow" name="test_rating_range_enforced" time="0.632" /><testcase classname="tests.test_customer_portal.TestPortalReviewFlow" name="test_public_reviews_endpoint_returns_aggregate" time="0.242" /><testcase classname="tests.test_customer_portal.TestReviewVoting" name="test_vote_requires_auth" time="0.112" /><testcase classname="tests.test_customer_portal.TestReviewVoting" name="test_vote_missing_review_404" time="0.683" /><testcase classname="tests.test_customer_portal.TestReviewVoting" name="test_vote_bad_value_400" time="0.746" /><testcase classname="tests.test_detail_pages_backend.TestProductDetail" name="test_get_seeded_product_full_payload" time="0.247" /><testcase classname="tests.test_detail_pages_backend.TestProductDetail" name="test_patch_title_and_verify" time="0.404" /><testcase classname="tests.test_detail_pages_backend.TestProductDetail" name="test_patch_category_and_verify" time="0.496" /><testcase classname="tests.test_detail_pages_backend.TestProductDetail" name="test_delete_product" time="0.312" /><testcase classname="tests.test_detail_pages_backend.TestOrderDetail" name="test_get_seeded_order" time="0.205" /><testcase classname="tests.test_detail_pages_backend.TestOrderDetail" name="test_patch_order_status_cycle" time="1.079" /><testcase classname="tests.test_ebay_category_api.TestAutoCategoryOnAddToProducts" name="test_before_and_after_categories" time="0.323" /><testcase classname="tests.test_ebay_category_api.TestBulkAddToProducts" name="test_bulk_creates_categories_for_each" time="0.234" /><testcase classname="tests.test_ebay_category_api.TestNoDuplicateCategory" name="test_duplicate_import_no_duplicate_row" time="0.337" /><testcase classname="tests.test_ebay_category_api.TestSeededCategoriesPreserved" name="test_seed_categories_present" time="0.302" /><testcase classname="tests.test_ebay_category_api.TestCategoryFilterRegression" name="test_filter_by_auto_created_slug" time="0.226" /><testcase classname="tests.test_ebay_category_autocreate.TestEnsureEbayCategory" name="test_returns_none_for_empty_breadcrumbs" time="0.001"><error message="failed on setup with &quot;RuntimeError: Task &lt;Task pending name='Task-42' coro=&lt;cleanup_test_cats.&lt;locals&gt;._wipe() running at /app/backend/tests/test_ebay_category_autocreate.py:32&gt; cb=[_run_until_complete_cb() at /usr/local/lib/python3.11/asyncio/base_events.py:181]&gt; got Future &lt;Future pending cb=[_chain_future.&lt;locals&gt;._call_check_cancel() at /usr/local/lib/python3.11/asyncio/futures.py:387]&gt; attached to a different loop&quot;">E   RuntimeError: Task &lt;Task pending name='Task-42' coro=&lt;cleanup_test_cats.&lt;locals&gt;._wipe() running at /app/backend/tests/test_ebay_category_autocreate.py:32&gt; cb=[_run_until_complete_cb() at /usr/local/lib/python3.11/asyncio/base_events.py:181]&gt; got Future &lt;Future pending cb=[_chain_future.&lt;locals&gt;._call_check_cancel() at /usr/local/lib/python3.11/asyncio/futures.py:387]&gt; attached to a different loop</error></testcase><testcase classname="tests.test_ebay_category_autocreate.TestEnsureEbayCategory" name="test_returns_none_for_none" time="0.000"><error message="failed on setup with &quot;RuntimeError: Task &lt;Task pending name='Task-43' coro=&lt;cleanup_test_cats.&lt;locals&gt;._wipe() running at /app/backend/tests/test_ebay_category_autocreate.py:32&gt; cb=[_run_until_complete_cb() at /usr/local/lib/python3.11/asyncio/base_events.py:181]&gt; got Future &lt;Future pending cb=[_chain_future.&lt;locals&gt;._call_check_cancel() at /usr/local/lib/python3.11/asyncio/futures.py:387]&gt; attached to a different loop&quot;">E   RuntimeError: Task &lt;Task pending name='Task-43' coro=&lt;cleanup_test_cats.&lt;locals&gt;._wipe() running at /app/backend/tests/test_ebay_category_autocreate.py:32&gt; cb=[_run_until_complete_cb() at /usr/local/lib/python3.11/asyncio/base_events.py:181]&gt; got Future &lt;Future pending cb=[_chain_future.&lt;locals&gt;._call_check_cancel() at /usr/local/lib/python3.11/asyncio/futures.py:387]&gt; attached to a different loop</error></testcase><testcase classname="tests.test_ebay_category_autocreate.TestEnsureEbayCategory" name="test_returns_none_when_only_ebay_prefix" time="0.001"><error message="failed on setup with &quot;RuntimeError: Task &lt;Task pending name='Task-44' coro=&lt;cleanup_test_cats.&lt;locals&gt;._wipe() running at /app/backend/tests/test_ebay_category_autocreate.py:32&gt; cb=[_run_until_complete_cb() at /usr/local/lib/python3.11/asyncio/base_events.py:181]&gt; got Future &lt;Future pending cb=[_chain_future.&lt;locals&gt;._call_check_cancel() at /usr/local/lib/python3.11/asyncio/futures.py:387]&gt; attached to a different loop&quot;">E   RuntimeError: Task &lt;Task pending name='Task-44' coro=&lt;cleanup_test_cats.&lt;locals&gt;._wipe() running at /app/backend/tests/test_ebay_category_autocreate.py:32&gt; cb=[_run_until_complete_cb() at /usr/local/lib/python3.11/asyncio/base_events.py:181]&gt; got Future &lt;Future pending cb=[_chain_future.&lt;locals&gt;._call_check_cancel() at /usr/local/lib/python3.11/asyncio/futures.py:387]&gt; attached to a different loop</error></testcase><testcase classname="tests.test_ebay_category_autocreate.TestEnsureEbayCategory" name="test_creates_new_category_from_leaf" time="0.000"><error message="failed on setup with &quot;RuntimeError: Task &lt;Task pending name='Task-45' coro=&lt;cleanup_test_cats.&lt;locals&gt;._wipe() running at /app/backend/tests/test_ebay_category_autocreate.py:32&gt; cb=[_run_until_complete_cb() at /usr/local/lib/python3.11/asyncio/base_events.py:181]&gt; got Future &lt;Future pending cb=[_chain_future.&lt;locals&gt;._call_check_cancel() at /usr/local/lib/python3.11/asyncio/futures.py:387]&gt; attached to a different loop&quot;">E   RuntimeError: Task &lt;Task pending name='Task-45' coro=&lt;cleanup_test_cats.&lt;locals&gt;._wipe() running at /app/backend/tests/test_ebay_category_autocreate.py:32&gt; cb=[_run_until_complete_cb() at /usr/local/lib/python3.11/asyncio/base_events.py:181]&gt; got Future &lt;Future pending cb=[_chain_future.&lt;locals&gt;._call_check_cancel() at /usr/local/lib/python3.11/asyncio/futures.py:387]&gt; attached to a different loop</error></testcase><testcase classname="tests.test_ebay_category_autocreate.TestEnsureEbayCategory" name="test_reuses_existing_category_by_slug" time="0.000"><error message="failed on setup with &quot;RuntimeError: Task &lt;Task pending name='Task-46' coro=&lt;cleanup_test_cats.&lt;locals&gt;._wipe() running at /app/backend/tests/test_ebay_category_autocreate.py:32&gt; cb=[_run_until_complete_cb() at /usr/local/lib/python3.11/asyncio/base_events.py:181]&gt; got Future &lt;Future pending cb=[_chain_future.&lt;locals&gt;._call_check_cancel() at /usr/local/lib/python3.11/asyncio/futures.py:387]&gt; attached to a different loop&quot;">E   RuntimeError: Task &lt;Task pending name='Task-46' coro=&lt;cleanup_test_cats.&lt;locals&gt;._wipe() running at /app/backend/tests/test_ebay_category_autocreate.py:32&gt; cb=[_run_until_complete_cb() at /usr/local/lib/python3.11/asyncio/base_events.py:181]&gt; got Future &lt;Future pending cb=[_chain_future.&lt;locals&gt;._call_check_cancel() at /usr/local/lib/python3.11/asyncio/futures.py:387]&gt; attached to a different loop</error></testcase><testcase classname="tests.test_ebay_category_autocreate.TestEnsureEbayCategory" name="test_case_insensitive_match_by_name" time="0.000"><error message="failed on setup with &quot;RuntimeError: Task &lt;Task pending name='Task-47' coro=&lt;cleanup_test_cats.&lt;locals&gt;._wipe() running at /app/backend/tests/test_ebay_category_autocreate.py:32&gt; cb=[_run_until_complete_cb() at /usr/local/lib/python3.11/asyncio/base_events.py:181]&gt; got Future &lt;Future pending cb=[_chain_future.&lt;locals&gt;._call_check_cancel() at /usr/local/lib/python3.11/asyncio/futures.py:387]&gt; attached to a different loop&quot;">E   RuntimeError: Task &lt;Task pending name='Task-47' coro=&lt;cleanup_test_cats.&lt;locals&gt;._wipe() running at /app/backend/tests/test_ebay_category_autocreate.py:32&gt; cb=[_run_until_complete_cb() at /usr/local/lib/python3.11/asyncio/base_events.py:181]&gt; got Future &lt;Future pending cb=[_chain_future.&lt;locals&gt;._call_check_cancel() at /usr/local/lib/python3.11/asyncio/futures.py:387]&gt; attached to a different loop</error></testcase><testcase classname="tests.test_ebay_category_autocreate.TestEnsureEbayCategory" name="test_group_falls_back_to_imported_for_single_crumb" time="0.000"><error message="failed on setup with &quot;RuntimeError: Task &lt;Task pending name='Task-48' coro=&lt;cleanup_test_cats.&lt;locals&gt;._wipe() running at /app/backend/tests/test_ebay_category_autocreate.py:32&gt; cb=[_run_until_complete_cb() at /usr/local/lib/python3.11/asyncio/base_events.py:181]&gt; got Future &lt;Future pending cb=[_chain_future.&lt;locals&gt;._call_check_cancel() at /usr/local/lib/python3.11/asyncio/futures.py:387]&gt; attached to a different loop&quot;">E   RuntimeError: Task &lt;Task pending name='Task-48' coro=&lt;cleanup_test_cats.&lt;locals&gt;._wipe() running at /app/backend/tests/test_ebay_category_autocreate.py:32&gt; cb=[_run_until_complete_cb() at /usr/local/lib/python3.11/asyncio/base_events.py:181]&gt; got Future &lt;Future pending cb=[_chain_future.&lt;locals&gt;._call_check_cancel() at /usr/local/lib/python3.11/asyncio/futures.py:387]&gt; attached to a different loop</error></testcase><testcase classname="tests.test_notifications_scope.TestRemovalOrderStatusSilent" name="test_patch_order_status_does_not_emit_notification" time="0.495" /><testcase classname="tests.test_notifications_scope.TestKeepNewOrderAndLowStock" name="test_post_order_emits_new_order_and_low_stock" time="0.445"><failure message="AssertionError: assert 28 == (29 + 1)&#10; +  where 28 = _notif_count('new_order')">E   AssertionError: assert 28 == (29 + 1)
     +  where 28 = _notif_count('new_order')</failure></testcase><testcase classname="tests.test_notifications_scope.TestKeepNewCustomer" name="test_post_customer_emits_new_customer" time="0.318" /><testcase classname="tests.test_notifications_scope.TestNewPayment" name="test_successful_charge_emits_new_payment" time="0.417" /><testcase classname="tests.test_notifications_scope.TestNewPayment" name="test_refund_does_not_emit_new_payment" time="0.296" /><testcase classname="tests.test_notifications_scope.TestNewPayment" name="test_failed_charge_does_not_emit_new_payment" time="0.346" /><testcase classname="tests.test_notifications_scope.TestCancellationRequest" name="test_post_return_emits_cancellation_request" time="0.406" /><testcase classname="tests.test_notifications_scope.TestScrapeFailed" name="test_bogus_ebay_url_emits_scrape_failed" time="17.463"><skipped type="pytest.skip" message="Ingress proxy timeout (Cloudflare) — backend not reached; scrape_failed emit path is verified by the manual smoke test.">/app/backend/tests/test_notifications_scope.py:196: Ingress proxy timeout (Cloudflare) — backend not reached; scrape_failed emit path is verified by the manual smoke test.</skipped></testcase><testcase classname="tests.test_notifications_scope.TestSchedulerRunNow" name="test_manual_scheduler_run_returns_ok" time="0.000"><skipped type="pytest.skip" message="POST /api/scraper/schedule/run-now blocks backend for many minutes iterating real eBay URLs which hit anti-bot. Covered by scheduler-history tests already.">/app/backend/tests/test_notifications_scope.py:218: POST /api/scraper/schedule/run-now blocks backend for many minutes iterating real eBay URLs which hit anti-bot. Covered by scheduler-history tests already.</skipped></testcase><testcase classname="tests.test_notifications_scope.TestFormatNotificationHTML" name="test_format_new_types" time="0.002" /><testcase classname="tests.test_product_code.TestProductCodeFormat" name="test_keyboard_friday_21_aug_2026" time="0.000" /><testcase classname="tests.test_product_code.TestProductCodeFormat" name="test_first_non_alpha_stripped" time="0.000" /><testcase classname="tests.test_product_code.TestProductCodeFormat" name="test_empty_title_uses_x" time="0.000" /><testcase classname="tests.test_product_code.TestProductCodeFormat" name="test_first_letter_uppercased" time="0.000" /><testcase classname="tests.test_product_code.TestProductCodeFormat" name="test_day_letter_matches_weekday" time="0.000" /><testcase classname="tests.test_product_code.TestProductCodeFormat" name="test_month_year_pattern" time="0.000" /><testcase classname="tests.test_product_code.TestProductCodeFormat" name="test_two_digit_day_and_month" time="0.000" /><testcase classname="tests.test_product_code.TestProductCodeUniqueness" name="test_dedup_suffix" time="0.001"><failure message="ValueError: The future belongs to a different loop than the one specified as the loop argument">E   ValueError: The future belongs to a different loop than the one specified as the loop argument</failure></testcase><testcase classname="tests.test_product_code.TestProductCodeUniqueness" name="test_new_product_creation_receives_code" time="0.211" /><testcase classname="tests.test_product_code_orders_api.TestProductsHaveCode" name="test_create_product_returns_code" time="0.104" /><testcase classname="tests.test_product_code_orders_api.TestProductsHaveCode" name="test_list_products_includes_code" time="0.119" /><testcase classname="tests.test_product_code_orders_api.TestProductsHaveCode" name="test_get_product_by_id_has_code" time="0.103" /><testcase classname="tests.test_product_code_orders_api.TestOrdersReferenceAndSingleFetch" name="test_create_order_populates_reference" time="0.424" /><testcase classname="tests.test_product_code_orders_api.TestOrdersReferenceAndSingleFetch" name="test_list_orders_has_reference" time="0.105" /><testcase classname="tests.test_product_code_orders_api.TestOrdersReferenceAndSingleFetch" name="test_status_counts_still_works" time="0.195" /><testcase classname="tests.test_product_refresh_endpoint.TestRefreshEndpoint" name="test_refresh_without_source_url_returns_400" time="0.306" /><testcase classname="tests.test_product_refresh_endpoint.TestRefreshEndpoint" name="test_refresh_404_on_missing" time="0.103" /><testcase classname="tests.test_product_refresh_endpoint.TestRefreshEndpoint" name="test_refresh_rejects_non_ebay_source_url" time="0.306" /><testcase classname="tests.test_product_refresh_endpoint.TestGetProduct" name="test_returns_review_aggregate" time="0.296" /><testcase classname="tests.test_refactor_smoke.TestScraperSchedule" name="test_get_schedule_shape" time="0.096" /><testcase classname="tests.test_refactor_smoke.TestProducts" name="test_list_products" time="0.064" /><testcase classname="tests.test_refactor_smoke.TestProducts" name="test_list_products_archived_filter" time="0.053" /><testcase classname="tests.test_refactor_smoke.TestProducts" name="test_list_products_search" time="0.055" /><testcase classname="tests.test_refactor_smoke.TestGlobalSearch" name="test_search_returns_products_and_orders" time="0.048" /><testcase classname="tests.test_refactor_smoke.TestPortal" name="test_me" time="0.350" /><testcase classname="tests.test_refactor_smoke.TestPortal" name="test_orders_returns_three" time="0.049" /><testcase classname="tests.test_refactor_smoke.TestOrders" name="test_orders_list" time="0.059" /><testcase classname="tests.test_refactor_smoke.TestOrders" name="test_status_cycle" time="0.424" /><testcase classname="tests.test_refactor_smoke.TestNotificationsAndPush" name="test_notifications_list" time="0.047" /><testcase classname="tests.test_refactor_smoke.TestNotificationsAndPush" name="test_push_settings_get" time="0.049" /><testcase classname="tests.test_refactor_smoke.TestNotificationsAndPush" name="test_push_test_endpoint" time="0.044" /><testcase classname="tests.test_refactor_smoke.TestAnalytics" name="test_overview" time="0.187" /><testcase classname="tests.test_refactor_smoke.TestAnalytics" name="test_report" time="0.305" /><testcase classname="tests.test_scheduler_history_and_retry.TestSchedulerHistoryAndRetry" name="test_manual_success_appends_history" time="0.001"><error message="failed on setup with &quot;RuntimeError: Task &lt;Task pending name='Task-49' coro=&lt;clean_schedule.&lt;locals&gt;._reset() running at /app/backend/tests/test_scheduler_history_and_retry.py:35&gt; cb=[_run_until_complete_cb() at /usr/local/lib/python3.11/asyncio/base_events.py:181]&gt; got Future &lt;Future pending cb=[_chain_future.&lt;locals&gt;._call_check_cancel() at /usr/local/lib/python3.11/asyncio/futures.py:387]&gt; attached to a different loop&quot;">E   RuntimeError: Task &lt;Task pending name='Task-49' coro=&lt;clean_schedule.&lt;locals&gt;._reset() running at /app/backend/tests/test_scheduler_history_and_retry.py:35&gt; cb=[_run_until_complete_cb() at /usr/local/lib/python3.11/asyncio/base_events.py:181]&gt; got Future &lt;Future pending cb=[_chain_future.&lt;locals&gt;._call_check_cancel() at /usr/local/lib/python3.11/asyncio/futures.py:387]&gt; attached to a different loop</error></testcase><testcase classname="tests.test_scheduler_history_and_retry.TestSchedulerHistoryAndRetry" name="test_history_capped_at_20" time="0.001"><error message="failed on setup with &quot;RuntimeError: Task &lt;Task pending name='Task-50' coro=&lt;clean_schedule.&lt;locals&gt;._reset() running at /app/backend/tests/test_scheduler_history_and_retry.py:35&gt; cb=[_run_until_complete_cb() at /usr/local/lib/python3.11/asyncio/base_events.py:181]&gt; got Future &lt;Future pending cb=[_chain_future.&lt;locals&gt;._call_check_cancel() at /usr/local/lib/python3.11/asyncio/futures.py:387]&gt; attached to a different loop&quot;">E   RuntimeError: Task &lt;Task pending name='Task-50' coro=&lt;clean_schedule.&lt;locals&gt;._reset() running at /app/backend/tests/test_scheduler_history_and_retry.py:35&gt; cb=[_run_until_complete_cb() at /usr/local/lib/python3.11/asyncio/base_events.py:181]&gt; got Future &lt;Future pending cb=[_chain_future.&lt;locals&gt;._call_check_cancel() at /usr/local/lib/python3.11/asyncio/futures.py:387]&gt; attached to a different loop</error></testcase><testcase classname="tests.test_scheduler_history_and_retry.TestSchedulerHistoryAndRetry" name="test_newest_first" time="0.000"><error message="failed on setup with &quot;RuntimeError: Task &lt;Task pending name='Task-51' coro=&lt;clean_schedule.&lt;locals&gt;._reset() running at /app/backend/tests/test_scheduler_history_and_retry.py:35&gt; cb=[_run_until_complete_cb() at /usr/local/lib/python3.11/asyncio/base_events.py:181]&gt; got Future &lt;Future pending cb=[_chain_future.&lt;locals&gt;._call_check_cancel() at /usr/local/lib/python3.11/asyncio/futures.py:387]&gt; attached to a different loop&quot;">E   RuntimeError: Task &lt;Task pending name='Task-51' coro=&lt;clean_schedule.&lt;locals&gt;._reset() running at /app/backend/tests/test_scheduler_history_and_retry.py:35&gt; cb=[_run_until_complete_cb() at /usr/local/lib/python3.11/asyncio/base_events.py:181]&gt; got Future &lt;Future pending cb=[_chain_future.&lt;locals&gt;._call_check_cancel() at /usr/local/lib/python3.11/asyncio/futures.py:387]&gt; attached to a different loop</error></testcase><testcase classname="tests.test_scheduler_history_and_retry.TestSchedulerHistoryAndRetry" name="test_scheduled_failure_queues_retry" time="0.001"><error message="failed on setup with &quot;RuntimeError: Task &lt;Task pending name='Task-52' coro=&lt;clean_schedule.&lt;locals&gt;._reset() running at /app/backend/tests/test_scheduler_history_and_retry.py:35&gt; cb=[_run_until_complete_cb() at /usr/local/lib/python3.11/asyncio/base_events.py:181]&gt; got Future &lt;Future pending cb=[_chain_future.&lt;locals&gt;._call_check_cancel() at /usr/local/lib/python3.11/asyncio/futures.py:387]&gt; attached to a different loop&quot;">E   RuntimeError: Task &lt;Task pending name='Task-52' coro=&lt;clean_schedule.&lt;locals&gt;._reset() running at /app/backend/tests/test_scheduler_history_and_retry.py:35&gt; cb=[_run_until_complete_cb() at /usr/local/lib/python3.11/asyncio/base_events.py:181]&gt; got Future &lt;Future pending cb=[_chain_future.&lt;locals&gt;._call_check_cancel() at /usr/local/lib/python3.11/asyncio/futures.py:387]&gt; attached to a different loop</error></testcase><testcase classname="tests.test_scheduler_history_and_retry.TestSchedulerHistoryAndRetry" name="test_exception_also_queues_retry" time="0.000"><error message="failed on setup with &quot;RuntimeError: Task &lt;Task pending name='Task-53' coro=&lt;clean_schedule.&lt;locals&gt;._reset() running at /app/backend/tests/test_scheduler_history_and_retry.py:35&gt; cb=[_run_until_complete_cb() at /usr/local/lib/python3.11/asyncio/base_events.py:181]&gt; got Future &lt;Future pending cb=[_chain_future.&lt;locals&gt;._call_check_cancel() at /usr/local/lib/python3.11/asyncio/futures.py:387]&gt; attached to a different loop&quot;">E   RuntimeError: Task &lt;Task pending name='Task-53' coro=&lt;clean_schedule.&lt;locals&gt;._reset() running at /app/backend/tests/test_scheduler_history_and_retry.py:35&gt; cb=[_run_until_complete_cb() at /usr/local/lib/python3.11/asyncio/base_events.py:181]&gt; got Future &lt;Future pending cb=[_chain_future.&lt;locals&gt;._call_check_cancel() at /usr/local/lib/python3.11/asyncio/futures.py:387]&gt; attached to a different loop</error></testcase><testcase classname="tests.test_scheduler_history_and_retry.TestSchedulerHistoryAndRetry" name="test_retry_success_clears_pending" time="0.000"><error message="failed on setup with &quot;RuntimeError: Task &lt;Task pending name='Task-54' coro=&lt;clean_schedule.&lt;locals&gt;._reset() running at /app/backend/tests/test_scheduler_history_and_retry.py:35&gt; cb=[_run_until_complete_cb() at /usr/local/lib/python3.11/asyncio/base_events.py:181]&gt; got Future &lt;Future pending cb=[_chain_future.&lt;locals&gt;._call_check_cancel() at /usr/local/lib/python3.11/asyncio/futures.py:387]&gt; attached to a different loop&quot;">E   RuntimeError: Task &lt;Task pending name='Task-54' coro=&lt;clean_schedule.&lt;locals&gt;._reset() running at /app/backend/tests/test_scheduler_history_and_retry.py:35&gt; cb=[_run_until_complete_cb() at /usr/local/lib/python3.11/asyncio/base_events.py:181]&gt; got Future &lt;Future pending cb=[_chain_future.&lt;locals&gt;._call_check_cancel() at /usr/local/lib/python3.11/asyncio/futures.py:387]&gt; attached to a different loop</error></testcase><testcase classname="tests.test_scheduler_history_and_retry.TestSchedulerHistoryAndRetry" name="test_retry_failure_marks_dead" time="0.001"><error message="failed on setup with &quot;RuntimeError: Task &lt;Task pending name='Task-55' coro=&lt;clean_schedule.&lt;locals&gt;._reset() running at /app/backend/tests/test_scheduler_history_and_retry.py:35&gt; cb=[_run_until_complete_cb() at /usr/local/lib/python3.11/asyncio/base_events.py:181]&gt; got Future &lt;Future pending cb=[_chain_future.&lt;locals&gt;._call_check_cancel() at /usr/local/lib/python3.11/asyncio/futures.py:387]&gt; attached to a different loop&quot;">E   RuntimeError: Task &lt;Task pending name='Task-55' coro=&lt;clean_schedule.&lt;locals&gt;._reset() running at /app/backend/tests/test_scheduler_history_and_retry.py:35&gt; cb=[_run_until_complete_cb() at /usr/local/lib/python3.11/asyncio/base_events.py:181]&gt; got Future &lt;Future pending cb=[_chain_future.&lt;locals&gt;._call_check_cancel() at /usr/local/lib/python3.11/asyncio/futures.py:387]&gt; attached to a different loop</error></testcase><testcase classname="tests.test_scheduler_history_and_retry.TestSchedulerHistoryAndRetry" name="test_manual_failure_does_not_queue_retry" time="0.000"><error message="failed on setup with &quot;RuntimeError: Task &lt;Task pending name='Task-56' coro=&lt;clean_schedule.&lt;locals&gt;._reset() running at /app/backend/tests/test_scheduler_history_and_retry.py:35&gt; cb=[_run_until_complete_cb() at /usr/local/lib/python3.11/asyncio/base_events.py:181]&gt; got Future &lt;Future pending cb=[_chain_future.&lt;locals&gt;._call_check_cancel() at /usr/local/lib/python3.11/asyncio/futures.py:387]&gt; attached to a different loop&quot;">E   RuntimeError: Task &lt;Task pending name='Task-56' coro=&lt;clean_schedule.&lt;locals&gt;._reset() running at /app/backend/tests/test_scheduler_history_and_retry.py:35&gt; cb=[_run_until_complete_cb() at /usr/local/lib/python3.11/asyncio/base_events.py:181]&gt; got Future &lt;Future pending cb=[_chain_future.&lt;locals&gt;._call_check_cancel() at /usr/local/lib/python3.11/asyncio/futures.py:387]&gt; attached to a different loop</error></testcase><testcase classname="tests.test_scheduler_history_and_retry.TestSchedulerHistoryAndRetry" name="test_clear_history_wipes_entries" time="0.000"><error message="failed on setup with &quot;RuntimeError: Task &lt;Task pending name='Task-57' coro=&lt;clean_schedule.&lt;locals&gt;._reset() running at /app/backend/tests/test_scheduler_history_and_retry.py:35&gt; cb=[_run_until_complete_cb() at /usr/local/lib/python3.11/asyncio/base_events.py:181]&gt; got Future &lt;Future pending cb=[_chain_future.&lt;locals&gt;._call_check_cancel() at /usr/local/lib/python3.11/asyncio/futures.py:387]&gt; attached to a different loop&quot;">E   RuntimeError: Task &lt;Task pending name='Task-57' coro=&lt;clean_schedule.&lt;locals&gt;._reset() running at /app/backend/tests/test_scheduler_history_and_retry.py:35&gt; cb=[_run_until_complete_cb() at /usr/local/lib/python3.11/asyncio/base_events.py:181]&gt; got Future &lt;Future pending cb=[_chain_future.&lt;locals&gt;._call_check_cancel() at /usr/local/lib/python3.11/asyncio/futures.py:387]&gt; attached to a different loop</error></testcase><testcase classname="tests.test_scrape_e2e_stock_status.TestParseAndEnrichStockStatus" name="test_live_listing_with_noisy_scripts_stays_live" time="0.003" /><testcase classname="tests.test_scrape_e2e_stock_status.TestParseAndEnrichStockStatus" name="test_out_of_stock_main_offer_flips_sold" time="0.002" /><testcase classname="tests.test_scrape_e2e_stock_status.TestParseAndEnrichStockStatus" name="test_default_when_no_signal_is_live" time="0.001" /><testcase classname="tests.test_scrape_e2e_stock_status.TestScrapeEndpointLive" name="test_live_ebay_url_returns_live" time="5.421" /><testcase classname="tests.test_stock_status_and_archive.TestArchiveLifecycle" name="test_new_product_defaults" time="0.230" /><testcase classname="tests.test_stock_status_and_archive.TestArchiveLifecycle" name="test_archive_hides_from_default_list" time="15.676" /><testcase classname="tests.test_stock_status_and_archive.TestArchiveLifecycle" name="test_restore_from_archive" time="0.416" /><testcase classname="tests.test_stock_status_and_archive.TestArchiveLifecycle" name="test_restore_does_not_reactivate_sold_product" time="0.493" /><testcase classname="tests.test_stock_status_and_archive.TestArchiveLifecycle" name="test_archive_404_on_missing" time="0.108" /><testcase classname="tests.test_stock_status_and_archive.TestScraperStockStatusClassification" name="test_html_ended" time="0.001" /><testcase classname="tests.test_stock_status_and_archive.TestScraperStockStatusClassification" name="test_html_sold" time="0.001" /><testcase classname="tests.test_stock_status_and_archive.TestScraperStockStatusClassification" name="test_html_out_of_stock" time="0.001" /><testcase classname="tests.test_stock_status_and_archive.TestScraperStockStatusClassification" name="test_html_live" time="0.001" /><testcase classname="tests.test_stock_status_and_archive.TestScraperStockStatusClassification" name="test_scripts_saying_out_of_stock_do_not_flip_live_listing" time="0.001" /><testcase classname="tests.test_stock_status_and_archive.TestScraperStockStatusClassification" name="test_related_offer_out_of_stock_does_not_flip_main_product" time="0.001" /><testcase classname="tests.test_stock_status_and_archive.TestScraperStockStatusClassification" name="test_footer_help_text_saying_no_longer_available_does_not_flip" time="0.001" /><testcase classname="tests.test_stock_status_and_archive.TestScraperStockStatusClassification" name="test_variant_out_of_stock_does_not_flip_main_product" time="0.001" /><testcase classname="tests.test_suppliers_and_items.TestSuppliers" name="test_list_suppliers_shape" time="0.110" /><testcase classname="tests.test_suppliers_and_items.TestSuppliers" name="test_suppliers_search_q" time="0.100" /><testcase classname="tests.test_suppliers_and_items.TestSuppliers" name="test_suppliers_status_filter" time="0.311" /><testcase classname="tests.test_suppliers_and_items.TestSuppliers" name="test_suppliers_sort" time="0.782" /><testcase classname="tests.test_suppliers_and_items.TestSuppliers" name="test_suppliers_summary" time="0.101" /><testcase classname="tests.test_suppliers_and_items.TestSuppliers" name="test_old_b2b_endpoints_removed" time="0.368" /><testcase classname="tests.test_suppliers_and_items.TestItems" name="test_items_status_filter" time="0.363" /><testcase classname="tests.test_suppliers_and_items.TestItems" name="test_items_sort" time="0.593" /><testcase classname="tests.test_suppliers_and_items.TestScraperEndpoints" name="test_refresh_status" time="0.120" /><testcase classname="tests.test_suppliers_and_items.TestScraperEndpoints" name="test_sold_events" time="0.096" /><testcase classname="tests.test_suppliers_and_items.TestScraperEndpoints" name="test_scrape_validation" time="0.111" /><testcase classname="tests.test_suppliers_and_items.TestScraperEndpoints" name="test_refresh_all_endpoint_exists" time="0.073" /><testcase classname="tests.test_variants_and_search.TestVariantScraping" name="test_json_ld_variants" time="0.002" /><testcase classname="tests.test_variants_and_search.TestVariantScraping" name="test_no_variants_returns_empty" time="0.001" /><testcase classname="tests.test_variants_and_search.TestReviewAggregateOnProducts" name="test_products_list_includes_aggregate" time="0.099" /><testcase classname="tests.test_variants_and_search.TestReviewAggregateOnProducts" name="test_single_product_endpoint_includes_aggregate" time="0.210" /><testcase classname="tests.test_variants_and_search.TestBulkArchive" name="test_bulk_archive_and_bulk_delete" time="0.616" /><testcase classname="tests.test_variants_and_search.TestBulkArchive" name="test_bulk_archive_empty" time="0.101" /><testcase classname="tests.test_variants_and_search.TestGlobalSearch" name="test_search_by_product_code_prefix" time="0.112" /><testcase classname="tests.test_variants_and_search.TestGlobalSearch" name="test_search_by_order_reference" time="0.257" /><testcase classname="tests.test_variants_and_search.TestGlobalSearch" name="test_search_empty_query_rejected" time="0.102" /><testcase classname="tests.test_variants_and_search.TestRestockDetection" name="test_restock_notification_shape" time="0.000" /></testsuite></testsuites>