<?xml version="1.0" encoding="utf-8"?><testsuites name="pytest tests"><testsuite name="pytest" errors="0" failures="0" skipped="0" tests="4" time="1.187" timestamp="2026-08-23T10:23:43.233370+00:00" hostname="agent-env-cb57c2dc-66e0-464d-897d-463c5d334528"><testcase classname="tests.test_customer_detail_endpoint" name="test_get_customer_detail_success" time="0.388" /><testcase classname="tests.test_customer_detail_endpoint" name="test_get_customer_detail_404_on_unknown" time="0.106" /><testcase classname="tests.test_customer_detail_endpoint" name="test_customer_detail_orders_have_expected_fields" time="0.108" /><testcase classname="tests.test_customer_detail_endpoint" name="test_patch_customer_persists" time="0.239" /></testsuite></testsuites>