<?xml version="1.0" encoding="utf-8"?><testsuites name="pytest tests"><testsuite name="pytest" errors="0" failures="0" skipped="0" tests="38" time="2.212" timestamp="2026-08-22T08:32:03.443722+00:00" hostname="agent-env-cb57c2dc-66e0-464d-897d-463c5d334528"><testcase classname="tests.test_breadcrumb_filter.TestCleanBreadcrumbTrail" name="test_strips_ebay_prefix" time="0.004" /><testcase classname="tests.test_breadcrumb_filter.TestCleanBreadcrumbTrail" name="test_strips_ebay_multi_word_prefix" time="0.001" /><testcase classname="tests.test_breadcrumb_filter.TestCleanBreadcrumbTrail" name="test_strips_see_more" time="0.001" /><testcase classname="tests.test_breadcrumb_filter.TestCleanBreadcrumbTrail" name="test_strips_see_all_view_all_show_more" time="0.001" /><testcase classname="tests.test_breadcrumb_filter.TestCleanBreadcrumbTrail" name="test_strips_ellipsis_and_home" time="0.001" /><testcase classname="tests.test_breadcrumb_filter.TestCleanBreadcrumbTrail" name="test_collapses_consecutive_duplicates" time="0.001" /><testcase classname="tests.test_breadcrumb_filter.TestCleanBreadcrumbTrail" name="test_case_insensitive_duplicate_collapse" time="0.001" /><testcase classname="tests.test_breadcrumb_filter.TestCleanBreadcrumbTrail" name="test_ignores_empty_and_whitespace" time="0.001" /><testcase classname="tests.test_breadcrumb_filter.TestCleanBreadcrumbTrail" name="test_strips_trailing_arrows_and_punctuation" time="0.001" /><testcase classname="tests.test_breadcrumb_filter.TestPickMeaningfulLeaf" name="test_returns_none_for_empty" time="0.001" /><testcase classname="tests.test_breadcrumb_filter.TestPickMeaningfulLeaf" name="test_returns_only_element" time="0.001" /><testcase classname="tests.test_breadcrumb_filter.TestPickMeaningfulLeaf" name="test_returns_leaf_by_default" time="0.001" /><testcase classname="tests.test_breadcrumb_filter.TestPickMeaningfulLeaf" name="test_falls_back_when_leaf_too_long" time="0.001" /><testcase classname="tests.test_breadcrumb_filter.TestPickMeaningfulLeaf" name="test_falls_back_when_leaf_has_parenthesised_qualifier" time="0.001" /><testcase classname="tests.test_breadcrumb_filter.TestPickMeaningfulLeaf" name="test_falls_back_when_leaf_is_chained_slash_and" time="0.001" /><testcase classname="tests.test_breadcrumb_filter.TestPickMeaningfulLeaf" name="test_falls_back_when_leaf_equals_parent_case_insensitive" time="0.001" /><testcase classname="tests.test_breadcrumb_filter.TestPickMeaningfulLeaf" name="test_falls_back_when_leaf_is_sku_style" time="0.001" /><testcase classname="tests.test_breadcrumb_filter.TestPickMeaningfulLeaf" name="test_keeps_leaf_with_single_ampersand" time="0.001" /><testcase classname="tests.test_breadcrumb_filter.TestPickMeaningfulLeaf" name="test_leaf_with_no_parent_returns_leaf_even_if_specific" time="0.001" /><testcase classname="tests.test_breadcrumb_filter.TestEnsureEbayCategoryUsesFilter" name="test_car_audio_example_from_user" time="0.003" /><testcase classname="tests.test_breadcrumb_filter.TestEnsureEbayCategoryUsesFilter" name="test_see_more_row_is_ignored" time="0.003" /><testcase classname="tests.test_breadcrumb_filter.TestEnsureEbayCategoryUsesFilter" name="test_falls_back_when_leaf_is_over_specific" time="0.003" /><testcase classname="tests.test_breadcrumb_integration.TestExtractBreadcrumbsFiltersNoise" name="test_strips_see_more_from_jsonld" time="0.005" /><testcase classname="tests.test_breadcrumb_integration.TestExtractBreadcrumbsFiltersNoise" name="test_strips_multiple_noise_tokens" time="0.001" /><testcase classname="tests.test_breadcrumb_integration.TestParseAndEnrichCleansBreadcrumbs" name="test_ebay_category_path_has_no_noise" time="0.004" /><testcase classname="tests.test_breadcrumb_integration.TestFromItemUsesLeafCategory" name="test_creates_category_from_leaf_and_products_filter_by_slug" time="0.250" /><testcase classname="tests.test_ebay_category_api.TestAutoCategoryOnAddToProducts" name="test_before_and_after_categories" time="0.311" /><testcase classname="tests.test_ebay_category_api.TestBulkAddToProducts" name="test_bulk_creates_categories_for_each" time="0.224" /><testcase classname="tests.test_ebay_category_api.TestNoDuplicateCategory" name="test_duplicate_import_no_duplicate_row" time="0.363" /><testcase classname="tests.test_ebay_category_api.TestSeededCategoriesPreserved" name="test_seed_categories_present" time="0.311" /><testcase classname="tests.test_ebay_category_api.TestCategoryFilterRegression" name="test_filter_by_auto_created_slug" time="0.203" /><testcase classname="tests.test_ebay_category_autocreate.TestEnsureEbayCategory" name="test_returns_none_for_empty_breadcrumbs" time="0.001" /><testcase classname="tests.test_ebay_category_autocreate.TestEnsureEbayCategory" name="test_returns_none_for_none" time="0.001" /><testcase classname="tests.test_ebay_category_autocreate.TestEnsureEbayCategory" name="test_returns_none_when_only_ebay_prefix" time="0.001" /><testcase classname="tests.test_ebay_category_autocreate.TestEnsureEbayCategory" name="test_creates_new_category_from_leaf" time="0.003" /><testcase classname="tests.test_ebay_category_autocreate.TestEnsureEbayCategory" name="test_reuses_existing_category_by_slug" time="0.004" /><testcase classname="tests.test_ebay_category_autocreate.TestEnsureEbayCategory" name="test_case_insensitive_match_by_name" time="0.002" /><testcase classname="tests.test_ebay_category_autocreate.TestEnsureEbayCategory" name="test_group_falls_back_to_imported_for_single_crumb" time="0.003" /></testsuite></testsuites>