<?xml version="1.0" encoding="utf-8"?><testsuites name="pytest tests"><testsuite name="pytest" errors="0" failures="4" skipped="0" tests="7" time="54.131" timestamp="2026-09-25T12:07:30.719477+00:00" hostname="agent-env-cb57c2dc-66e0-464d-897d-463c5d334528"><testcase classname="tests.test_smart_product_tags" name="test_settings_persist_and_dynamic_new_limited_deal_tags" time="9.392"><failure message="AssertionError: assert False&#10; +  where False = &lt;built-in method issubset of set object at 0xf923e59a6a40&gt;({'Deal', 'Limited', 'New'})&#10; +    where &lt;built-in method issubset of set object at 0xf923e59a6a40&gt; = {'Deal', 'Fresh', 'Last Ones'}.issubset&#10; +    and   {'Deal', 'Limited', 'New'} = set(['New', 'Deal', 'Limited'])">backend/tests/test_smart_product_tags.py:50: in test_settings_persist_and_dynamic_new_limited_deal_tags
    assert {"Fresh", "Last Ones", deal_label}.issubset(set(product["smart_tags"]))
E   AssertionError: assert False
E    +  where False = &lt;built-in method issubset of set object at 0xf923e59a6a40&gt;({'Deal', 'Limited', 'New'})
E    +    where &lt;built-in method issubset of set object at 0xf923e59a6a40&gt; = {'Deal', 'Fresh', 'Last Ones'}.issubset
E    +    and   {'Deal', 'Limited', 'New'} = set(['New', 'Deal', 'Limited'])</failure></testcase><testcase classname="tests.test_smart_tag_contract" name="test_tag_settings_seed_shape_and_patch_validation" time="6.824" /><testcase classname="tests.test_smart_tag_contract" name="test_admin_product_contract_and_rule_tags" time="4.426"><failure message="AssertionError: assert 'Fresh' in ['New', 'Deal', 'Limited']">backend/tests/test_smart_tag_contract.py:127: in test_admin_product_contract_and_rule_tags
    assert "Fresh" in body["smart_tags"]
E   AssertionError: assert 'Fresh' in ['New', 'Deal', 'Limited']</failure></testcase><testcase classname="tests.test_smart_product_tags" name="test_hot_rule_records_storefront_views" time="6.057"><failure message="AssertionError: assert 'Trending' in ['New', 'Hot', 'Limited']">backend/tests/test_smart_product_tags.py:75: in test_hot_rule_records_storefront_views
    assert "Trending" in product["smart_tags"]
E   AssertionError: assert 'Trending' in ['New', 'Hot', 'Limited']</failure></testcase><testcase classname="tests.test_smart_tag_contract" name="test_storefront_contract_and_tag_disable_suppression" time="6.085"><failure message="AssertionError: assert 'deal' not in ['new', 'deal', 'limited']&#10; +  where ['new', 'deal', 'limited'] = &lt;built-in method get of dict object at 0xf81289c830c0&gt;('smart_tag_ids', [])&#10; +    where &lt;built-in method get of dict object at 0xf81289c830c0&gt; = {'id': '59c32934-db66-489c-b401-1a9c01b03ce7', 'product_code': 'TF25-PC0926', 'title': 'TEST Smart Contract d75451ab', 'description': '', ...}.get">backend/tests/test_smart_tag_contract.py:171: in test_storefront_contract_and_tag_disable_suppression
    assert "deal" not in hidden_body.get("smart_tag_ids", [])
E   AssertionError: assert 'deal' not in ['new', 'deal', 'limited']
E    +  where ['new', 'deal', 'limited'] = &lt;built-in method get of dict object at 0xf81289c830c0&gt;('smart_tag_ids', [])
E    +    where &lt;built-in method get of dict object at 0xf81289c830c0&gt; = {'id': '59c32934-db66-489c-b401-1a9c01b03ce7', 'product_code': 'TF25-PC0926', 'title': 'TEST Smart Contract d75451ab', 'description': '', ...}.get</failure></testcase><testcase classname="tests.test_smart_tag_contract" name="test_deal_tag_auto_expires" time="12.081" /><testcase classname="tests.test_smart_tag_contract" name="test_store_view_endpoint_is_anonymous_and_hot_rule_updates" time="24.370" /></testsuite></testsuites>