<?xml version="1.0" encoding="utf-8"?><testsuites name="pytest tests"><testsuite name="pytest" errors="0" failures="0" skipped="0" tests="5" time="26.983" timestamp="2026-09-23T12:19:36.968738+00:00" hostname="agent-env-cb57c2dc-66e0-464d-897d-463c5d334528"><testcase classname="tests.test_site_menus_support.TestSiteMenusSupport" name="test_patch_persists_unique_faq_items_physically_and_in_order" time="7.570" /><testcase classname="tests.test_site_menus_support.TestSiteMenusSupport" name="test_get_returns_exact_saved_faq_items_not_hardcoded_defaults" time="3.319" /><testcase classname="tests.test_site_menus_support.TestSiteMenusSupport" name="test_patch_faq_add_edit_reorder_delete_without_touching_other_fields" time="4.926" /><testcase classname="tests.test_site_menus_support.TestSiteMenusSupport" name="test_legacy_singleton_migration_rehydrates_faq_items_on_get" time="5.176" /><testcase classname="tests.test_site_menus_support.TestSiteMenusSupport" name="test_contact_route_is_explicit_when_disabled_or_key_missing" time="5.044" /></testsuite></testsuites>