<?xml version="1.0" encoding="utf-8"?><testsuites name="pytest tests"><testsuite name="pytest" errors="0" failures="0" skipped="2" tests="116" time="50.132" timestamp="2026-08-22T07:11:36.630663+00:00" hostname="agent-env-cb57c2dc-66e0-464d-897d-463c5d334528"><testcase classname="tests.test_stock_status_and_archive.TestScraperStockStatusClassification" name="test_html_ended" time="0.033" /><testcase classname="tests.test_scheduler_history_and_retry.TestSchedulerHistoryAndRetry" name="test_manual_success_appends_history" time="0.025" /><testcase classname="tests.test_scheduler_history_and_retry.TestSchedulerHistoryAndRetry" name="test_history_capped_at_20" time="0.078" /><testcase classname="tests.test_stock_status_and_archive.TestScraperStockStatusClassification" name="test_html_sold" time="0.002" /><testcase classname="tests.test_stock_status_and_archive.TestScraperStockStatusClassification" name="test_html_out_of_stock" time="0.001" /><testcase classname="tests.test_stock_status_and_archive.TestScraperStockStatusClassification" name="test_html_live" time="0.001" /><testcase classname="tests.test_stock_status_and_archive.TestScraperStockStatusClassification" name="test_scripts_saying_out_of_stock_do_not_flip_live_listing" time="0.002" /><testcase classname="tests.test_stock_status_and_archive.TestScraperStockStatusClassification" name="test_related_offer_out_of_stock_does_not_flip_main_product" time="0.001" /><testcase classname="tests.test_stock_status_and_archive.TestScraperStockStatusClassification" name="test_footer_help_text_saying_no_longer_available_does_not_flip" time="0.002" /><testcase classname="tests.test_stock_status_and_archive.TestScraperStockStatusClassification" name="test_variant_out_of_stock_does_not_flip_main_product" time="0.001" /><testcase classname="tests.test_product_code.TestProductCodeFormat" name="test_keyboard_friday_21_aug_2026" time="0.000" /><testcase classname="tests.test_product_code.TestProductCodeFormat" name="test_first_non_alpha_stripped" time="0.001" /><testcase classname="tests.test_product_code.TestProductCodeFormat" name="test_empty_title_uses_x" time="0.000" /><testcase classname="tests.test_product_code.TestProductCodeFormat" name="test_first_letter_uppercased" time="0.000" /><testcase classname="tests.test_product_code.TestProductCodeFormat" name="test_day_letter_matches_weekday" time="0.000" /><testcase classname="tests.test_product_code.TestProductCodeFormat" name="test_month_year_pattern" time="0.000" /><testcase classname="tests.test_product_code.TestProductCodeFormat" name="test_two_digit_day_and_month" time="0.000" /><testcase classname="tests.test_scheduler_history_and_retry.TestSchedulerHistoryAndRetry" name="test_newest_first" time="0.014" /><testcase classname="tests.test_scheduler_history_and_retry.TestSchedulerHistoryAndRetry" name="test_scheduled_failure_queues_retry" time="0.014" /><testcase classname="tests.test_scheduler_history_and_retry.TestSchedulerHistoryAndRetry" name="test_exception_also_queues_retry" time="0.008" /><testcase classname="tests.test_scheduler_history_and_retry.TestSchedulerHistoryAndRetry" name="test_retry_success_clears_pending" time="0.009" /><testcase classname="tests.test_scheduler_history_and_retry.TestSchedulerHistoryAndRetry" name="test_retry_failure_marks_dead" time="0.010" /><testcase classname="tests.test_scheduler_history_and_retry.TestSchedulerHistoryAndRetry" name="test_manual_failure_does_not_queue_retry" time="0.014" /><testcase classname="tests.test_scheduler_history_and_retry.TestSchedulerHistoryAndRetry" name="test_clear_history_wipes_entries" time="0.018" /><testcase classname="tests.test_suppliers_and_items.TestSuppliers" name="test_list_suppliers_shape" time="0.474" /><testcase classname="tests.test_aliko_portal_flow" name="test_register_success_and_customer_persisted" time="0.602" /><testcase classname="tests.test_aliko_portal_flow" name="test_orders_endpoint_returns_three_orders_with_correct_flags" time="0.101" /><testcase classname="tests.test_suppliers_and_items.TestSuppliers" name="test_suppliers_search_q" time="0.158" /><testcase classname="tests.test_aliko_portal_flow" name="test_write_review_on_delivered_order" time="0.359" /><testcase classname="tests.test_suppliers_and_items.TestSuppliers" name="test_suppliers_status_filter" time="0.363" /><testcase classname="tests.test_aliko_portal_flow" name="test_second_review_on_same_order_returns_409" time="0.307" /><testcase classname="tests.test_suppliers_and_items.TestSuppliers" name="test_suppliers_sort" time="1.088" /><testcase classname="tests.test_aliko_portal_flow" name="test_review_on_pending_order_rejected" time="0.221" /><testcase classname="tests.test_aliko_portal_flow" name="test_login_after_register_returns_valid_token" time="0.505" /><testcase classname="tests.test_stock_status_and_archive.TestArchiveLifecycle" name="test_new_product_defaults" time="0.220" /><testcase classname="tests.test_suppliers_and_items.TestSuppliers" name="test_suppliers_summary" time="0.132" /><testcase classname="tests.test_stock_status_and_archive.TestArchiveLifecycle" name="test_archive_hides_from_default_list" time="0.690" /><testcase classname="tests.test_suppliers_and_items.TestSuppliers" name="test_old_b2b_endpoints_removed" time="0.485" /><testcase classname="tests.test_customer_portal.TestPortalReviewFlow" name="test_orders_include_review_flags" time="0.761" /><testcase classname="tests.test_stock_status_and_archive.TestArchiveLifecycle" name="test_restore_from_archive" time="0.649" /><testcase classname="tests.test_customer_portal.TestPortalReviewFlow" name="test_review_unpurchased_product_rejected" time="0.742" /><testcase classname="tests.test_stock_status_and_archive.TestArchiveLifecycle" name="test_restore_does_not_reactivate_sold_product" time="0.758" /><testcase classname="tests.test_customer_portal.TestPortalReviewFlow" name="test_rating_range_enforced" time="0.765" /><testcase classname="tests.test_stock_status_and_archive.TestArchiveLifecycle" name="test_archive_404_on_missing" time="0.121" /><testcase classname="tests.test_detail_pages_backend.TestProductDetail" name="test_get_seeded_product_full_payload" time="0.393" /><testcase classname="tests.test_detail_pages_backend.TestProductDetail" name="test_patch_title_and_verify" time="0.494" /><testcase classname="tests.test_customer_portal.TestPortalReviewFlow" name="test_public_reviews_endpoint_returns_aggregate" time="0.229" /><testcase classname="tests.test_suppliers_and_items.TestScraperEndpoints" name="test_refresh_status" time="0.146" /><testcase classname="tests.test_detail_pages_backend.TestProductDetail" name="test_patch_category_and_verify" time="0.638" /><testcase classname="tests.test_suppliers_and_items.TestScraperEndpoints" name="test_sold_events" time="0.147" /><testcase classname="tests.test_suppliers_and_items.TestScraperEndpoints" name="test_scrape_validation" time="0.117" /><testcase classname="tests.test_suppliers_and_items.TestScraperEndpoints" name="test_refresh_all_endpoint_exists" time="0.069" /><testcase classname="tests.test_customer_portal.TestPortalLogin" name="test_login_bad_credentials" time="0.164" /><testcase classname="tests.test_customer_portal.TestPortalLogin" name="test_login_success" time="0.589" /><testcase classname="tests.test_detail_pages_backend.TestProductDetail" name="test_delete_product" time="0.521" /><testcase classname="tests.test_customer_portal.TestPortalLogin" name="test_me_requires_auth" time="0.110" /><testcase classname="tests.test_customer_portal.TestPortalRegister" name="test_register_requires_prior_order" time="0.107" /><testcase classname="tests.test_customer_portal.TestPortalRegister" name="test_register_rejects_short_password" time="0.101" /><testcase classname="tests.test_customer_portal.TestReviewVoting" name="test_vote_requires_auth" time="0.165" /><testcase classname="tests.test_customer_portal.TestPortalRegister" name="test_register_returns_token" time="0.256" /><testcase classname="tests.test_customer_portal.TestReviewVoting" name="test_vote_missing_review_404" time="0.729" /><testcase classname="tests.test_notifications_scope.TestNewPayment" name="test_successful_charge_emits_new_payment" time="0.645" /><testcase classname="tests.test_customer_portal.TestReviewVoting" name="test_vote_bad_value_400" time="0.844" /><testcase classname="tests.test_notifications_scope.TestNewPayment" name="test_refund_does_not_emit_new_payment" time="0.307" /><testcase classname="tests.test_notifications_scope.TestNewPayment" name="test_failed_charge_does_not_emit_new_payment" time="0.602" /><testcase classname="tests.test_product_code_orders_api.TestProductsHaveCode" name="test_create_product_returns_code" time="0.105" /><testcase classname="tests.test_product_code_orders_api.TestProductsHaveCode" name="test_list_products_includes_code" time="0.143" /><testcase classname="tests.test_product_code_orders_api.TestProductsHaveCode" name="test_get_product_by_id_has_code" time="0.241" /><testcase classname="tests.test_product_code_orders_api.TestOrdersReferenceAndSingleFetch" name="test_create_order_populates_reference" time="0.631" /><testcase classname="tests.test_product_refresh_endpoint.TestRefreshEndpoint" name="test_refresh_without_source_url_returns_400" time="0.355" /><testcase classname="tests.test_product_code_orders_api.TestOrdersReferenceAndSingleFetch" name="test_list_orders_has_reference" time="0.129" /><testcase classname="tests.test_product_refresh_endpoint.TestRefreshEndpoint" name="test_refresh_404_on_missing" time="0.093" /><testcase classname="tests.test_product_code_orders_api.TestOrdersReferenceAndSingleFetch" name="test_status_counts_still_works" time="0.203" /><testcase classname="tests.test_product_refresh_endpoint.TestRefreshEndpoint" name="test_refresh_rejects_non_ebay_source_url" time="5.402" /><testcase classname="tests.test_refactor_smoke.TestProducts" name="test_list_products" time="5.229" /><testcase classname="tests.test_refactor_smoke.TestNotificationsAndPush" name="test_notifications_list" time="0.124" /><testcase classname="tests.test_refactor_smoke.TestProducts" name="test_list_products_archived_filter" time="0.047" /><testcase classname="tests.test_refactor_smoke.TestProducts" name="test_list_products_search" time="0.053" /><testcase classname="tests.test_scrape_e2e_stock_status.TestParseAndEnrichStockStatus" name="test_live_listing_with_noisy_scripts_stays_live" time="0.002" /><testcase classname="tests.test_scrape_e2e_stock_status.TestParseAndEnrichStockStatus" name="test_out_of_stock_main_offer_flips_sold" time="0.002" /><testcase classname="tests.test_refactor_smoke.TestNotificationsAndPush" name="test_push_settings_get" time="0.043" /><testcase classname="tests.test_scrape_e2e_stock_status.TestParseAndEnrichStockStatus" name="test_default_when_no_signal_is_live" time="0.001" /><testcase classname="tests.test_variants_and_search.TestGlobalSearch" name="test_search_by_product_code_prefix" time="0.106" /><testcase classname="tests.test_refactor_smoke.TestNotificationsAndPush" name="test_push_test_endpoint" time="0.236" /><testcase classname="tests.test_variants_and_search.TestGlobalSearch" name="test_search_by_order_reference" time="0.218" /><testcase classname="tests.test_detail_pages_backend.TestOrderDetail" name="test_get_seeded_order" time="0.210" /><testcase classname="tests.test_variants_and_search.TestGlobalSearch" name="test_search_empty_query_rejected" time="0.103" /><testcase classname="tests.test_product_code.TestProductCodeUniqueness" name="test_dedup_suffix" time="0.018" /><testcase classname="tests.test_product_code.TestProductCodeUniqueness" name="test_new_product_creation_receives_code" time="0.202" /><testcase classname="tests.test_detail_pages_backend.TestOrderDetail" name="test_patch_order_status_cycle" time="1.270" /><testcase classname="tests.test_refactor_smoke.TestOrders" name="test_orders_list" time="0.119" /><testcase classname="tests.test_refactor_smoke.TestOrders" name="test_status_cycle" time="0.499" /><testcase classname="tests.test_refactor_smoke.TestAnalytics" name="test_overview" time="0.141" /><testcase classname="tests.test_refactor_smoke.TestAnalytics" name="test_report" time="0.144" /><testcase classname="tests.test_suppliers_and_items.TestItems" name="test_items_status_filter" time="0.598" /><testcase classname="tests.test_suppliers_and_items.TestItems" name="test_items_sort" time="0.765" /><testcase classname="tests.test_refactor_smoke.TestPortal" name="test_me" time="0.726" /><testcase classname="tests.test_refactor_smoke.TestPortal" name="test_orders_returns_three" time="0.050" /><testcase classname="tests.test_variants_and_search.TestReviewAggregateOnProducts" name="test_products_list_includes_aggregate" time="0.103" /><testcase classname="tests.test_variants_and_search.TestReviewAggregateOnProducts" name="test_single_product_endpoint_includes_aggregate" time="0.191" /><testcase classname="tests.test_variants_and_search.TestBulkArchive" name="test_bulk_archive_and_bulk_delete" time="0.640" /><testcase classname="tests.test_variants_and_search.TestVariantScraping" name="test_json_ld_variants" time="0.002" /><testcase classname="tests.test_variants_and_search.TestVariantScraping" name="test_no_variants_returns_empty" time="0.001" /><testcase classname="tests.test_notifications_scope.TestKeepNewOrderAndLowStock" name="test_post_order_emits_new_order_and_low_stock" time="0.674" /><testcase classname="tests.test_variants_and_search.TestBulkArchive" name="test_bulk_archive_empty" time="0.095" /><testcase classname="tests.test_notifications_scope.TestKeepNewCustomer" name="test_post_customer_emits_new_customer" time="0.329" /><testcase classname="tests.test_notifications_scope.TestRemovalOrderStatusSilent" name="test_patch_order_status_does_not_emit_notification" time="0.523" /><testcase classname="tests.test_notifications_scope.TestCancellationRequest" name="test_post_return_emits_cancellation_request" time="19.945" /><testcase classname="tests.test_notifications_scope.TestScrapeFailed" name="test_bogus_ebay_url_emits_scrape_failed" time="14.030" /><testcase classname="tests.test_notifications_scope.TestSchedulerRunNow" name="test_manual_scheduler_run_returns_ok" time="0.000"><skipped type="pytest.skip" message="POST /api/scraper/schedule/run-now blocks backend for many minutes iterating real eBay URLs which hit anti-bot. Covered by scheduler-history tests already.">/app/backend/tests/test_notifications_scope.py:213: POST /api/scraper/schedule/run-now blocks backend for many minutes iterating real eBay URLs which hit anti-bot. Covered by scheduler-history tests already.</skipped></testcase><testcase classname="tests.test_refactor_smoke.TestScraperSchedule" name="test_get_schedule_shape" time="0.104" /><testcase classname="tests.test_refactor_smoke.TestGlobalSearch" name="test_search_returns_products_and_orders" time="0.048" /><testcase classname="tests.test_scrape_e2e_stock_status.TestScrapeEndpointLive" name="test_live_ebay_url_returns_live" time="15.292"><skipped type="pytest.skip" message="eBay anti-bot block (expected/allowed): &lt;!DOCTYPE html&gt;&#10;&lt;!--[if lt IE 7]&gt; &lt;html class=&quot;no-js ie6 oldie&quot; lang=&quot;en-US&quot;&gt; &lt;![endif]--&gt;&#10;&lt;!--[if IE 7]&gt;    &lt;html class=&quot;no-js ie7 oldie&quot; lang=&quot;en-US&quot;&gt; &lt;![endif]--&gt;&#10;&lt;!--[if IE 8]&gt;    &lt;html class=&quot;no-">/app/backend/tests/test_scrape_e2e_stock_status.py:99: eBay anti-bot block (expected/allowed): &lt;!DOCTYPE html&gt;
&lt;!--[if lt IE 7]&gt; &lt;html class="no-js ie6 oldie" lang="en-US"&gt; &lt;![endif]--&gt;
&lt;!--[if IE 7]&gt;    &lt;html class="no-js ie7 oldie" lang="en-US"&gt; &lt;![endif]--&gt;
&lt;!--[if IE 8]&gt;    &lt;html class="no-</skipped></testcase><testcase classname="tests.test_notifications_scope.TestFormatNotificationHTML" name="test_format_new_types" time="0.000" /><testcase classname="tests.test_product_refresh_endpoint.TestGetProduct" name="test_returns_review_aggregate" time="0.320" /><testcase classname="tests.test_variants_and_search.TestRestockDetection" name="test_restock_notification_shape" time="0.000" /></testsuite></testsuites>