<?xml version="1.0" encoding="utf-8"?><testsuites name="pytest tests"><testsuite name="pytest" errors="5" failures="10" skipped="3" tests="181" time="60.037" timestamp="2026-08-22T08:47:49.217634+00:00" hostname="agent-env-cb57c2dc-66e0-464d-897d-463c5d334528"><testcase classname="tests.test_breadcrumb_filter.TestPickMeaningfulLeaf" name="test_returns_none_for_empty" time="0.005" /><testcase classname="tests.test_customer_email_notifications.TestOrderEndpointsCustomerEmailIntegration" name="test_create_order_200_with_confirmation_off" time="0.546" /><testcase classname="tests.test_breadcrumb_filter.TestPickMeaningfulLeaf" name="test_returns_only_element" time="0.001" /><testcase classname="tests.test_breadcrumb_filter.TestPickMeaningfulLeaf" name="test_returns_leaf_by_default" time="0.001" /><testcase classname="tests.test_breadcrumb_filter.TestPickMeaningfulLeaf" name="test_falls_back_when_leaf_too_long" time="0.001" /><testcase classname="tests.test_breadcrumb_filter.TestPickMeaningfulLeaf" name="test_falls_back_when_leaf_has_parenthesised_qualifier" time="0.001" /><testcase classname="tests.test_breadcrumb_filter.TestPickMeaningfulLeaf" name="test_falls_back_when_leaf_is_chained_slash_and" time="0.001" /><testcase classname="tests.test_breadcrumb_filter.TestPickMeaningfulLeaf" name="test_falls_back_when_leaf_equals_parent_case_insensitive" time="0.001" /><testcase classname="tests.test_breadcrumb_filter.TestPickMeaningfulLeaf" name="test_falls_back_when_leaf_is_sku_style" time="0.001" /><testcase classname="tests.test_breadcrumb_filter.TestPickMeaningfulLeaf" name="test_keeps_leaf_with_single_ampersand" time="0.001" /><testcase classname="tests.test_breadcrumb_filter.TestPickMeaningfulLeaf" name="test_leaf_with_no_parent_returns_leaf_even_if_specific" time="0.001" /><testcase classname="tests.test_breadcrumb_filter.TestCleanBreadcrumbTrail" name="test_strips_ebay_prefix" time="0.001" /><testcase classname="tests.test_breadcrumb_filter.TestCleanBreadcrumbTrail" name="test_strips_ebay_multi_word_prefix" time="0.001" /><testcase classname="tests.test_breadcrumb_filter.TestCleanBreadcrumbTrail" name="test_strips_see_more" time="0.001" /><testcase classname="tests.test_breadcrumb_filter.TestCleanBreadcrumbTrail" name="test_strips_see_all_view_all_show_more" time="0.001" /><testcase classname="tests.test_breadcrumb_filter.TestCleanBreadcrumbTrail" name="test_strips_ellipsis_and_home" time="0.001" /><testcase classname="tests.test_breadcrumb_filter.TestCleanBreadcrumbTrail" name="test_collapses_consecutive_duplicates" time="0.001" /><testcase classname="tests.test_breadcrumb_filter.TestCleanBreadcrumbTrail" name="test_case_insensitive_duplicate_collapse" time="0.001" /><testcase classname="tests.test_breadcrumb_filter.TestCleanBreadcrumbTrail" name="test_ignores_empty_and_whitespace" time="0.001" /><testcase classname="tests.test_breadcrumb_filter.TestCleanBreadcrumbTrail" name="test_strips_trailing_arrows_and_punctuation" time="0.001" /><testcase classname="tests.test_scheduler_history_and_retry.TestSchedulerHistoryAndRetry" name="test_manual_success_appends_history" time="0.004" /><testcase classname="tests.test_scheduler_history_and_retry.TestSchedulerHistoryAndRetry" name="test_history_capped_at_20" time="0.065" /><testcase classname="tests.test_scheduler_history_and_retry.TestSchedulerHistoryAndRetry" name="test_newest_first" time="0.008" /><testcase classname="tests.test_scheduler_history_and_retry.TestSchedulerHistoryAndRetry" name="test_scheduled_failure_queues_retry" time="0.003" /><testcase classname="tests.test_scheduler_history_and_retry.TestSchedulerHistoryAndRetry" name="test_exception_also_queues_retry" time="0.005" /><testcase classname="tests.test_scheduler_history_and_retry.TestSchedulerHistoryAndRetry" name="test_retry_success_clears_pending" time="0.007" /><testcase classname="tests.test_scheduler_history_and_retry.TestSchedulerHistoryAndRetry" name="test_retry_failure_marks_dead" time="0.007" /><testcase classname="tests.test_scheduler_history_and_retry.TestSchedulerHistoryAndRetry" name="test_manual_failure_does_not_queue_retry" time="0.004" /><testcase classname="tests.test_scheduler_history_and_retry.TestSchedulerHistoryAndRetry" name="test_clear_history_wipes_entries" time="0.005" /><testcase classname="tests.test_stock_status_and_archive.TestScraperStockStatusClassification" name="test_html_ended" time="0.011" /><testcase classname="tests.test_stock_status_and_archive.TestScraperStockStatusClassification" name="test_html_sold" time="0.002" /><testcase classname="tests.test_stock_status_and_archive.TestScraperStockStatusClassification" name="test_html_out_of_stock" time="0.001" /><testcase classname="tests.test_stock_status_and_archive.TestScraperStockStatusClassification" name="test_html_live" time="0.001" /><testcase classname="tests.test_stock_status_and_archive.TestScraperStockStatusClassification" name="test_scripts_saying_out_of_stock_do_not_flip_live_listing" time="0.001" /><testcase classname="tests.test_stock_status_and_archive.TestScraperStockStatusClassification" name="test_related_offer_out_of_stock_does_not_flip_main_product" time="0.001" /><testcase classname="tests.test_stock_status_and_archive.TestScraperStockStatusClassification" name="test_footer_help_text_saying_no_longer_available_does_not_flip" time="0.001" /><testcase classname="tests.test_stock_status_and_archive.TestScraperStockStatusClassification" name="test_variant_out_of_stock_does_not_flip_main_product" time="0.001" /><testcase classname="tests.test_ebay_category_autocreate.TestEnsureEbayCategory" name="test_returns_none_for_empty_breadcrumbs" time="0.001" /><testcase classname="tests.test_ebay_category_autocreate.TestEnsureEbayCategory" name="test_returns_none_for_none" time="0.003" /><testcase classname="tests.test_ebay_category_autocreate.TestEnsureEbayCategory" name="test_returns_none_when_only_ebay_prefix" time="0.002" /><testcase classname="tests.test_ebay_category_autocreate.TestEnsureEbayCategory" name="test_creates_new_category_from_leaf" time="0.007" /><testcase classname="tests.test_ebay_category_autocreate.TestEnsureEbayCategory" name="test_reuses_existing_category_by_slug" time="0.007" /><testcase classname="tests.test_ebay_category_autocreate.TestEnsureEbayCategory" name="test_case_insensitive_match_by_name" time="0.003" /><testcase classname="tests.test_ebay_category_autocreate.TestEnsureEbayCategory" name="test_group_falls_back_to_imported_for_single_crumb" time="0.003" /><testcase classname="tests.test_product_code.TestProductCodeFormat" name="test_keyboard_friday_21_aug_2026" time="0.000" /><testcase classname="tests.test_product_code.TestProductCodeFormat" name="test_first_non_alpha_stripped" time="0.000" /><testcase classname="tests.test_product_code.TestProductCodeFormat" name="test_empty_title_uses_x" time="0.000" /><testcase classname="tests.test_product_code.TestProductCodeFormat" name="test_first_letter_uppercased" time="0.000" /><testcase classname="tests.test_product_code.TestProductCodeFormat" name="test_day_letter_matches_weekday" time="0.000" /><testcase classname="tests.test_product_code.TestProductCodeFormat" name="test_month_year_pattern" time="0.000" /><testcase classname="tests.test_product_code.TestProductCodeFormat" name="test_two_digit_day_and_month" time="0.000" /><testcase classname="tests.test_customer_email_notifications.TestOrderEndpointsCustomerEmailIntegration" name="test_create_order_200_with_all_toggles_on" time="0.174" /><testcase classname="tests.test_aliko_portal_flow" name="test_register_success_and_customer_persisted" time="0.353" /><testcase classname="tests.test_aliko_portal_flow" name="test_orders_endpoint_returns_three_orders_with_correct_flags" time="0.111" /><testcase classname="tests.test_aliko_portal_flow" name="test_write_review_on_delivered_order" time="0.348" /><testcase classname="tests.test_customer_email_notifications.TestOrderEndpointsCustomerEmailIntegration" name="test_patch_order_status_returns_200[processing]" time="0.217" /><testcase classname="tests.test_customer_email_notifications.TestOrderEndpointsCustomerEmailIntegration" name="test_patch_order_status_returns_200[shipped]" time="0.214" /><testcase classname="tests.test_aliko_portal_flow" name="test_second_review_on_same_order_returns_409" time="0.194" /><testcase classname="tests.test_customer_email_notifications.TestOrderEndpointsCustomerEmailIntegration" name="test_patch_order_status_returns_200[delivered]" time="0.220" /><testcase classname="tests.test_aliko_portal_flow" name="test_review_on_pending_order_rejected" time="0.199" /><testcase classname="tests.test_customer_email_notifications.TestOrderEndpointsCustomerEmailIntegration" name="test_patch_order_status_returns_200[cancelled]" time="0.452" /><testcase classname="tests.test_aliko_portal_flow" name="test_login_after_register_returns_valid_token" time="0.484" /><testcase classname="tests.test_customer_email_notifications.TestOrderEndpointsCustomerEmailIntegration" name="test_patch_order_status_returns_200[paid]" time="0.223" /><testcase classname="tests.test_suppliers_and_items.TestSuppliers" name="test_list_suppliers_shape" time="0.132" /><testcase classname="tests.test_suppliers_and_items.TestSuppliers" name="test_suppliers_search_q" time="0.109" /><testcase classname="tests.test_customer_email_notifications.TestOrderEndpointsCustomerEmailIntegration" name="test_patch_order_status_returns_200[ready_to_ship]" time="0.178" /><testcase classname="tests.test_suppliers_and_items.TestSuppliers" name="test_suppliers_status_filter" time="0.389" /><testcase classname="tests.test_customer_email_notifications.TestOrderEndpointsCustomerEmailIntegration" name="test_patch_order_status_returns_200[refunded]" time="0.214" /><testcase classname="tests.test_customer_email_notifications.TestOrderEndpointsCustomerEmailIntegration" name="test_patch_order_status_returns_200[on_hold]" time="0.170" /><testcase classname="tests.test_suppliers_and_items.TestSuppliers" name="test_suppliers_sort" time="0.807" /><testcase classname="tests.test_customer_email_notifications.TestSendCustomerEmailHelper" name="test_returns_skipped_no_recipient_when_no_email" time="0.042" /><testcase classname="tests.test_customer_email_notifications.TestSendCustomerEmailHelper" name="test_master_off_returns_skipped_master_off" time="0.132" /><testcase classname="tests.test_customer_email_notifications.TestSendCustomerEmailHelper" name="test_specific_toggle_off_returns_skipped_disabled" time="0.128" /><testcase classname="tests.test_customer_email_notifications.TestSendCustomerEmailHelper" name="test_no_key_returns_skipped_no_key" time="0.128" /><testcase classname="tests.test_customer_email_notifications.TestSendCustomerEmailHelper" name="test_unknown_kind_returns_skipped_disabled" time="0.046" /><testcase classname="tests.test_stock_status_and_archive.TestArchiveLifecycle" name="test_new_product_defaults" time="0.247" /><testcase classname="tests.test_suppliers_and_items.TestSuppliers" name="test_suppliers_summary" time="0.119" /><testcase classname="tests.test_stock_status_and_archive.TestArchiveLifecycle" name="test_archive_hides_from_default_list" time="0.692" /><testcase classname="tests.test_suppliers_and_items.TestSuppliers" name="test_old_b2b_endpoints_removed" time="0.412" /><testcase classname="tests.test_customer_portal.TestPortalReviewFlow" name="test_orders_include_review_flags" time="0.659" /><testcase classname="tests.test_stock_status_and_archive.TestArchiveLifecycle" name="test_restore_from_archive" time="0.661" /><testcase classname="tests.test_customer_portal.TestPortalReviewFlow" name="test_review_unpurchased_product_rejected" time="0.704" /><testcase classname="tests.test_stock_status_and_archive.TestArchiveLifecycle" name="test_restore_does_not_reactivate_sold_product" time="0.807" /><testcase classname="tests.test_customer_portal.TestPortalReviewFlow" name="test_rating_range_enforced" time="0.732" /><testcase classname="tests.test_stock_status_and_archive.TestArchiveLifecycle" name="test_archive_404_on_missing" time="0.266" /><testcase classname="tests.test_detail_pages_backend.TestProductDetail" name="test_get_seeded_product_full_payload" time="0.217" /><testcase classname="tests.test_customer_portal.TestPortalReviewFlow" name="test_public_reviews_endpoint_returns_aggregate" time="0.216" /><testcase classname="tests.test_detail_pages_backend.TestProductDetail" name="test_patch_title_and_verify" time="0.468" /><testcase classname="tests.test_suppliers_and_items.TestScraperEndpoints" name="test_refresh_status" time="0.098" /><testcase classname="tests.test_suppliers_and_items.TestScraperEndpoints" name="test_sold_events" time="0.103" /><testcase classname="tests.test_suppliers_and_items.TestScraperEndpoints" name="test_scrape_validation" time="0.136" /><testcase classname="tests.test_detail_pages_backend.TestProductDetail" name="test_patch_category_and_verify" time="0.607" /><testcase classname="tests.test_suppliers_and_items.TestScraperEndpoints" name="test_refresh_all_endpoint_exists" time="0.068" /><testcase classname="tests.test_breadcrumb_filter.TestEnsureEbayCategoryUsesFilter" name="test_car_audio_example_from_user" time="0.007" /><testcase classname="tests.test_breadcrumb_filter.TestEnsureEbayCategoryUsesFilter" name="test_see_more_row_is_ignored" time="0.003" /><testcase classname="tests.test_breadcrumb_filter.TestEnsureEbayCategoryUsesFilter" name="test_falls_back_when_leaf_is_over_specific" time="0.003" /><testcase classname="tests.test_customer_portal.TestPortalRegister" name="test_register_requires_prior_order" time="0.095" /><testcase classname="tests.test_customer_portal.TestPortalRegister" name="test_register_rejects_short_password" time="0.089" /><testcase classname="tests.test_customer_portal.TestPortalRegister" name="test_register_returns_token" time="0.199" /><testcase classname="tests.test_customer_portal.TestPortalLogin" name="test_login_bad_credentials" time="0.095" /><testcase classname="tests.test_detail_pages_backend.TestProductDetail" name="test_delete_product" time="0.347" /><testcase classname="tests.test_customer_portal.TestPortalLogin" name="test_login_success" time="0.598" /><testcase classname="tests.test_customer_email_notifications.TestPushSettingsPatch" name="test_patch_two_toggles_off_persists" time="0.352" /><testcase classname="tests.test_customer_portal.TestPortalLogin" name="test_me_requires_auth" time="0.099" /><testcase classname="tests.test_customer_email_notifications.TestPushSettingsPatch" name="test_patch_round_trip_all_true" time="0.267" /><testcase classname="tests.test_customer_portal.TestReviewVoting" name="test_vote_requires_auth" time="0.094" /><testcase classname="tests.test_customer_portal.TestReviewVoting" name="test_vote_missing_review_404" time="0.702" /><testcase classname="tests.test_customer_email_notifications.TestPushSettingsPatch" name="test_patch_master_off_only" time="0.139" /><testcase classname="tests.test_notifications_scope.TestNewPayment" name="test_successful_charge_emits_new_payment" time="0.552" /><testcase classname="tests.test_customer_portal.TestReviewVoting" name="test_vote_bad_value_400" time="5.881" /><testcase classname="tests.test_notifications_scope.TestNewPayment" name="test_refund_does_not_emit_new_payment" time="5.642" /><testcase classname="tests.test_notifications_scope.TestNewPayment" name="test_failed_charge_does_not_emit_new_payment" time="0.300" /><testcase classname="tests.test_product_code_orders_api.TestProductsHaveCode" name="test_create_product_returns_code" time="0.121" /><testcase classname="tests.test_product_code_orders_api.TestProductsHaveCode" name="test_list_products_includes_code" time="0.116" /><testcase classname="tests.test_product_code_orders_api.TestProductsHaveCode" name="test_get_product_by_id_has_code" time="0.196" /><testcase classname="tests.test_product_code_orders_api.TestOrdersReferenceAndSingleFetch" name="test_create_order_populates_reference" time="0.643" /><testcase classname="tests.test_product_refresh_endpoint.TestRefreshEndpoint" name="test_refresh_without_source_url_returns_400" time="0.344" /><testcase classname="tests.test_product_refresh_endpoint.TestRefreshEndpoint" name="test_refresh_404_on_missing" time="0.137" /><testcase classname="tests.test_product_code_orders_api.TestOrdersReferenceAndSingleFetch" name="test_list_orders_has_reference" time="0.150" /><testcase classname="tests.test_product_refresh_endpoint.TestRefreshEndpoint" name="test_refresh_rejects_non_ebay_source_url" time="0.364" /><testcase classname="tests.test_product_code_orders_api.TestOrdersReferenceAndSingleFetch" name="test_status_counts_still_works" time="0.205" /><testcase classname="tests.test_refactor_smoke.TestNotificationsAndPush" name="test_notifications_list" time="0.104" /><testcase classname="tests.test_refactor_smoke.TestProducts" name="test_list_products" time="0.124" /><testcase classname="tests.test_refactor_smoke.TestNotificationsAndPush" name="test_push_settings_get" time="0.045" /><testcase classname="tests.test_refactor_smoke.TestNotificationsAndPush" name="test_push_test_endpoint" time="0.044" /><testcase classname="tests.test_refactor_smoke.TestProducts" name="test_list_products_archived_filter" time="0.054" /><testcase classname="tests.test_scrape_e2e_stock_status.TestParseAndEnrichStockStatus" name="test_live_listing_with_noisy_scripts_stays_live" time="0.002"><failure message="RuntimeError: Event loop is closed">E   RuntimeError: Event loop is closed</failure></testcase><testcase classname="tests.test_scrape_e2e_stock_status.TestParseAndEnrichStockStatus" name="test_out_of_stock_main_offer_flips_sold" time="0.000"><failure message="RuntimeError: Event loop is closed">E   RuntimeError: Event loop is closed</failure></testcase><testcase classname="tests.test_scrape_e2e_stock_status.TestParseAndEnrichStockStatus" name="test_default_when_no_signal_is_live" time="0.000"><failure message="RuntimeError: Event loop is closed">E   RuntimeError: Event loop is closed</failure></testcase><testcase classname="tests.test_breadcrumb_integration.TestExtractBreadcrumbsFiltersNoise" name="test_strips_see_more_from_jsonld" time="0.008" /><testcase classname="tests.test_breadcrumb_integration.TestExtractBreadcrumbsFiltersNoise" name="test_strips_multiple_noise_tokens" time="0.001" /><testcase classname="tests.test_customer_email_notifications.TestPushSettingsShape" name="test_get_settings_has_customer_fields" time="0.178" /><testcase classname="tests.test_refactor_smoke.TestProducts" name="test_list_products_search" time="0.055" /><testcase classname="tests.test_variants_and_search.TestGlobalSearch" name="test_search_by_product_code_prefix" time="0.098" /><testcase classname="tests.test_customer_email_notifications.TestPushSettingsShape" name="test_defaults_are_true_when_all_on" time="0.169" /><testcase classname="tests.test_variants_and_search.TestGlobalSearch" name="test_search_by_order_reference" time="0.243" /><testcase classname="tests.test_detail_pages_backend.TestOrderDetail" name="test_get_seeded_order" time="0.249" /><testcase classname="tests.test_variants_and_search.TestGlobalSearch" name="test_search_empty_query_rejected" time="0.089" /><testcase classname="tests.test_product_code.TestProductCodeUniqueness" name="test_dedup_suffix" time="0.001"><failure message="pymongo.errors.DuplicateKeyError: E11000 duplicate key error collection: test_database.products index: product_code_1 dup key: { product_code: &quot;ZF21-PC0826&quot; }, full error: {'index': 0, 'code': 11000, 'errmsg': 'E11000 duplicate key error collection: test_database.products index: product_code_1 dup key: { product_code: &quot;ZF21-PC0826&quot; }', 'keyPattern': {'product_code': 1}, 'keyValue': {'product_code': 'ZF21-PC0826'}}">E   pymongo.errors.DuplicateKeyError: E11000 duplicate key error collection: test_database.products index: product_code_1 dup key: { product_code: "ZF21-PC0826" }, full error: {'index': 0, 'code': 11000, 'errmsg': 'E11000 duplicate key error collection: test_database.products index: product_code_1 dup key: { product_code: "ZF21-PC0826" }', 'keyPattern': {'product_code': 1}, 'keyValue': {'product_code': 'ZF21-PC0826'}}</failure></testcase><testcase classname="tests.test_product_code.TestProductCodeUniqueness" name="test_new_product_creation_receives_code" time="0.293" /><testcase classname="tests.test_detail_pages_backend.TestOrderDetail" name="test_patch_order_status_cycle" time="1.580" /><testcase classname="tests.test_refactor_smoke.TestOrders" name="test_orders_list" time="0.150" /><testcase classname="tests.test_refactor_smoke.TestOrders" name="test_status_cycle" time="0.751" /><testcase classname="tests.test_refactor_smoke.TestAnalytics" name="test_overview" time="0.424" /><testcase classname="tests.test_refactor_smoke.TestAnalytics" name="test_report" time="0.430" /><testcase classname="tests.test_suppliers_and_items.TestItems" name="test_items_status_filter" time="0.593" /><testcase classname="tests.test_refactor_smoke.TestPortal" name="test_me" time="0.721" /><testcase classname="tests.test_refactor_smoke.TestPortal" name="test_orders_returns_three" time="0.047" /><testcase classname="tests.test_variants_and_search.TestVariantScraping" name="test_json_ld_variants" time="0.005" /><testcase classname="tests.test_variants_and_search.TestVariantScraping" name="test_no_variants_returns_empty" time="0.001" /><testcase classname="tests.test_variants_and_search.TestBulkArchive" name="test_bulk_archive_and_bulk_delete" time="15.640" /><testcase classname="tests.test_suppliers_and_items.TestItems" name="test_items_sort" time="20.203" /><testcase classname="tests.test_variants_and_search.TestBulkArchive" name="test_bulk_archive_empty" time="0.142" /><testcase classname="tests.test_breadcrumb_integration.TestParseAndEnrichCleansBreadcrumbs" name="test_ebay_category_path_has_no_noise" time="0.002" /><testcase classname="tests.test_breadcrumb_integration.TestFromItemUsesLeafCategory" name="test_creates_category_from_leaf_and_products_filter_by_slug" time="0.000"><skipped type="pytest.skip" message="REACT_APP_BACKEND_URL not set">/app/backend/tests/test_breadcrumb_integration.py:160: REACT_APP_BACKEND_URL not set</skipped></testcase><testcase classname="tests.test_customer_email_notifications.TestPortalRegisterWelcomeEmail" name="test_portal_register_calls_welcome_email_helper" time="0.413" /><testcase classname="tests.test_customer_email_notifications.TestResendKeyReuse" name="test_no_separate_customer_resend_key" time="0.169" /><testcase classname="tests.test_ebay_category_api.TestAutoCategoryOnAddToProducts" name="test_before_and_after_categories" time="0.102"><failure message="RuntimeError: Event loop is closed">E   RuntimeError: Event loop is closed</failure></testcase><testcase classname="tests.test_ebay_category_api.TestAutoCategoryOnAddToProducts" name="test_before_and_after_categories" time="0.000"><error message="failed on teardown with &quot;RuntimeError: Event loop is closed&quot;">E   RuntimeError: Event loop is closed</error></testcase><testcase classname="tests.test_ebay_category_api.TestBulkAddToProducts" name="test_bulk_creates_categories_for_each" time="0.000"><failure message="RuntimeError: Event loop is closed">E   RuntimeError: Event loop is closed</failure></testcase><testcase classname="tests.test_ebay_category_api.TestBulkAddToProducts" name="test_bulk_creates_categories_for_each" time="0.000"><error message="failed on teardown with &quot;RuntimeError: Event loop is closed&quot;">E   RuntimeError: Event loop is closed</error></testcase><testcase classname="tests.test_ebay_category_api.TestNoDuplicateCategory" name="test_duplicate_import_no_duplicate_row" time="0.000"><failure message="RuntimeError: Event loop is closed">E   RuntimeError: Event loop is closed</failure></testcase><testcase classname="tests.test_ebay_category_api.TestNoDuplicateCategory" name="test_duplicate_import_no_duplicate_row" time="0.000"><error message="failed on teardown with &quot;RuntimeError: Event loop is closed&quot;">E   RuntimeError: Event loop is closed</error></testcase><testcase classname="tests.test_ebay_category_api.TestSeededCategoriesPreserved" name="test_seed_categories_present" time="0.094"><failure message="RuntimeError: Event loop is closed">E   RuntimeError: Event loop is closed</failure></testcase><testcase classname="tests.test_ebay_category_api.TestSeededCategoriesPreserved" name="test_seed_categories_present" time="0.000"><error message="failed on teardown with &quot;RuntimeError: Event loop is closed&quot;">E   RuntimeError: Event loop is closed</error></testcase><testcase classname="tests.test_ebay_category_api.TestCategoryFilterRegression" name="test_filter_by_auto_created_slug" time="0.000"><failure message="RuntimeError: Event loop is closed">E   RuntimeError: Event loop is closed</failure></testcase><testcase classname="tests.test_ebay_category_api.TestCategoryFilterRegression" name="test_filter_by_auto_created_slug" time="0.000"><error message="failed on teardown with &quot;RuntimeError: Event loop is closed&quot;">E   RuntimeError: Event loop is closed</error></testcase><testcase classname="tests.test_notifications_scope.TestRemovalOrderStatusSilent" name="test_patch_order_status_does_not_emit_notification" time="0.536" /><testcase classname="tests.test_notifications_scope.TestKeepNewOrderAndLowStock" name="test_post_order_emits_new_order_and_low_stock" time="0.410"><failure message="AssertionError: assert 25 == (26 + 1)&#10; +  where 25 = _notif_count('new_order')">E   AssertionError: assert 25 == (26 + 1)
     +  where 25 = _notif_count('new_order')</failure></testcase><testcase classname="tests.test_notifications_scope.TestKeepNewCustomer" name="test_post_customer_emits_new_customer" time="0.311" /><testcase classname="tests.test_notifications_scope.TestCancellationRequest" name="test_post_return_emits_cancellation_request" time="0.404" /><testcase classname="tests.test_notifications_scope.TestScrapeFailedIsSilent" name="test_bogus_ebay_url_does_not_emit_notification" time="19.330" /><testcase classname="tests.test_variants_and_search.TestReviewAggregateOnProducts" name="test_products_list_includes_aggregate" time="0.323" /><testcase classname="tests.test_variants_and_search.TestReviewAggregateOnProducts" name="test_single_product_endpoint_includes_aggregate" time="0.216" /><testcase classname="tests.test_product_refresh_endpoint.TestGetProduct" name="test_returns_review_aggregate" time="0.319" /><testcase classname="tests.test_refactor_smoke.TestScraperSchedule" name="test_get_schedule_shape" time="0.094" /><testcase classname="tests.test_refactor_smoke.TestGlobalSearch" name="test_search_returns_products_and_orders" time="0.050" /><testcase classname="tests.test_scrape_e2e_stock_status.TestScrapeEndpointLive" name="test_live_ebay_url_returns_live" time="18.199"><skipped type="pytest.skip" message="eBay anti-bot block (expected/allowed): &lt;!DOCTYPE html&gt;&#10;&lt;!--[if lt IE 7]&gt; &lt;html class=&quot;no-js ie6 oldie&quot; lang=&quot;en-US&quot;&gt; &lt;![endif]--&gt;&#10;&lt;!--[if IE 7]&gt;    &lt;html class=&quot;no-js ie7 oldie&quot; lang=&quot;en-US&quot;&gt; &lt;![endif]--&gt;&#10;&lt;!--[if IE 8]&gt;    &lt;html class=&quot;no-">/app/backend/tests/test_scrape_e2e_stock_status.py:99: eBay anti-bot block (expected/allowed): &lt;!DOCTYPE html&gt;
&lt;!--[if lt IE 7]&gt; &lt;html class="no-js ie6 oldie" lang="en-US"&gt; &lt;![endif]--&gt;
&lt;!--[if IE 7]&gt;    &lt;html class="no-js ie7 oldie" lang="en-US"&gt; &lt;![endif]--&gt;
&lt;!--[if IE 8]&gt;    &lt;html class="no-</skipped></testcase><testcase classname="tests.test_notifications_scope.TestSchedulerFailureIsSilent" name="test_manual_scheduler_run_returns_ok" time="0.000"><skipped type="pytest.skip" message="POST /api/scraper/schedule/run-now blocks backend for many minutes iterating real eBay URLs.">/app/backend/tests/test_notifications_scope.py:203: POST /api/scraper/schedule/run-now blocks backend for many minutes iterating real eBay URLs.</skipped></testcase><testcase classname="tests.test_notifications_scope.TestFormatNotificationHTML" name="test_format_new_types" time="0.000" /><testcase classname="tests.test_variants_and_search.TestRestockDetection" name="test_restock_notification_shape" time="0.000" /></testsuite></testsuites>