<?xml version="1.0" encoding="utf-8"?><testsuites name="pytest tests"><testsuite name="pytest" errors="0" failures="0" skipped="3" tests="128" time="62.160" timestamp="2026-08-22T07:26:50.688827+00:00" hostname="agent-env-cb57c2dc-66e0-464d-897d-463c5d334528"><testcase classname="tests.test_stock_status_and_archive.TestScraperStockStatusClassification" name="test_html_ended" time="0.011" /><testcase classname="tests.test_scheduler_history_and_retry.TestSchedulerHistoryAndRetry" name="test_manual_success_appends_history" time="0.010" /><testcase classname="tests.test_scheduler_history_and_retry.TestSchedulerHistoryAndRetry" name="test_history_capped_at_20" time="0.059" /><testcase classname="tests.test_stock_status_and_archive.TestScraperStockStatusClassification" name="test_html_sold" time="0.002" /><testcase classname="tests.test_stock_status_and_archive.TestScraperStockStatusClassification" name="test_html_out_of_stock" time="0.001" /><testcase classname="tests.test_stock_status_and_archive.TestScraperStockStatusClassification" name="test_html_live" time="0.001" /><testcase classname="tests.test_stock_status_and_archive.TestScraperStockStatusClassification" name="test_scripts_saying_out_of_stock_do_not_flip_live_listing" time="0.002" /><testcase classname="tests.test_stock_status_and_archive.TestScraperStockStatusClassification" name="test_related_offer_out_of_stock_does_not_flip_main_product" time="0.001" /><testcase classname="tests.test_stock_status_and_archive.TestScraperStockStatusClassification" name="test_footer_help_text_saying_no_longer_available_does_not_flip" time="0.002" /><testcase classname="tests.test_stock_status_and_archive.TestScraperStockStatusClassification" name="test_variant_out_of_stock_does_not_flip_main_product" time="0.001" /><testcase classname="tests.test_ebay_category_autocreate.TestEnsureEbayCategory" name="test_returns_none_for_empty_breadcrumbs" time="0.005" /><testcase classname="tests.test_ebay_category_autocreate.TestEnsureEbayCategory" name="test_returns_none_for_none" time="0.001" /><testcase classname="tests.test_ebay_category_autocreate.TestEnsureEbayCategory" name="test_returns_none_when_only_ebay_prefix" time="0.001" /><testcase classname="tests.test_ebay_category_autocreate.TestEnsureEbayCategory" name="test_creates_new_category_from_leaf" time="0.003" /><testcase classname="tests.test_ebay_category_autocreate.TestEnsureEbayCategory" name="test_reuses_existing_category_by_slug" time="0.003" /><testcase classname="tests.test_ebay_category_autocreate.TestEnsureEbayCategory" name="test_case_insensitive_match_by_name" time="0.002" /><testcase classname="tests.test_ebay_category_autocreate.TestEnsureEbayCategory" name="test_group_falls_back_to_imported_for_single_crumb" time="0.003" /><testcase classname="tests.test_product_code.TestProductCodeFormat" name="test_keyboard_friday_21_aug_2026" time="0.000" /><testcase classname="tests.test_product_code.TestProductCodeFormat" name="test_first_non_alpha_stripped" time="0.000" /><testcase classname="tests.test_product_code.TestProductCodeFormat" name="test_empty_title_uses_x" time="0.000" /><testcase classname="tests.test_product_code.TestProductCodeFormat" name="test_first_letter_uppercased" time="0.000" /><testcase classname="tests.test_product_code.TestProductCodeFormat" name="test_day_letter_matches_weekday" time="0.000" /><testcase classname="tests.test_product_code.TestProductCodeFormat" name="test_month_year_pattern" time="0.000" /><testcase classname="tests.test_product_code.TestProductCodeFormat" name="test_two_digit_day_and_month" time="0.000" /><testcase classname="tests.test_scheduler_history_and_retry.TestSchedulerHistoryAndRetry" name="test_newest_first" time="0.011" /><testcase classname="tests.test_scheduler_history_and_retry.TestSchedulerHistoryAndRetry" name="test_scheduled_failure_queues_retry" time="0.008" /><testcase classname="tests.test_scheduler_history_and_retry.TestSchedulerHistoryAndRetry" name="test_exception_also_queues_retry" time="0.006" /><testcase classname="tests.test_scheduler_history_and_retry.TestSchedulerHistoryAndRetry" name="test_retry_success_clears_pending" time="0.009" /><testcase classname="tests.test_scheduler_history_and_retry.TestSchedulerHistoryAndRetry" name="test_retry_failure_marks_dead" time="0.011" /><testcase classname="tests.test_scheduler_history_and_retry.TestSchedulerHistoryAndRetry" name="test_manual_failure_does_not_queue_retry" time="0.007" /><testcase classname="tests.test_scheduler_history_and_retry.TestSchedulerHistoryAndRetry" name="test_clear_history_wipes_entries" time="0.004" /><testcase classname="tests.test_suppliers_and_items.TestSuppliers" name="test_list_suppliers_shape" time="0.502" /><testcase classname="tests.test_aliko_portal_flow" name="test_register_success_and_customer_persisted" time="0.568" /><testcase classname="tests.test_aliko_portal_flow" name="test_orders_endpoint_returns_three_orders_with_correct_flags" time="0.103" /><testcase classname="tests.test_suppliers_and_items.TestSuppliers" name="test_suppliers_search_q" time="0.118" /><testcase classname="tests.test_aliko_portal_flow" name="test_write_review_on_delivered_order" time="0.298" /><testcase classname="tests.test_suppliers_and_items.TestSuppliers" name="test_suppliers_status_filter" time="0.352" /><testcase classname="tests.test_aliko_portal_flow" name="test_second_review_on_same_order_returns_409" time="0.199" /><testcase classname="tests.test_suppliers_and_items.TestSuppliers" name="test_suppliers_sort" time="1.032" /><testcase classname="tests.test_aliko_portal_flow" name="test_review_on_pending_order_rejected" time="0.200" /><testcase classname="tests.test_aliko_portal_flow" name="test_login_after_register_returns_valid_token" time="0.454" /><testcase classname="tests.test_stock_status_and_archive.TestArchiveLifecycle" name="test_new_product_defaults" time="0.201" /><testcase classname="tests.test_stock_status_and_archive.TestArchiveLifecycle" name="test_archive_hides_from_default_list" time="0.679" /><testcase classname="tests.test_suppliers_and_items.TestSuppliers" name="test_suppliers_summary" time="0.118" /><testcase classname="tests.test_suppliers_and_items.TestSuppliers" name="test_old_b2b_endpoints_removed" time="0.436" /><testcase classname="tests.test_customer_portal.TestPortalReviewFlow" name="test_orders_include_review_flags" time="0.714" /><testcase classname="tests.test_stock_status_and_archive.TestArchiveLifecycle" name="test_restore_from_archive" time="0.616" /><testcase classname="tests.test_stock_status_and_archive.TestArchiveLifecycle" name="test_restore_does_not_reactivate_sold_product" time="0.788" /><testcase classname="tests.test_customer_portal.TestPortalReviewFlow" name="test_review_unpurchased_product_rejected" time="0.704" /><testcase classname="tests.test_customer_portal.TestPortalReviewFlow" name="test_rating_range_enforced" time="0.644" /><testcase classname="tests.test_stock_status_and_archive.TestArchiveLifecycle" name="test_archive_404_on_missing" time="0.102" /><testcase classname="tests.test_detail_pages_backend.TestProductDetail" name="test_get_seeded_product_full_payload" time="0.382" /><testcase classname="tests.test_detail_pages_backend.TestProductDetail" name="test_patch_title_and_verify" time="0.465" /><testcase classname="tests.test_customer_portal.TestPortalReviewFlow" name="test_public_reviews_endpoint_returns_aggregate" time="0.217" /><testcase classname="tests.test_suppliers_and_items.TestScraperEndpoints" name="test_refresh_status" time="0.092" /><testcase classname="tests.test_suppliers_and_items.TestScraperEndpoints" name="test_sold_events" time="0.113" /><testcase classname="tests.test_detail_pages_backend.TestProductDetail" name="test_patch_category_and_verify" time="0.602" /><testcase classname="tests.test_suppliers_and_items.TestScraperEndpoints" name="test_scrape_validation" time="0.094" /><testcase classname="tests.test_suppliers_and_items.TestScraperEndpoints" name="test_refresh_all_endpoint_exists" time="0.069" /><testcase classname="tests.test_customer_portal.TestPortalLogin" name="test_login_bad_credentials" time="0.099" /><testcase classname="tests.test_customer_portal.TestPortalLogin" name="test_login_success" time="0.575" /><testcase classname="tests.test_detail_pages_backend.TestProductDetail" name="test_delete_product" time="0.542" /><testcase classname="tests.test_customer_portal.TestPortalLogin" name="test_me_requires_auth" time="0.094" /><testcase classname="tests.test_customer_portal.TestReviewVoting" name="test_vote_requires_auth" time="0.090" /><testcase classname="tests.test_customer_portal.TestReviewVoting" name="test_vote_missing_review_404" time="1.792" /><testcase classname="tests.test_customer_portal.TestPortalRegister" name="test_register_requires_prior_order" time="0.152" /><testcase classname="tests.test_customer_portal.TestPortalRegister" name="test_register_rejects_short_password" time="0.108" /><testcase classname="tests.test_customer_portal.TestPortalRegister" name="test_register_returns_token" time="1.280" /><testcase classname="tests.test_product_code_orders_api.TestProductsHaveCode" name="test_create_product_returns_code" time="0.103" /><testcase classname="tests.test_product_code_orders_api.TestProductsHaveCode" name="test_list_products_includes_code" time="0.115" /><testcase classname="tests.test_customer_portal.TestReviewVoting" name="test_vote_bad_value_400" time="0.868" /><testcase classname="tests.test_product_code_orders_api.TestProductsHaveCode" name="test_get_product_by_id_has_code" time="0.152" /><testcase classname="tests.test_product_code_orders_api.TestOrdersReferenceAndSingleFetch" name="test_create_order_populates_reference" time="0.682" /><testcase classname="tests.test_product_code_orders_api.TestOrdersReferenceAndSingleFetch" name="test_list_orders_has_reference" time="0.137" /><testcase classname="tests.test_notifications_scope.TestNewPayment" name="test_successful_charge_emits_new_payment" time="0.437" /><testcase classname="tests.test_product_code_orders_api.TestOrdersReferenceAndSingleFetch" name="test_status_counts_still_works" time="0.222" /><testcase classname="tests.test_product_refresh_endpoint.TestRefreshEndpoint" name="test_refresh_without_source_url_returns_400" time="0.390" /><testcase classname="tests.test_notifications_scope.TestNewPayment" name="test_refund_does_not_emit_new_payment" time="0.374" /><testcase classname="tests.test_product_refresh_endpoint.TestRefreshEndpoint" name="test_refresh_404_on_missing" time="0.126" /><testcase classname="tests.test_notifications_scope.TestNewPayment" name="test_failed_charge_does_not_emit_new_payment" time="0.357" /><testcase classname="tests.test_product_refresh_endpoint.TestRefreshEndpoint" name="test_refresh_rejects_non_ebay_source_url" time="0.334" /><testcase classname="tests.test_refactor_smoke.TestProducts" name="test_list_products" time="0.148" /><testcase classname="tests.test_refactor_smoke.TestNotificationsAndPush" name="test_notifications_list" time="0.124" /><testcase classname="tests.test_refactor_smoke.TestProducts" name="test_list_products_archived_filter" time="0.053" /><testcase classname="tests.test_refactor_smoke.TestNotificationsAndPush" name="test_push_settings_get" time="0.044" /><testcase classname="tests.test_refactor_smoke.TestProducts" name="test_list_products_search" time="0.064" /><testcase classname="tests.test_refactor_smoke.TestNotificationsAndPush" name="test_push_test_endpoint" time="0.229" /><testcase classname="tests.test_scrape_e2e_stock_status.TestParseAndEnrichStockStatus" name="test_live_listing_with_noisy_scripts_stays_live" time="0.011" /><testcase classname="tests.test_scrape_e2e_stock_status.TestParseAndEnrichStockStatus" name="test_out_of_stock_main_offer_flips_sold" time="0.002" /><testcase classname="tests.test_scrape_e2e_stock_status.TestParseAndEnrichStockStatus" name="test_default_when_no_signal_is_live" time="0.002" /><testcase classname="tests.test_detail_pages_backend.TestOrderDetail" name="test_get_seeded_order" time="0.251" /><testcase classname="tests.test_variants_and_search.TestGlobalSearch" name="test_search_by_product_code_prefix" time="0.132" /><testcase classname="tests.test_detail_pages_backend.TestOrderDetail" name="test_patch_order_status_cycle" time="1.941" /><testcase classname="tests.test_variants_and_search.TestGlobalSearch" name="test_search_by_order_reference" time="0.200" /><testcase classname="tests.test_variants_and_search.TestGlobalSearch" name="test_search_empty_query_rejected" time="0.097" /><testcase classname="tests.test_refactor_smoke.TestPortal" name="test_me" time="0.890" /><testcase classname="tests.test_refactor_smoke.TestPortal" name="test_orders_returns_three" time="0.053" /><testcase classname="tests.test_refactor_smoke.TestOrders" name="test_orders_list" time="0.086" /><testcase classname="tests.test_refactor_smoke.TestOrders" name="test_status_cycle" time="0.500" /><testcase classname="tests.test_refactor_smoke.TestAnalytics" name="test_overview" time="0.188" /><testcase classname="tests.test_product_code.TestProductCodeUniqueness" name="test_dedup_suffix" time="0.014" /><testcase classname="tests.test_product_code.TestProductCodeUniqueness" name="test_new_product_creation_receives_code" time="0.236" /><testcase classname="tests.test_refactor_smoke.TestAnalytics" name="test_report" time="0.181" /><testcase classname="tests.test_variants_and_search.TestVariantScraping" name="test_json_ld_variants" time="0.003" /><testcase classname="tests.test_variants_and_search.TestVariantScraping" name="test_no_variants_returns_empty" time="0.004" /><testcase classname="tests.test_variants_and_search.TestReviewAggregateOnProducts" name="test_products_list_includes_aggregate" time="0.118" /><testcase classname="tests.test_suppliers_and_items.TestItems" name="test_items_status_filter" time="0.431" /><testcase classname="tests.test_variants_and_search.TestReviewAggregateOnProducts" name="test_single_product_endpoint_includes_aggregate" time="0.252" /><testcase classname="tests.test_variants_and_search.TestBulkArchive" name="test_bulk_archive_and_bulk_delete" time="15.788" /><testcase classname="tests.test_suppliers_and_items.TestItems" name="test_items_sort" time="30.675" /><testcase classname="tests.test_variants_and_search.TestBulkArchive" name="test_bulk_archive_empty" time="0.103" /><testcase classname="tests.test_ebay_category_api.TestBulkAddToProducts" name="test_bulk_creates_categories_for_each" time="0.231" /><testcase classname="tests.test_ebay_category_api.TestSeededCategoriesPreserved" name="test_seed_categories_present" time="0.306" /><testcase classname="tests.test_ebay_category_api.TestCategoryFilterRegression" name="test_filter_by_auto_created_slug" time="0.205" /><testcase classname="tests.test_notifications_scope.TestRemovalOrderStatusSilent" name="test_patch_order_status_does_not_emit_notification" time="0.496" /><testcase classname="tests.test_notifications_scope.TestKeepNewOrderAndLowStock" name="test_post_order_emits_new_order_and_low_stock" time="0.494" /><testcase classname="tests.test_notifications_scope.TestKeepNewCustomer" name="test_post_customer_emits_new_customer" time="0.298" /><testcase classname="tests.test_notifications_scope.TestCancellationRequest" name="test_post_return_emits_cancellation_request" time="0.391" /><testcase classname="tests.test_notifications_scope.TestScrapeFailed" name="test_bogus_ebay_url_emits_scrape_failed" time="16.225"><skipped type="pytest.skip" message="Ingress proxy timeout (Cloudflare) — backend not reached; scrape_failed emit path is verified by the manual smoke test.">/app/backend/tests/test_notifications_scope.py:196: Ingress proxy timeout (Cloudflare) — backend not reached; scrape_failed emit path is verified by the manual smoke test.</skipped></testcase><testcase classname="tests.test_ebay_category_api.TestAutoCategoryOnAddToProducts" name="test_before_and_after_categories" time="0.329" /><testcase classname="tests.test_ebay_category_api.TestNoDuplicateCategory" name="test_duplicate_import_no_duplicate_row" time="0.382" /><testcase classname="tests.test_product_refresh_endpoint.TestGetProduct" name="test_returns_review_aggregate" time="0.330" /><testcase classname="tests.test_refactor_smoke.TestScraperSchedule" name="test_get_schedule_shape" time="0.099" /><testcase classname="tests.test_refactor_smoke.TestGlobalSearch" name="test_search_returns_products_and_orders" time="0.048" /><testcase classname="tests.test_scrape_e2e_stock_status.TestScrapeEndpointLive" name="test_live_ebay_url_returns_live" time="15.858"><skipped type="pytest.skip" message="eBay anti-bot block (expected/allowed): &lt;!DOCTYPE html&gt;&#10;&lt;!--[if lt IE 7]&gt; &lt;html class=&quot;no-js ie6 oldie&quot; lang=&quot;en-US&quot;&gt; &lt;![endif]--&gt;&#10;&lt;!--[if IE 7]&gt;    &lt;html class=&quot;no-js ie7 oldie&quot; lang=&quot;en-US&quot;&gt; &lt;![endif]--&gt;&#10;&lt;!--[if IE 8]&gt;    &lt;html class=&quot;no-">/app/backend/tests/test_scrape_e2e_stock_status.py:99: eBay anti-bot block (expected/allowed): &lt;!DOCTYPE html&gt;
&lt;!--[if lt IE 7]&gt; &lt;html class="no-js ie6 oldie" lang="en-US"&gt; &lt;![endif]--&gt;
&lt;!--[if IE 7]&gt;    &lt;html class="no-js ie7 oldie" lang="en-US"&gt; &lt;![endif]--&gt;
&lt;!--[if IE 8]&gt;    &lt;html class="no-</skipped></testcase><testcase classname="tests.test_notifications_scope.TestSchedulerRunNow" name="test_manual_scheduler_run_returns_ok" time="0.000"><skipped type="pytest.skip" message="POST /api/scraper/schedule/run-now blocks backend for many minutes iterating real eBay URLs which hit anti-bot. Covered by scheduler-history tests already.">/app/backend/tests/test_notifications_scope.py:218: POST /api/scraper/schedule/run-now blocks backend for many minutes iterating real eBay URLs which hit anti-bot. Covered by scheduler-history tests already.</skipped></testcase><testcase classname="tests.test_notifications_scope.TestFormatNotificationHTML" name="test_format_new_types" time="0.000" /><testcase classname="tests.test_variants_and_search.TestRestockDetection" name="test_restock_notification_shape" time="0.000" /></testsuite></testsuites>