<?xml version="1.0" encoding="utf-8"?><testsuites name="pytest tests"><testsuite name="pytest" errors="0" failures="0" skipped="0" tests="7" time="101.807" timestamp="2026-09-25T12:08:34.653224+00:00" hostname="agent-env-cb57c2dc-66e0-464d-897d-463c5d334528"><testcase classname="tests.test_smart_tag_contract" name="test_tag_settings_seed_shape_and_patch_validation" time="4.564" /><testcase classname="tests.test_smart_tag_contract" name="test_admin_product_contract_and_rule_tags" time="6.323" /><testcase classname="tests.test_smart_tag_contract" name="test_storefront_contract_and_tag_disable_suppression" time="5.968" /><testcase classname="tests.test_smart_tag_contract" name="test_deal_tag_auto_expires" time="11.940" /><testcase classname="tests.test_smart_tag_contract" name="test_store_view_endpoint_is_anonymous_and_hot_rule_updates" time="45.545" /><testcase classname="tests.test_smart_product_tags" name="test_settings_persist_and_dynamic_new_limited_deal_tags" time="21.181" /><testcase classname="tests.test_smart_product_tags" name="test_hot_rule_records_storefront_views" time="6.009" /></testsuite></testsuites>