<?xml version="1.0" encoding="utf-8"?><testsuites name="pytest tests"><testsuite name="pytest" errors="0" failures="0" skipped="0" tests="5" time="11.974" timestamp="2026-09-24T12:10:06.833743+00:00" hostname="agent-env-cb57c2dc-66e0-464d-897d-463c5d334528"><testcase classname="tests.test_category_cleanup_schedule.TestCategoryCleanupSchedule" name="test_get_schedule_returns_persisted_configuration_shape" time="3.510" /><testcase classname="tests.test_category_cleanup_schedule.TestCategoryCleanupSchedule" name="test_patch_rejects_enabled_without_datetime" time="2.264" /><testcase classname="tests.test_category_cleanup_schedule.TestCategoryCleanupSchedule" name="test_patch_rejects_past_datetime" time="0.665" /><testcase classname="tests.test_category_cleanup_schedule.TestCategoryCleanupSchedule" name="test_patch_persists_future_utc_recurrence_and_pause_toggle" time="1.925" /><testcase classname="tests.test_category_cleanup_schedule.TestCategoryCleanupSchedule" name="test_dry_run_finds_empty_categories_without_deleting" time="2.705" /></testsuite></testsuites>