<?xml version="1.0" encoding="utf-8"?><testsuites name="pytest tests"><testsuite name="pytest" errors="0" failures="0" skipped="0" tests="6" time="24.054" timestamp="2026-09-19T12:59:41.598503+00:00" hostname="agent-env-cb57c2dc-66e0-464d-897d-463c5d334528"><testcase classname="tests.test_customer_first_last_name" name="test_create_customer_with_first_last_composes_name" time="4.809" /><testcase classname="tests.test_customer_first_last_name" name="test_create_customer_with_only_name_splits" time="1.734" /><testcase classname="tests.test_customer_first_last_name" name="test_patch_customer_name_resyncs_first_last" time="2.134" /><testcase classname="tests.test_customer_first_last_name" name="test_portal_flow_first_last_mirrors_to_customer" time="10.344" /><testcase classname="tests.test_customer_first_last_name" name="test_greeting_first_name_helper" time="0.478" /><testcase classname="tests.test_customer_first_last_name" name="test_zz_cleanup" time="4.069" /></testsuite></testsuites>