<?xml version="1.0" encoding="utf-8"?><testsuites name="pytest tests"><testsuite name="pytest" errors="0" failures="0" skipped="0" tests="6" time="1.237" timestamp="2026-08-23T10:58:18.563669+00:00" hostname="agent-env-cb57c2dc-66e0-464d-897d-463c5d334528"><testcase classname="tests.test_customer_groups_removed.TestCustomerGroupsRemoved" name="test_list_customers_no_groups_key_and_no_group_field" time="0.279" /><testcase classname="tests.test_customer_groups_removed.TestCustomerGroupsRemoved" name="test_customers_summary_no_by_group" time="0.048" /><testcase classname="tests.test_customer_groups_removed.TestCustomerGroupsRemoved" name="test_create_customer_drops_group_in_body" time="0.099" /><testcase classname="tests.test_customer_groups_removed.TestCustomerGroupsRemoved" name="test_list_customers_with_group_query_param_ignored" time="0.059" /><testcase classname="tests.test_customer_groups_removed.TestCustomerGroupsRemoved" name="test_patch_customer_group_not_persisted" time="0.172" /><testcase classname="tests.test_customer_groups_removed.TestCustomerGroupsRemoved" name="test_rebuild_from_orders_no_group" time="0.237" /></testsuite></testsuites>