<?xml version="1.0" encoding="utf-8"?><testsuites name="pytest tests"><testsuite name="pytest" errors="0" failures="0" skipped="0" tests="4" time="1.054" timestamp="2026-08-23T10:47:28.112686+00:00" hostname="agent-env-cb57c2dc-66e0-464d-897d-463c5d334528"><testcase classname="tests.test_message_customer.TestMessageCustomer" name="test_404_unknown_customer" time="0.268" /><testcase classname="tests.test_message_customer.TestMessageCustomer" name="test_400_missing_subject" time="0.227" /><testcase classname="tests.test_message_customer.TestMessageCustomer" name="test_400_missing_body" time="0.095" /><testcase classname="tests.test_message_customer.TestMessageCustomer" name="test_400_no_resend_key" time="0.101" /></testsuite></testsuites>