<?xml version="1.0" encoding="utf-8"?><testsuites name="pytest tests"><testsuite name="pytest" errors="2" failures="6" skipped="2" tests="152" time="38.711" timestamp="2026-08-22T07:56:29.532642+00:00" hostname="agent-env-cb57c2dc-66e0-464d-897d-463c5d334528"><testcase classname="tests.test_scheduler_history_and_retry.TestSchedulerHistoryAndRetry" name="test_manual_success_appends_history" time="0.024" /><testcase classname="tests.test_customer_email_notifications.TestOrderEndpointsCustomerEmailIntegration" name="test_create_order_200_with_confirmation_off" time="0.276" /><testcase classname="tests.test_scheduler_history_and_retry.TestSchedulerHistoryAndRetry" name="test_history_capped_at_20" time="0.084" /><testcase classname="tests.test_scheduler_history_and_retry.TestSchedulerHistoryAndRetry" name="test_newest_first" time="0.012" /><testcase classname="tests.test_scheduler_history_and_retry.TestSchedulerHistoryAndRetry" name="test_scheduled_failure_queues_retry" time="0.010" /><testcase classname="tests.test_scheduler_history_and_retry.TestSchedulerHistoryAndRetry" name="test_exception_also_queues_retry" time="0.007" /><testcase classname="tests.test_scheduler_history_and_retry.TestSchedulerHistoryAndRetry" name="test_retry_success_clears_pending" time="0.006" /><testcase classname="tests.test_scheduler_history_and_retry.TestSchedulerHistoryAndRetry" name="test_retry_failure_marks_dead" time="0.008" /><testcase classname="tests.test_scheduler_history_and_retry.TestSchedulerHistoryAndRetry" name="test_manual_failure_does_not_queue_retry" time="0.006" /><testcase classname="tests.test_scheduler_history_and_retry.TestSchedulerHistoryAndRetry" name="test_clear_history_wipes_entries" time="0.005" /><testcase classname="tests.test_stock_status_and_archive.TestScraperStockStatusClassification" name="test_html_ended" time="0.012" /><testcase classname="tests.test_stock_status_and_archive.TestScraperStockStatusClassification" name="test_html_sold" time="0.002" /><testcase classname="tests.test_stock_status_and_archive.TestScraperStockStatusClassification" name="test_html_out_of_stock" time="0.001" /><testcase classname="tests.test_stock_status_and_archive.TestScraperStockStatusClassification" name="test_html_live" time="0.002" /><testcase classname="tests.test_stock_status_and_archive.TestScraperStockStatusClassification" name="test_scripts_saying_out_of_stock_do_not_flip_live_listing" time="0.002" /><testcase classname="tests.test_stock_status_and_archive.TestScraperStockStatusClassification" name="test_related_offer_out_of_stock_does_not_flip_main_product" time="0.001" /><testcase classname="tests.test_stock_status_and_archive.TestScraperStockStatusClassification" name="test_footer_help_text_saying_no_longer_available_does_not_flip" time="0.002" /><testcase classname="tests.test_stock_status_and_archive.TestScraperStockStatusClassification" name="test_variant_out_of_stock_does_not_flip_main_product" time="0.001" /><testcase classname="tests.test_ebay_category_autocreate.TestEnsureEbayCategory" name="test_returns_none_for_empty_breadcrumbs" time="0.002" /><testcase classname="tests.test_ebay_category_autocreate.TestEnsureEbayCategory" name="test_returns_none_for_none" time="0.001" /><testcase classname="tests.test_ebay_category_autocreate.TestEnsureEbayCategory" name="test_returns_none_when_only_ebay_prefix" time="0.003" /><testcase classname="tests.test_ebay_category_autocreate.TestEnsureEbayCategory" name="test_creates_new_category_from_leaf" time="0.005" /><testcase classname="tests.test_ebay_category_autocreate.TestEnsureEbayCategory" name="test_reuses_existing_category_by_slug" time="0.008" /><testcase classname="tests.test_ebay_category_autocreate.TestEnsureEbayCategory" name="test_case_insensitive_match_by_name" time="0.005" /><testcase classname="tests.test_ebay_category_autocreate.TestEnsureEbayCategory" name="test_group_falls_back_to_imported_for_single_crumb" time="0.005" /><testcase classname="tests.test_product_code.TestProductCodeFormat" name="test_keyboard_friday_21_aug_2026" time="0.001" /><testcase classname="tests.test_product_code.TestProductCodeFormat" name="test_first_non_alpha_stripped" time="0.000" /><testcase classname="tests.test_product_code.TestProductCodeFormat" name="test_empty_title_uses_x" time="0.000" /><testcase classname="tests.test_product_code.TestProductCodeFormat" name="test_first_letter_uppercased" time="0.000" /><testcase classname="tests.test_product_code.TestProductCodeFormat" name="test_day_letter_matches_weekday" time="0.000" /><testcase classname="tests.test_product_code.TestProductCodeFormat" name="test_month_year_pattern" time="0.000" /><testcase classname="tests.test_product_code.TestProductCodeFormat" name="test_two_digit_day_and_month" time="0.000" /><testcase classname="tests.test_customer_email_notifications.TestOrderEndpointsCustomerEmailIntegration" name="test_create_order_200_with_all_toggles_on" time="0.331" /><testcase classname="tests.test_customer_email_notifications.TestOrderEndpointsCustomerEmailIntegration" name="test_patch_order_status_returns_200[processing]" time="0.214" /><testcase classname="tests.test_aliko_portal_flow" name="test_register_success_and_customer_persisted" time="0.407" /><testcase classname="tests.test_aliko_portal_flow" name="test_orders_endpoint_returns_three_orders_with_correct_flags" time="0.107" /><testcase classname="tests.test_aliko_portal_flow" name="test_write_review_on_delivered_order" time="0.309" /><testcase classname="tests.test_customer_email_notifications.TestOrderEndpointsCustomerEmailIntegration" name="test_patch_order_status_returns_200[shipped]" time="0.256" /><testcase classname="tests.test_aliko_portal_flow" name="test_second_review_on_same_order_returns_409" time="0.246" /><testcase classname="tests.test_customer_email_notifications.TestOrderEndpointsCustomerEmailIntegration" name="test_patch_order_status_returns_200[delivered]" time="0.178" /><testcase classname="tests.test_customer_email_notifications.TestOrderEndpointsCustomerEmailIntegration" name="test_patch_order_status_returns_200[cancelled]" time="0.213" /><testcase classname="tests.test_aliko_portal_flow" name="test_review_on_pending_order_rejected" time="0.245" /><testcase classname="tests.test_customer_email_notifications.TestOrderEndpointsCustomerEmailIntegration" name="test_patch_order_status_returns_200[paid]" time="0.212" /><testcase classname="tests.test_aliko_portal_flow" name="test_login_after_register_returns_valid_token" time="0.471" /><testcase classname="tests.test_customer_email_notifications.TestOrderEndpointsCustomerEmailIntegration" name="test_patch_order_status_returns_200[ready_to_ship]" time="0.401" /><testcase classname="tests.test_suppliers_and_items.TestSuppliers" name="test_list_suppliers_shape" time="0.136" /><testcase classname="tests.test_customer_email_notifications.TestOrderEndpointsCustomerEmailIntegration" name="test_patch_order_status_returns_200[refunded]" time="0.218" /><testcase classname="tests.test_suppliers_and_items.TestSuppliers" name="test_suppliers_search_q" time="0.126" /><testcase classname="tests.test_suppliers_and_items.TestSuppliers" name="test_suppliers_status_filter" time="0.383" /><testcase classname="tests.test_customer_email_notifications.TestOrderEndpointsCustomerEmailIntegration" name="test_patch_order_status_returns_200[on_hold]" time="0.138" /><testcase classname="tests.test_customer_email_notifications.TestSendCustomerEmailHelper" name="test_returns_skipped_no_recipient_when_no_email" time="0.083" /><testcase classname="tests.test_customer_email_notifications.TestSendCustomerEmailHelper" name="test_master_off_returns_skipped_master_off" time="0.138" /><testcase classname="tests.test_customer_email_notifications.TestSendCustomerEmailHelper" name="test_specific_toggle_off_returns_skipped_disabled" time="0.129" /><testcase classname="tests.test_suppliers_and_items.TestSuppliers" name="test_suppliers_sort" time="0.887" /><testcase classname="tests.test_customer_email_notifications.TestSendCustomerEmailHelper" name="test_no_key_returns_skipped_no_key" time="0.131" /><testcase classname="tests.test_customer_email_notifications.TestSendCustomerEmailHelper" name="test_unknown_kind_returns_skipped_disabled" time="0.045" /><testcase classname="tests.test_stock_status_and_archive.TestArchiveLifecycle" name="test_new_product_defaults" time="0.274" /><testcase classname="tests.test_stock_status_and_archive.TestArchiveLifecycle" name="test_archive_hides_from_default_list" time="0.736" /><testcase classname="tests.test_suppliers_and_items.TestSuppliers" name="test_suppliers_summary" time="0.109" /><testcase classname="tests.test_suppliers_and_items.TestSuppliers" name="test_old_b2b_endpoints_removed" time="0.476" /><testcase classname="tests.test_stock_status_and_archive.TestArchiveLifecycle" name="test_restore_from_archive" time="0.430" /><testcase classname="tests.test_customer_portal.TestPortalReviewFlow" name="test_orders_include_review_flags" time="0.706" /><testcase classname="tests.test_stock_status_and_archive.TestArchiveLifecycle" name="test_restore_does_not_reactivate_sold_product" time="0.988" /><testcase classname="tests.test_customer_portal.TestPortalReviewFlow" name="test_review_unpurchased_product_rejected" time="0.720" /><testcase classname="tests.test_stock_status_and_archive.TestArchiveLifecycle" name="test_archive_404_on_missing" time="0.110" /><testcase classname="tests.test_detail_pages_backend.TestProductDetail" name="test_get_seeded_product_full_payload" time="0.248" /><testcase classname="tests.test_customer_portal.TestPortalReviewFlow" name="test_rating_range_enforced" time="0.726" /><testcase classname="tests.test_detail_pages_backend.TestProductDetail" name="test_patch_title_and_verify" time="0.678" /><testcase classname="tests.test_customer_portal.TestPortalReviewFlow" name="test_public_reviews_endpoint_returns_aggregate" time="0.233" /><testcase classname="tests.test_detail_pages_backend.TestProductDetail" name="test_patch_category_and_verify" time="0.502" /><testcase classname="tests.test_suppliers_and_items.TestScraperEndpoints" name="test_refresh_status" time="0.095" /><testcase classname="tests.test_suppliers_and_items.TestScraperEndpoints" name="test_sold_events" time="0.116" /><testcase classname="tests.test_suppliers_and_items.TestScraperEndpoints" name="test_scrape_validation" time="0.143" /><testcase classname="tests.test_suppliers_and_items.TestScraperEndpoints" name="test_refresh_all_endpoint_exists" time="0.074" /><testcase classname="tests.test_detail_pages_backend.TestProductDetail" name="test_delete_product" time="0.338" /><testcase classname="tests.test_customer_portal.TestPortalRegister" name="test_register_requires_prior_order" time="0.098" /><testcase classname="tests.test_customer_portal.TestPortalRegister" name="test_register_rejects_short_password" time="0.132" /><testcase classname="tests.test_customer_portal.TestPortalRegister" name="test_register_returns_token" time="0.211" /><testcase classname="tests.test_customer_email_notifications.TestPushSettingsPatch" name="test_patch_two_toggles_off_persists" time="0.246" /><testcase classname="tests.test_customer_portal.TestPortalLogin" name="test_login_bad_credentials" time="0.134" /><testcase classname="tests.test_customer_email_notifications.TestPushSettingsPatch" name="test_patch_round_trip_all_true" time="0.216" /><testcase classname="tests.test_customer_portal.TestPortalLogin" name="test_login_success" time="0.654" /><testcase classname="tests.test_customer_email_notifications.TestPushSettingsPatch" name="test_patch_master_off_only" time="0.415" /><testcase classname="tests.test_customer_portal.TestReviewVoting" name="test_vote_requires_auth" time="0.110" /><testcase classname="tests.test_customer_portal.TestPortalLogin" name="test_me_requires_auth" time="0.106" /><testcase classname="tests.test_customer_portal.TestReviewVoting" name="test_vote_missing_review_404" time="0.660" /><testcase classname="tests.test_notifications_scope.TestNewPayment" name="test_successful_charge_emits_new_payment" time="0.637" /><testcase classname="tests.test_customer_portal.TestReviewVoting" name="test_vote_bad_value_400" time="1.130" /><testcase classname="tests.test_notifications_scope.TestNewPayment" name="test_refund_does_not_emit_new_payment" time="0.316" /><testcase classname="tests.test_notifications_scope.TestNewPayment" name="test_failed_charge_does_not_emit_new_payment" time="0.300" /><testcase classname="tests.test_product_code_orders_api.TestOrdersReferenceAndSingleFetch" name="test_create_order_populates_reference" time="5.943" /><testcase classname="tests.test_product_code_orders_api.TestProductsHaveCode" name="test_create_product_returns_code" time="0.165" /><testcase classname="tests.test_product_code_orders_api.TestProductsHaveCode" name="test_list_products_includes_code" time="0.120" /><testcase classname="tests.test_product_code_orders_api.TestProductsHaveCode" name="test_get_product_by_id_has_code" time="5.331" /><testcase classname="tests.test_product_code_orders_api.TestOrdersReferenceAndSingleFetch" name="test_list_orders_has_reference" time="0.133" /><testcase classname="tests.test_product_code_orders_api.TestOrdersReferenceAndSingleFetch" name="test_status_counts_still_works" time="0.233" /><testcase classname="tests.test_product_refresh_endpoint.TestRefreshEndpoint" name="test_refresh_without_source_url_returns_400" time="0.357" /><testcase classname="tests.test_refactor_smoke.TestProducts" name="test_list_products" time="0.125" /><testcase classname="tests.test_refactor_smoke.TestProducts" name="test_list_products_archived_filter" time="0.057" /><testcase classname="tests.test_product_refresh_endpoint.TestRefreshEndpoint" name="test_refresh_404_on_missing" time="0.131" /><testcase classname="tests.test_refactor_smoke.TestProducts" name="test_list_products_search" time="0.060" /><testcase classname="tests.test_refactor_smoke.TestNotificationsAndPush" name="test_notifications_list" time="0.054" /><testcase classname="tests.test_refactor_smoke.TestNotificationsAndPush" name="test_push_settings_get" time="0.053" /><testcase classname="tests.test_product_refresh_endpoint.TestRefreshEndpoint" name="test_refresh_rejects_non_ebay_source_url" time="0.318" /><testcase classname="tests.test_refactor_smoke.TestNotificationsAndPush" name="test_push_test_endpoint" time="0.049" /><testcase classname="tests.test_variants_and_search.TestGlobalSearch" name="test_search_by_product_code_prefix" time="0.112" /><testcase classname="tests.test_variants_and_search.TestGlobalSearch" name="test_search_by_order_reference" time="0.217" /><testcase classname="tests.test_scrape_e2e_stock_status.TestParseAndEnrichStockStatus" name="test_live_listing_with_noisy_scripts_stays_live" time="0.000"><failure message="RuntimeError: Event loop is closed">tests/test_scrape_e2e_stock_status.py:62: in test_live_listing_with_noisy_scripts_stays_live
    data = asyncio.get_event_loop().run_until_complete(
/usr/local/lib/python3.11/asyncio/base_events.py:629: in run_until_complete
    self._check_closed()
/usr/local/lib/python3.11/asyncio/base_events.py:520: in _check_closed
    raise RuntimeError('Event loop is closed')
E   RuntimeError: Event loop is closed</failure></testcase><testcase classname="tests.test_scrape_e2e_stock_status.TestParseAndEnrichStockStatus" name="test_out_of_stock_main_offer_flips_sold" time="0.000"><failure message="RuntimeError: Event loop is closed">tests/test_scrape_e2e_stock_status.py:71: in test_out_of_stock_main_offer_flips_sold
    data = asyncio.get_event_loop().run_until_complete(
/usr/local/lib/python3.11/asyncio/base_events.py:629: in run_until_complete
    self._check_closed()
/usr/local/lib/python3.11/asyncio/base_events.py:520: in _check_closed
    raise RuntimeError('Event loop is closed')
E   RuntimeError: Event loop is closed</failure></testcase><testcase classname="tests.test_scrape_e2e_stock_status.TestParseAndEnrichStockStatus" name="test_default_when_no_signal_is_live" time="0.000"><failure message="RuntimeError: Event loop is closed">tests/test_scrape_e2e_stock_status.py:82: in test_default_when_no_signal_is_live
    data = asyncio.get_event_loop().run_until_complete(
/usr/local/lib/python3.11/asyncio/base_events.py:629: in run_until_complete
    self._check_closed()
/usr/local/lib/python3.11/asyncio/base_events.py:520: in _check_closed
    raise RuntimeError('Event loop is closed')
E   RuntimeError: Event loop is closed</failure></testcase><testcase classname="tests.test_variants_and_search.TestGlobalSearch" name="test_search_empty_query_rejected" time="0.096" /><testcase classname="tests.test_detail_pages_backend.TestOrderDetail" name="test_get_seeded_order" time="0.213" /><testcase classname="tests.test_customer_email_notifications.TestPushSettingsShape" name="test_get_settings_has_customer_fields" time="0.195" /><testcase classname="tests.test_detail_pages_backend.TestOrderDetail" name="test_patch_order_status_cycle" time="1.647" /><testcase classname="tests.test_customer_email_notifications.TestPushSettingsShape" name="test_defaults_are_true_when_all_on" time="0.184" /><testcase classname="tests.test_refactor_smoke.TestPortal" name="test_me" time="0.752" /><testcase classname="tests.test_refactor_smoke.TestPortal" name="test_orders_returns_three" time="0.042" /><testcase classname="tests.test_refactor_smoke.TestOrders" name="test_orders_list" time="0.059" /><testcase classname="tests.test_refactor_smoke.TestOrders" name="test_status_cycle" time="0.558" /><testcase classname="tests.test_product_code.TestProductCodeUniqueness" name="test_dedup_suffix" time="0.001"><failure message="RuntimeError: Event loop is closed">tests/test_product_code.py:62: in test_dedup_suffix
    _run(server.db.products.insert_one({
/root/.venv/lib/python3.11/site-packages/motor/metaprogramming.py:74: in method
    return framework.run_on_executor(
/root/.venv/lib/python3.11/site-packages/motor/frameworks/asyncio/__init__.py:85: in run_on_executor
    return loop.run_in_executor(_EXECUTOR, functools.partial(fn, *args, **kwargs))
           ^^^^^^^^^^^^^^^^^^^^^^^^^^^^^^^^^^^^^^^^^^^^^^^^^^^^^^^^^^^^^^^^^^^^^^^
/usr/local/lib/python3.11/asyncio/base_events.py:817: in run_in_executor
    self._check_closed()
/usr/local/lib/python3.11/asyncio/base_events.py:520: in _check_closed
    raise RuntimeError('Event loop is closed')
E   RuntimeError: Event loop is closed</failure></testcase><testcase classname="tests.test_refactor_smoke.TestAnalytics" name="test_overview" time="0.167" /><testcase classname="tests.test_product_code.TestProductCodeUniqueness" name="test_new_product_creation_receives_code" time="0.223" /><testcase classname="tests.test_refactor_smoke.TestAnalytics" name="test_report" time="0.176" /><testcase classname="tests.test_suppliers_and_items.TestItems" name="test_items_status_filter" time="0.369" /><testcase classname="tests.test_variants_and_search.TestVariantScraping" name="test_json_ld_variants" time="0.002" /><testcase classname="tests.test_variants_and_search.TestVariantScraping" name="test_no_variants_returns_empty" time="0.002" /><testcase classname="tests.test_variants_and_search.TestBulkArchive" name="test_bulk_archive_and_bulk_delete" time="0.682" /><testcase classname="tests.test_suppliers_and_items.TestItems" name="test_items_sort" time="0.568" /><testcase classname="tests.test_variants_and_search.TestBulkArchive" name="test_bulk_archive_empty" time="0.102" /><testcase classname="tests.test_customer_email_notifications.TestPortalRegisterWelcomeEmail" name="test_portal_register_calls_welcome_email_helper" time="0.389" /><testcase classname="tests.test_variants_and_search.TestReviewAggregateOnProducts" name="test_products_list_includes_aggregate" time="0.281" /><testcase classname="tests.test_variants_and_search.TestReviewAggregateOnProducts" name="test_single_product_endpoint_includes_aggregate" time="0.219" /><testcase classname="tests.test_customer_email_notifications.TestResendKeyReuse" name="test_no_separate_customer_resend_key" time="0.125" /><testcase classname="tests.test_ebay_category_api.TestAutoCategoryOnAddToProducts" name="test_before_and_after_categories" time="0.422" /><testcase classname="tests.test_ebay_category_api.TestBulkAddToProducts" name="test_bulk_creates_categories_for_each" time="0.000"><failure message="RuntimeError: Event loop is closed">tests/test_ebay_category_api.py:136: in test_bulk_creates_categories_for_each
    id_a = _mk_item(["eBay", "Electronics", leaf_a])
           ^^^^^^^^^^^^^^^^^^^^^^^^^^^^^^^^^^^^^^^^^
tests/test_ebay_category_api.py:79: in _mk_item
    _run(db.items.insert_one(doc))
         ^^^^^^^^^^^^^^^^^^^^^^^^
/root/.venv/lib/python3.11/site-packages/motor/metaprogramming.py:74: in method
    return framework.run_on_executor(
/root/.venv/lib/python3.11/site-packages/motor/frameworks/asyncio/__init__.py:85: in run_on_executor
    return loop.run_in_executor(_EXECUTOR, functools.partial(fn, *args, **kwargs))
           ^^^^^^^^^^^^^^^^^^^^^^^^^^^^^^^^^^^^^^^^^^^^^^^^^^^^^^^^^^^^^^^^^^^^^^^
/usr/local/lib/python3.11/asyncio/base_events.py:817: in run_in_executor
    self._check_closed()
/usr/local/lib/python3.11/asyncio/base_events.py:520: in _check_closed
    raise RuntimeError('Event loop is closed')
E   RuntimeError: Event loop is closed</failure></testcase><testcase classname="tests.test_ebay_category_api.TestBulkAddToProducts" name="test_bulk_creates_categories_for_each" time="0.000"><error message="failed on teardown with &quot;RuntimeError: Event loop is closed&quot;">tests/test_ebay_category_api.py:92: in cleanup
    _run(_wipe())
tests/test_ebay_category_api.py:52: in _run
    return _LOOP.run_until_complete(coro)
           ^^^^^^^^^^^^^^^^^^^^^^^^^^^^^^
/usr/local/lib/python3.11/asyncio/base_events.py:654: in run_until_complete
    return future.result()
           ^^^^^^^^^^^^^^^
tests/test_ebay_category_api.py:88: in _wipe
    await db.categories.delete_many({"slug": {"$regex": f"^auto-api-{_RUN_ID}-"}})
          ^^^^^^^^^^^^^^^^^^^^^^^^^^^^^^^^^^^^^^^^^^^^^^^^^^^^^^^^^^^^^^^^^^^^^^^^
/root/.venv/lib/python3.11/site-packages/motor/metaprogramming.py:74: in method
    return framework.run_on_executor(
/root/.venv/lib/python3.11/site-packages/motor/frameworks/asyncio/__init__.py:85: in run_on_executor
    return loop.run_in_executor(_EXECUTOR, functools.partial(fn, *args, **kwargs))
           ^^^^^^^^^^^^^^^^^^^^^^^^^^^^^^^^^^^^^^^^^^^^^^^^^^^^^^^^^^^^^^^^^^^^^^^
/usr/local/lib/python3.11/asyncio/base_events.py:817: in run_in_executor
    self._check_closed()
/usr/local/lib/python3.11/asyncio/base_events.py:520: in _check_closed
    raise RuntimeError('Event loop is closed')
E   RuntimeError: Event loop is closed</error></testcase><testcase classname="tests.test_ebay_category_api.TestNoDuplicateCategory" name="test_duplicate_import_no_duplicate_row" time="0.000"><failure message="RuntimeError: Event loop is closed">tests/test_ebay_category_api.py:157: in test_duplicate_import_no_duplicate_row
    id1 = _mk_item(["eBay", "Sports", leaf])
          ^^^^^^^^^^^^^^^^^^^^^^^^^^^^^^^^^^
tests/test_ebay_category_api.py:79: in _mk_item
    _run(db.items.insert_one(doc))
         ^^^^^^^^^^^^^^^^^^^^^^^^
/root/.venv/lib/python3.11/site-packages/motor/metaprogramming.py:74: in method
    return framework.run_on_executor(
/root/.venv/lib/python3.11/site-packages/motor/frameworks/asyncio/__init__.py:85: in run_on_executor
    return loop.run_in_executor(_EXECUTOR, functools.partial(fn, *args, **kwargs))
           ^^^^^^^^^^^^^^^^^^^^^^^^^^^^^^^^^^^^^^^^^^^^^^^^^^^^^^^^^^^^^^^^^^^^^^^
/usr/local/lib/python3.11/asyncio/base_events.py:817: in run_in_executor
    self._check_closed()
/usr/local/lib/python3.11/asyncio/base_events.py:520: in _check_closed
    raise RuntimeError('Event loop is closed')
E   RuntimeError: Event loop is closed</failure></testcase><testcase classname="tests.test_ebay_category_api.TestNoDuplicateCategory" name="test_duplicate_import_no_duplicate_row" time="0.000"><error message="failed on teardown with &quot;RuntimeError: Event loop is closed&quot;">tests/test_ebay_category_api.py:92: in cleanup
    _run(_wipe())
tests/test_ebay_category_api.py:52: in _run
    return _LOOP.run_until_complete(coro)
           ^^^^^^^^^^^^^^^^^^^^^^^^^^^^^^
/usr/local/lib/python3.11/asyncio/base_events.py:654: in run_until_complete
    return future.result()
           ^^^^^^^^^^^^^^^
tests/test_ebay_category_api.py:88: in _wipe
    await db.categories.delete_many({"slug": {"$regex": f"^auto-api-{_RUN_ID}-"}})
          ^^^^^^^^^^^^^^^^^^^^^^^^^^^^^^^^^^^^^^^^^^^^^^^^^^^^^^^^^^^^^^^^^^^^^^^^
/root/.venv/lib/python3.11/site-packages/motor/metaprogramming.py:74: in method
    return framework.run_on_executor(
/root/.venv/lib/python3.11/site-packages/motor/frameworks/asyncio/__init__.py:85: in run_on_executor
    return loop.run_in_executor(_EXECUTOR, functools.partial(fn, *args, **kwargs))
           ^^^^^^^^^^^^^^^^^^^^^^^^^^^^^^^^^^^^^^^^^^^^^^^^^^^^^^^^^^^^^^^^^^^^^^^
/usr/local/lib/python3.11/asyncio/base_events.py:817: in run_in_executor
    self._check_closed()
/usr/local/lib/python3.11/asyncio/base_events.py:520: in _check_closed
    raise RuntimeError('Event loop is closed')
E   RuntimeError: Event loop is closed</error></testcase><testcase classname="tests.test_notifications_scope.TestRemovalOrderStatusSilent" name="test_patch_order_status_does_not_emit_notification" time="0.585" /><testcase classname="tests.test_ebay_category_api.TestSeededCategoriesPreserved" name="test_seed_categories_present" time="0.318" /><testcase classname="tests.test_ebay_category_api.TestCategoryFilterRegression" name="test_filter_by_auto_created_slug" time="0.243" /><testcase classname="tests.test_notifications_scope.TestKeepNewOrderAndLowStock" name="test_post_order_emits_new_order_and_low_stock" time="0.502" /><testcase classname="tests.test_notifications_scope.TestCancellationRequest" name="test_post_return_emits_cancellation_request" time="0.424" /><testcase classname="tests.test_notifications_scope.TestKeepNewCustomer" name="test_post_customer_emits_new_customer" time="0.289" /><testcase classname="tests.test_notifications_scope.TestScrapeFailed" name="test_bogus_ebay_url_emits_scrape_failed" time="15.545"><skipped type="pytest.skip" message="Ingress proxy timeout (Cloudflare) — backend not reached; scrape_failed emit path is verified by the manual smoke test.">/app/backend/tests/test_notifications_scope.py:196: Ingress proxy timeout (Cloudflare) — backend not reached; scrape_failed emit path is verified by the manual smoke test.</skipped></testcase><testcase classname="tests.test_notifications_scope.TestSchedulerRunNow" name="test_manual_scheduler_run_returns_ok" time="0.000"><skipped type="pytest.skip" message="POST /api/scraper/schedule/run-now blocks backend for many minutes iterating real eBay URLs which hit anti-bot. Covered by scheduler-history tests already.">/app/backend/tests/test_notifications_scope.py:218: POST /api/scraper/schedule/run-now blocks backend for many minutes iterating real eBay URLs which hit anti-bot. Covered by scheduler-history tests already.</skipped></testcase><testcase classname="tests.test_product_refresh_endpoint.TestGetProduct" name="test_returns_review_aggregate" time="0.304" /><testcase classname="tests.test_refactor_smoke.TestGlobalSearch" name="test_search_returns_products_and_orders" time="0.094" /><testcase classname="tests.test_scrape_e2e_stock_status.TestScrapeEndpointLive" name="test_live_ebay_url_returns_live" time="13.011" /><testcase classname="tests.test_variants_and_search.TestRestockDetection" name="test_restock_notification_shape" time="0.000" /><testcase classname="tests.test_notifications_scope.TestFormatNotificationHTML" name="test_format_new_types" time="0.000" /><testcase classname="tests.test_refactor_smoke.TestScraperSchedule" name="test_get_schedule_shape" time="0.107" /></testsuite></testsuites>