<?xml version="1.0" encoding="utf-8"?><testsuites name="pytest tests"><testsuite name="pytest" errors="0" failures="0" skipped="0" tests="4" time="1.309" timestamp="2026-08-21T14:03:54.944755+00:00" hostname="agent-env-cb57c2dc-66e0-464d-897d-463c5d334528"><testcase classname="tests.test_product_refresh_endpoint.TestGetProduct" name="test_returns_review_aggregate" time="0.524" /><testcase classname="tests.test_product_refresh_endpoint.TestRefreshEndpoint" name="test_refresh_without_source_url_returns_400" time="0.458" /><testcase classname="tests.test_product_refresh_endpoint.TestRefreshEndpoint" name="test_refresh_404_on_missing" time="0.138" /><testcase classname="tests.test_product_refresh_endpoint.TestRefreshEndpoint" name="test_refresh_rejects_non_ebay_source_url" time="0.402" /></testsuite></testsuites>