<?xml version="1.0" encoding="utf-8"?><testsuites name="pytest tests"><testsuite name="pytest" errors="0" failures="1" skipped="0" tests="10" time="1.830" timestamp="2026-08-24T06:35:17.904231+00:00" hostname="agent-env-cb57c2dc-66e0-464d-897d-463c5d334528"><testcase classname="tests.test_stuck_orders.TestRegressions" name="test_unread_count" time="0.420"><failure message="assert 404 == 200&#10; +  where 404 = &lt;Response [404]&gt;.status_code">backend/tests/test_stuck_orders.py:102: in test_unread_count
    assert r.status_code == 200
E   assert 404 == 200
E    +  where 404 = &lt;Response [404]&gt;.status_code</failure></testcase><testcase classname="tests.test_stuck_orders.TestStuckOrdersShape" name="test_response_shape" time="0.355" /><testcase classname="tests.test_stuck_orders.TestStuckOrdersShape" name="test_required_fields_present" time="0.000" /><testcase classname="tests.test_stuck_orders.TestStuckOrdersShape" name="test_sorted_days_stuck_desc" time="0.000" /><testcase classname="tests.test_stuck_orders.TestStuckOrdersShape" name="test_no_terminal_statuses" time="0.000" /><testcase classname="tests.test_stuck_orders.TestStuckOrdersShape" name="test_only_valid_stuck_statuses" time="0.000" /><testcase classname="tests.test_stuck_orders.TestStuckOrdersShape" name="test_days_stuck_exceeds_sla" time="0.000" /><testcase classname="tests.test_stuck_orders.TestStuckOrdersShape" name="test_no_mongo_id_leaked" time="0.000" /><testcase classname="tests.test_stuck_orders.TestRegressions" name="test_orders_list" time="0.138" /><testcase classname="tests.test_stuck_orders.TestFreshOrderNotStuck" name="test_fresh_pending_order_excluded" time="0.717" /></testsuite></testsuites>