<?xml version="1.0" encoding="utf-8"?><testsuites name="pytest tests"><testsuite name="pytest" errors="0" failures="0" skipped="0" tests="4" time="1.260" timestamp="2026-08-23T11:45:57.213263+00:00" hostname="agent-env-cb57c2dc-66e0-464d-897d-463c5d334528"><testcase classname="tests.test_message_thread" name="test_customer_detail_thread_empty" time="0.388" /><testcase classname="tests.test_message_thread" name="test_post_message_marks_inbound_and_lowercases_email" time="0.230" /><testcase classname="tests.test_message_thread" name="test_thread_sorted_asc" time="0.397" /><testcase classname="tests.test_message_thread" name="test_outbound_send_without_resend_returns_400" time="0.191" /></testsuite></testsuites>