<?xml version="1.0" encoding="utf-8"?><testsuites name="pytest tests"><testsuite name="pytest" errors="0" failures="0" skipped="0" tests="5" time="1.234" timestamp="2026-08-23T11:57:15.138731+00:00" hostname="agent-env-cb57c2dc-66e0-464d-897d-463c5d334528"><testcase classname="tests.test_order_timeline.TestPatchOrderStatusHistory" name="test_status_history_appended_on_change" time="0.701" /><testcase classname="tests.test_order_timeline.TestCustomerTimeline" name="test_timeline_shape_and_events" time="0.701" /><testcase classname="tests.test_order_timeline.TestCustomerTimeline" name="test_timeline_sorted_newest_first" time="0.048" /><testcase classname="tests.test_order_timeline.TestPatchOrderStatusHistory" name="test_status_history_not_touched_on_non_status_patch" time="0.184" /><testcase classname="tests.test_order_timeline.TestCustomerTimeline" name="test_empty_customer_has_empty_timeline" time="0.097" /></testsuite></testsuites>