<?xml version="1.0" encoding="utf-8"?><testsuites name="pytest tests"><testsuite name="pytest" errors="0" failures="0" skipped="0" tests="16" time="0.623" timestamp="2026-08-23T11:08:04.293664+00:00" hostname="agent-env-cb57c2dc-66e0-464d-897d-463c5d334528"><testcase classname="tests.test_title_integration" name="test_parse_ebay_item_cleans_title" time="0.011" /><testcase classname="tests.test_title_cleaner" name="test_spec_example_from_user" time="0.001" /><testcase classname="tests.test_title_cleaner" name="test_removes_duplicate_words" time="0.000" /><testcase classname="tests.test_title_cleaner" name="test_moves_size_after_model_no_brackets" time="0.000" /><testcase classname="tests.test_title_cleaner" name="test_moves_size_from_front_to_after_model" time="0.000" /><testcase classname="tests.test_title_cleaner" name="test_colour_moved_to_dash_suffix" time="0.000" /><testcase classname="tests.test_title_cleaner" name="test_multiple_colours_kept" time="0.000" /><testcase classname="tests.test_title_cleaner" name="test_empty_brackets_removed" time="0.000" /><testcase classname="tests.test_title_cleaner" name="test_trailing_punctuation_trimmed" time="0.000" /><testcase classname="tests.test_title_cleaner" name="test_cm_size_normalises" time="0.000" /><testcase classname="tests.test_title_cleaner" name="test_duplicate_size_in_brackets_removed" time="0.000" /><testcase classname="tests.test_title_cleaner" name="test_non_matching_bracket_preserved" time="0.000" /><testcase classname="tests.test_title_cleaner" name="test_no_type_word_fallback" time="0.000" /><testcase classname="tests.test_title_cleaner" name="test_empty_input" time="0.000" /><testcase classname="tests.test_title_integration" name="test_parse_ebay_item_returns_all_fields" time="0.002" /><testcase classname="tests.test_title_integration" name="test_existing_products_titles_not_touched" time="0.144" /></testsuite></testsuites>