<?xml version="1.0" encoding="utf-8"?><testsuites name="pytest tests"><testsuite name="pytest" errors="0" failures="0" skipped="0" tests="4" time="3.019" timestamp="2026-08-24T06:11:42.276028+00:00" hostname="agent-env-cb57c2dc-66e0-464d-897d-463c5d334528"><testcase classname="tests.test_unread_count" name="test_endpoint_shape" time="0.294" /><testcase classname="tests.test_unread_count" name="test_new_inbound_increments_count" time="0.644" /><testcase classname="tests.test_unread_count" name="test_case_insensitive_email" time="0.692" /><testcase classname="tests.test_unread_count" name="test_blank_email_not_counted" time="0.641" /></testsuite></testsuites>