<?xml version="1.0" encoding="utf-8"?><testsuites name="pytest tests"><testsuite name="pytest" errors="0" failures="0" skipped="0" tests="6" time="2.810" timestamp="2026-08-23T12:05:15.113566+00:00" hostname="agent-env-cb57c2dc-66e0-464d-897d-463c5d334528"><testcase classname="tests.test_unread_reply.TestUnreadReplyFlag" name="test_zero_messages_flag_false" time="0.539" /><testcase classname="tests.test_unread_reply.TestUnreadReplyFlag" name="test_two_inbound_flag_true" time="0.604" /><testcase classname="tests.test_unread_reply.TestUnreadReplyFlag" name="test_outbound_newer_flag_false" time="0.468" /><testcase classname="tests.test_unread_reply.TestUnreadReplyFlag" name="test_only_outbound_flag_false" time="0.327" /><testcase classname="tests.test_unread_reply.TestUnreadReplyFlag" name="test_inbound_newer_than_outbound_flag_true" time="0.456" /><testcase classname="tests.test_unread_reply.TestRegression" name="test_customer_detail_shape" time="0.235" /></testsuite></testsuites>