<?xml version="1.0" encoding="utf-8"?><testsuites name="pytest tests"><testsuite name="pytest" errors="0" failures="0" skipped="0" tests="7" time="17.624" timestamp="2026-09-19T13:41:52.315828+00:00" hostname="agent-env-cb57c2dc-66e0-464d-897d-463c5d334528"><testcase classname="tests.test_variant_cart_and_orders.TestGuestCart" name="test_patch_guest_cart_variant_pricing" time="3.403" /><testcase classname="tests.test_variant_cart_and_orders.TestGuestCart" name="test_patch_cart_no_identity_400" time="0.069" /><testcase classname="tests.test_variant_cart_and_orders.TestJwtCart" name="test_jwt_cart_is_independent_from_guest" time="8.566" /><testcase classname="tests.test_variant_cart_and_orders.TestOrderVariants" name="test_single_product_variant_overrides_base_price" time="1.674" /><testcase classname="tests.test_variant_cart_and_orders.TestOrderVariants" name="test_multi_line_order" time="3.214" /><testcase classname="tests.test_variant_cart_and_orders.TestOrderVariants" name="test_order_neither_product_id_nor_items_returns_400" time="0.284" /><testcase classname="tests.test_variant_cart_and_orders.TestOrderVariants" name="test_order_unknown_product_id_returns_404" time="0.330" /></testsuite></testsuites>